{"/Users/bienbrylesanico/Documents/RnTraining/capstone-project/src/components/LazyLoaders/loader.tsx": {"path":"/Users/bienbrylesanico/Documents/RnTraining/capstone-project/src/components/LazyLoaders/loader.tsx","statementMap":{"0":{"start":{"line":9,"column":45},"end":{"line":20,"column":1}},"1":{"start":{"line":10,"column":2},"end":{"line":19,"column":4}},"2":{"start":{"line":22,"column":15},"end":{"line":27,"column":2}}},"fnMap":{"0":{"name":"(anonymous_0)","decl":{"start":{"line":9,"column":45},"end":{"line":9,"column":46}},"loc":{"start":{"line":9,"column":65},"end":{"line":20,"column":1}},"line":9}},"branchMap":{"0":{"loc":{"start":{"line":9,"column":48},"end":{"line":9,"column":58}},"type":"default-arg","locations":[{"start":{"line":9,"column":55},"end":{"line":9,"column":58}}],"line":9}},"s":{"0":0,"1":0,"2":0},"f":{"0":0},"b":{"0":[0]}}
,"/Users/bienbrylesanico/Documents/RnTraining/capstone-project/src/components/LazyLoaders/loaderSearch.tsx": {"path":"/Users/bienbrylesanico/Documents/RnTraining/capstone-project/src/components/LazyLoaders/loaderSearch.tsx","statementMap":{"0":{"start":{"line":9,"column":57},"end":{"line":20,"column":1}},"1":{"start":{"line":10,"column":2},"end":{"line":19,"column":4}},"2":{"start":{"line":22,"column":15},"end":{"line":27,"column":2}}},"fnMap":{"0":{"name":"(anonymous_0)","decl":{"start":{"line":9,"column":57},"end":{"line":9,"column":58}},"loc":{"start":{"line":9,"column":77},"end":{"line":20,"column":1}},"line":9}},"branchMap":{"0":{"loc":{"start":{"line":9,"column":60},"end":{"line":9,"column":70}},"type":"default-arg","locations":[{"start":{"line":9,"column":67},"end":{"line":9,"column":70}}],"line":9}},"s":{"0":0,"1":0,"2":0},"f":{"0":0},"b":{"0":[0]}}
,"/Users/bienbrylesanico/Documents/RnTraining/capstone-project/src/components/navigation/TabSelector.tsx": {"path":"/Users/bienbrylesanico/Documents/RnTraining/capstone-project/src/components/navigation/TabSelector.tsx","statementMap":{"0":{"start":{"line":22,"column":2},"end":{"line":40,"column":4}},"1":{"start":{"line":25,"column":25},"end":{"line":25,"column":51}},"2":{"start":{"line":26,"column":8},"end":{"line":37,"column":10}},"3":{"start":{"line":30,"column":27},"end":{"line":30,"column":47}},"4":{"start":{"line":43,"column":15},"end":{"line":76,"column":2}}},"fnMap":{"0":{"name":"TabSelector","decl":{"start":{"line":17,"column":24},"end":{"line":17,"column":35}},"loc":{"start":{"line":21,"column":21},"end":{"line":41,"column":1}},"line":21},"1":{"name":"(anonymous_1)","decl":{"start":{"line":24,"column":16},"end":{"line":24,"column":17}},"loc":{"start":{"line":24,"column":25},"end":{"line":38,"column":7}},"line":24},"2":{"name":"(anonymous_2)","decl":{"start":{"line":30,"column":21},"end":{"line":30,"column":22}},"loc":{"start":{"line":30,"column":27},"end":{"line":30,"column":47}},"line":30}},"branchMap":{"0":{"loc":{"start":{"line":29,"column":32},"end":{"line":29,"column":60}},"type":"binary-expr","locations":[{"start":{"line":29,"column":32},"end":{"line":29,"column":40}},{"start":{"line":29,"column":44},"end":{"line":29,"column":60}}],"line":29},"1":{"loc":{"start":{"line":32,"column":42},"end":{"line":32,"column":74}},"type":"binary-expr","locations":[{"start":{"line":32,"column":42},"end":{"line":32,"column":50}},{"start":{"line":32,"column":54},"end":{"line":32,"column":74}}],"line":32},"2":{"loc":{"start":{"line":35,"column":13},"end":{"line":35,"column":61}},"type":"binary-expr","locations":[{"start":{"line":35,"column":13},"end":{"line":35,"column":21}},{"start":{"line":35,"column":25},"end":{"line":35,"column":61}}],"line":35}},"s":{"0":0,"1":0,"2":0,"3":0,"4":0},"f":{"0":0,"1":0,"2":0},"b":{"0":[0,0],"1":[0,0],"2":[0,0]}}
,"/Users/bienbrylesanico/Documents/RnTraining/capstone-project/src/components/ui/CategoryFilter.tsx": {"path":"/Users/bienbrylesanico/Documents/RnTraining/capstone-project/src/components/ui/CategoryFilter.tsx","statementMap":{"0":{"start":{"line":12,"column":25},"end":{"line":12,"column":36}},"1":{"start":{"line":14,"column":2},"end":{"line":42,"column":4}},"2":{"start":{"line":22,"column":10},"end":{"line":38,"column":29}},"3":{"start":{"line":28,"column":27},"end":{"line":28,"column":53}},"4":{"start":{"line":45,"column":15},"end":{"line":76,"column":2}}},"fnMap":{"0":{"name":"CategoryFilter","decl":{"start":{"line":10,"column":24},"end":{"line":10,"column":38}},"loc":{"start":{"line":10,"column":100},"end":{"line":43,"column":1}},"line":10},"1":{"name":"(anonymous_1)","decl":{"start":{"line":21,"column":24},"end":{"line":21,"column":25}},"loc":{"start":{"line":22,"column":10},"end":{"line":38,"column":29}},"line":22},"2":{"name":"(anonymous_2)","decl":{"start":{"line":28,"column":21},"end":{"line":28,"column":22}},"loc":{"start":{"line":28,"column":27},"end":{"line":28,"column":53}},"line":28}},"branchMap":{"0":{"loc":{"start":{"line":26,"column":14},"end":{"line":26,"column":70}},"type":"binary-expr","locations":[{"start":{"line":26,"column":14},"end":{"line":26,"column":43}},{"start":{"line":26,"column":47},"end":{"line":26,"column":70}}],"line":26},"1":{"loc":{"start":{"line":33,"column":16},"end":{"line":33,"column":76}},"type":"binary-expr","locations":[{"start":{"line":33,"column":16},"end":{"line":33,"column":45}},{"start":{"line":33,"column":49},"end":{"line":33,"column":76}}],"line":33}},"s":{"0":0,"1":0,"2":0,"3":0,"4":0},"f":{"0":0,"1":0,"2":0},"b":{"0":[0,0],"1":[0,0]}}
,"/Users/bienbrylesanico/Documents/RnTraining/capstone-project/src/components/ui/ScreenHeader.tsx": {"path":"/Users/bienbrylesanico/Documents/RnTraining/capstone-project/src/components/ui/ScreenHeader.tsx","statementMap":{"0":{"start":{"line":17,"column":2},"end":{"line":35,"column":4}},"1":{"start":{"line":38,"column":15},"end":{"line":84,"column":2}}},"fnMap":{"0":{"name":"ScreenHeader","decl":{"start":{"line":12,"column":24},"end":{"line":12,"column":36}},"loc":{"start":{"line":16,"column":22},"end":{"line":36,"column":1}},"line":16}},"branchMap":{"0":{"loc":{"start":{"line":31,"column":11},"end":{"line":31,"column":76}},"type":"cond-expr","locations":[{"start":{"line":31,"column":26},"end":{"line":31,"column":38}},{"start":{"line":31,"column":41},"end":{"line":31,"column":76}}],"line":31},"1":{"loc":{"start":{"line":61,"column":15},"end":{"line":61,"column":46}},"type":"cond-expr","locations":[{"start":{"line":61,"column":39},"end":{"line":61,"column":41}},{"start":{"line":61,"column":44},"end":{"line":61,"column":46}}],"line":61}},"s":{"0":0,"1":0},"f":{"0":0},"b":{"0":[0,0],"1":[0,0]}}
,"/Users/bienbrylesanico/Documents/RnTraining/capstone-project/src/components/ui/SearchBar.tsx": {"path":"/Users/bienbrylesanico/Documents/RnTraining/capstone-project/src/components/ui/SearchBar.tsx","statementMap":{"0":{"start":{"line":12,"column":2},"end":{"line":28,"column":4}},"1":{"start":{"line":31,"column":15},"end":{"line":66,"column":2}}},"fnMap":{"0":{"name":"SearchBar","decl":{"start":{"line":11,"column":24},"end":{"line":11,"column":33}},"loc":{"start":{"line":11,"column":90},"end":{"line":29,"column":1}},"line":11}},"branchMap":{},"s":{"0":0,"1":0},"f":{"0":0},"b":{}}
,"/Users/bienbrylesanico/Documents/RnTraining/capstone-project/src/components/ui/Cards/EventCard.tsx": {"path":"/Users/bienbrylesanico/Documents/RnTraining/capstone-project/src/components/ui/Cards/EventCard.tsx","statementMap":{"0":{"start":{"line":16,"column":40},"end":{"line":16,"column":54}},"1":{"start":{"line":17,"column":26},"end":{"line":17,"column":54}},"2":{"start":{"line":18,"column":22},"end":{"line":18,"column":31}},"3":{"start":{"line":19,"column":21},"end":{"line":19,"column":36}},"4":{"start":{"line":21,"column":30},"end":{"line":35,"column":3}},"5":{"start":{"line":22,"column":4},"end":{"line":22,"column":24}},"6":{"start":{"line":23,"column":4},"end":{"line":33,"column":5}},"7":{"start":{"line":24,"column":8},"end":{"line":31,"column":10}},"8":{"start":{"line":29,"column":44},"end":{"line":29,"column":81}},"9":{"start":{"line":32,"column":8},"end":{"line":32,"column":15}},"10":{"start":{"line":34,"column":4},"end":{"line":34,"column":26}},"11":{"start":{"line":37,"column":2},"end":{"line":90,"column":4}},"12":{"start":{"line":94,"column":15},"end":{"line":186,"column":2}}},"fnMap":{"0":{"name":"EventCard","decl":{"start":{"line":15,"column":24},"end":{"line":15,"column":33}},"loc":{"start":{"line":15,"column":70},"end":{"line":91,"column":1}},"line":15},"1":{"name":"(anonymous_1)","decl":{"start":{"line":21,"column":30},"end":{"line":21,"column":31}},"loc":{"start":{"line":21,"column":42},"end":{"line":35,"column":3}},"line":21},"2":{"name":"(anonymous_2)","decl":{"start":{"line":29,"column":38},"end":{"line":29,"column":39}},"loc":{"start":{"line":29,"column":44},"end":{"line":29,"column":81}},"line":29}},"branchMap":{"0":{"loc":{"start":{"line":23,"column":4},"end":{"line":33,"column":5}},"type":"if","locations":[{"start":{"line":23,"column":4},"end":{"line":33,"column":5}},{"start":{},"end":{}}],"line":23},"1":{"loc":{"start":{"line":52,"column":20},"end":{"line":52,"column":63}},"type":"cond-expr","locations":[{"start":{"line":52,"column":38},"end":{"line":52,"column":45}},{"start":{"line":52,"column":48},"end":{"line":52,"column":63}}],"line":52},"2":{"loc":{"start":{"line":54,"column":21},"end":{"line":54,"column":57}},"type":"cond-expr","locations":[{"start":{"line":54,"column":39},"end":{"line":54,"column":48}},{"start":{"line":54,"column":51},"end":{"line":54,"column":57}}],"line":54},"3":{"loc":{"start":{"line":85,"column":47},"end":{"line":85,"column":90}},"type":"binary-expr","locations":[{"start":{"line":85,"column":47},"end":{"line":85,"column":72}},{"start":{"line":85,"column":76},"end":{"line":85,"column":90}}],"line":85}},"s":{"0":0,"1":0,"2":0,"3":0,"4":0,"5":0,"6":0,"7":0,"8":0,"9":0,"10":0,"11":0,"12":0},"f":{"0":0,"1":0,"2":0},"b":{"0":[0,0],"1":[0,0],"2":[0,0],"3":[0,0]}}
,"/Users/bienbrylesanico/Documents/RnTraining/capstone-project/src/components/ui/Cards/MyEventCard.tsx": {"path":"/Users/bienbrylesanico/Documents/RnTraining/capstone-project/src/components/ui/Cards/MyEventCard.tsx","statementMap":{"0":{"start":{"line":26,"column":2},"end":{"line":76,"column":4}},"1":{"start":{"line":79,"column":15},"end":{"line":159,"column":2}}},"fnMap":{"0":{"name":"MyEventCard","decl":{"start":{"line":20,"column":24},"end":{"line":20,"column":35}},"loc":{"start":{"line":25,"column":21},"end":{"line":77,"column":1}},"line":25}},"branchMap":{},"s":{"0":0,"1":0},"f":{"0":0},"b":{}}
,"/Users/bienbrylesanico/Documents/RnTraining/capstone-project/src/components/ui/Cards/TicketCard.tsx": {"path":"/Users/bienbrylesanico/Documents/RnTraining/capstone-project/src/components/ui/Cards/TicketCard.tsx","statementMap":{"0":{"start":{"line":15,"column":2},"end":{"line":66,"column":4}},"1":{"start":{"line":69,"column":15},"end":{"line":160,"column":2}}},"fnMap":{"0":{"name":"TicketCard","decl":{"start":{"line":13,"column":24},"end":{"line":13,"column":34}},"loc":{"start":{"line":13,"column":73},"end":{"line":67,"column":1}},"line":13}},"branchMap":{"0":{"loc":{"start":{"line":158,"column":21},"end":{"line":158,"column":70}},"type":"cond-expr","locations":[{"start":{"line":158,"column":45},"end":{"line":158,"column":56}},{"start":{"line":158,"column":59},"end":{"line":158,"column":70}}],"line":158}},"s":{"0":0,"1":0},"f":{"0":0},"b":{"0":[0,0]}}
,"/Users/bienbrylesanico/Documents/RnTraining/capstone-project/src/components/ui/Errors/EmptyState.tsx": {"path":"/Users/bienbrylesanico/Documents/RnTraining/capstone-project/src/components/ui/Errors/EmptyState.tsx","statementMap":{"0":{"start":{"line":15,"column":25},"end":{"line":21,"column":1}},"1":{"start":{"line":16,"column":2},"end":{"line":20,"column":9}},"2":{"start":{"line":23,"column":35},"end":{"line":40,"column":1}},"3":{"start":{"line":30,"column":2},"end":{"line":39,"column":9}},"4":{"start":{"line":42,"column":53},"end":{"line":65,"column":1}},"5":{"start":{"line":50,"column":21},"end":{"line":50,"column":36}},"6":{"start":{"line":52,"column":22},"end":{"line":56,"column":3}},"7":{"start":{"line":53,"column":4},"end":{"line":55,"column":5}},"8":{"start":{"line":54,"column":6},"end":{"line":54,"column":47}},"9":{"start":{"line":58,"column":2},"end":{"line":64,"column":4}},"10":{"start":{"line":67,"column":15},"end":{"line":114,"column":2}}},"fnMap":{"0":{"name":"(anonymous_0)","decl":{"start":{"line":15,"column":25},"end":{"line":15,"column":26}},"loc":{"start":{"line":16,"column":2},"end":{"line":20,"column":9}},"line":16},"1":{"name":"(anonymous_1)","decl":{"start":{"line":23,"column":35},"end":{"line":23,"column":36}},"loc":{"start":{"line":30,"column":2},"end":{"line":39,"column":9}},"line":30},"2":{"name":"(anonymous_2)","decl":{"start":{"line":42,"column":53},"end":{"line":42,"column":54}},"loc":{"start":{"line":49,"column":6},"end":{"line":65,"column":1}},"line":49},"3":{"name":"(anonymous_3)","decl":{"start":{"line":52,"column":22},"end":{"line":52,"column":23}},"loc":{"start":{"line":52,"column":28},"end":{"line":56,"column":3}},"line":52}},"branchMap":{"0":{"loc":{"start":{"line":43,"column":2},"end":{"line":43,"column":19}},"type":"default-arg","locations":[{"start":{"line":43,"column":14},"end":{"line":43,"column":19}}],"line":43},"1":{"loc":{"start":{"line":44,"column":2},"end":{"line":44,"column":23}},"type":"default-arg","locations":[{"start":{"line":44,"column":15},"end":{"line":44,"column":23}}],"line":44},"2":{"loc":{"start":{"line":53,"column":4},"end":{"line":55,"column":5}},"type":"if","locations":[{"start":{"line":53,"column":4},"end":{"line":55,"column":5}},{"start":{},"end":{}}],"line":53},"3":{"loc":{"start":{"line":60,"column":7},"end":{"line":62,"column":48}},"type":"cond-expr","locations":[{"start":{"line":61,"column":10},"end":{"line":61,"column":83}},{"start":{"line":62,"column":10},"end":{"line":62,"column":48}}],"line":60}},"s":{"0":0,"1":0,"2":0,"3":0,"4":0,"5":0,"6":0,"7":0,"8":0,"9":0,"10":0},"f":{"0":0,"1":0,"2":0,"3":0},"b":{"0":[0],"1":[0],"2":[0,0],"3":[0,0]}}
,"/Users/bienbrylesanico/Documents/RnTraining/capstone-project/src/components/ui/Errors/offlineState.tsx": {"path":"/Users/bienbrylesanico/Documents/RnTraining/capstone-project/src/components/ui/Errors/offlineState.tsx","statementMap":{"0":{"start":{"line":10,"column":57},"end":{"line":18,"column":1}},"1":{"start":{"line":11,"column":2},"end":{"line":17,"column":4}},"2":{"start":{"line":20,"column":15},"end":{"line":41,"column":2}}},"fnMap":{"0":{"name":"(anonymous_0)","decl":{"start":{"line":10,"column":57},"end":{"line":10,"column":58}},"loc":{"start":{"line":10,"column":85},"end":{"line":18,"column":1}},"line":10}},"branchMap":{},"s":{"0":0,"1":0,"2":0},"f":{"0":0},"b":{}}
,"/Users/bienbrylesanico/Documents/RnTraining/capstone-project/src/components/ui/SnackBars/NetworkSnackbar.tsx": {"path":"/Users/bienbrylesanico/Documents/RnTraining/capstone-project/src/components/ui/SnackBars/NetworkSnackbar.tsx","statementMap":{"0":{"start":{"line":9,"column":25},"end":{"line":25,"column":1}},"1":{"start":{"line":10,"column":2},"end":{"line":10,"column":33}},"2":{"start":{"line":10,"column":16},"end":{"line":10,"column":33}},"3":{"start":{"line":12,"column":27},"end":{"line":12,"column":48}},"4":{"start":{"line":15,"column":2},"end":{"line":22,"column":3}},"5":{"start":{"line":21,"column":4},"end":{"line":21,"column":21}},"6":{"start":{"line":24,"column":2},"end":{"line":24,"column":19}},"7":{"start":{"line":27,"column":31},"end":{"line":74,"column":1}},"8":{"start":{"line":28,"column":34},"end":{"line":28,"column":52}},"9":{"start":{"line":29,"column":32},"end":{"line":29,"column":47}},"10":{"start":{"line":30,"column":46},"end":{"line":30,"column":75}},"11":{"start":{"line":31,"column":21},"end":{"line":31,"column":71}},"12":{"start":{"line":33,"column":2},"end":{"line":49,"column":41}},"13":{"start":{"line":34,"column":4},"end":{"line":48,"column":5}},"14":{"start":{"line":35,"column":6},"end":{"line":47,"column":7}},"15":{"start":{"line":36,"column":8},"end":{"line":36,"column":26}},"16":{"start":{"line":37,"column":8},"end":{"line":37,"column":65}},"17":{"start":{"line":37,"column":32},"end":{"line":37,"column":65}},"18":{"start":{"line":40,"column":8},"end":{"line":43,"column":16}},"19":{"start":{"line":41,"column":10},"end":{"line":41,"column":37}},"20":{"start":{"line":42,"column":10},"end":{"line":42,"column":27}},"21":{"start":{"line":45,"column":8},"end":{"line":45,"column":35}},"22":{"start":{"line":46,"column":8},"end":{"line":46,"column":25}},"23":{"start":{"line":51,"column":24},"end":{"line":60,"column":3}},"24":{"start":{"line":52,"column":4},"end":{"line":52,"column":22}},"25":{"start":{"line":54,"column":4},"end":{"line":59,"column":12}},"26":{"start":{"line":56,"column":6},"end":{"line":58,"column":7}},"27":{"start":{"line":57,"column":8},"end":{"line":57,"column":25}},"28":{"start":{"line":62,"column":2},"end":{"line":73,"column":4}}},"fnMap":{"0":{"name":"(anonymous_0)","decl":{"start":{"line":9,"column":25},"end":{"line":9,"column":26}},"loc":{"start":{"line":9,"column":61},"end":{"line":25,"column":1}},"line":9},"1":{"name":"(anonymous_1)","decl":{"start":{"line":27,"column":31},"end":{"line":27,"column":32}},"loc":{"start":{"line":27,"column":37},"end":{"line":74,"column":1}},"line":27},"2":{"name":"(anonymous_2)","decl":{"start":{"line":33,"column":12},"end":{"line":33,"column":13}},"loc":{"start":{"line":33,"column":18},"end":{"line":49,"column":3}},"line":33},"3":{"name":"(anonymous_3)","decl":{"start":{"line":40,"column":40},"end":{"line":40,"column":41}},"loc":{"start":{"line":40,"column":46},"end":{"line":43,"column":9}},"line":40},"4":{"name":"(anonymous_4)","decl":{"start":{"line":51,"column":24},"end":{"line":51,"column":25}},"loc":{"start":{"line":51,"column":30},"end":{"line":60,"column":3}},"line":51},"5":{"name":"(anonymous_5)","decl":{"start":{"line":54,"column":15},"end":{"line":54,"column":16}},"loc":{"start":{"line":54,"column":21},"end":{"line":59,"column":5}},"line":54}},"branchMap":{"0":{"loc":{"start":{"line":10,"column":2},"end":{"line":10,"column":33}},"type":"if","locations":[{"start":{"line":10,"column":2},"end":{"line":10,"column":33}},{"start":{},"end":{}}],"line":10},"1":{"loc":{"start":{"line":15,"column":2},"end":{"line":22,"column":3}},"type":"if","locations":[{"start":{"line":15,"column":2},"end":{"line":22,"column":3}},{"start":{},"end":{}}],"line":15},"2":{"loc":{"start":{"line":16,"column":4},"end":{"line":19,"column":38}},"type":"binary-expr","locations":[{"start":{"line":16,"column":4},"end":{"line":16,"column":40}},{"start":{"line":17,"column":4},"end":{"line":17,"column":37}},{"start":{"line":18,"column":4},"end":{"line":18,"column":39}},{"start":{"line":19,"column":4},"end":{"line":19,"column":38}}],"line":16},"3":{"loc":{"start":{"line":34,"column":4},"end":{"line":48,"column":5}},"type":"if","locations":[{"start":{"line":34,"column":4},"end":{"line":48,"column":5}},{"start":{},"end":{}}],"line":34},"4":{"loc":{"start":{"line":34,"column":8},"end":{"line":34,"column":45}},"type":"binary-expr","locations":[{"start":{"line":34,"column":8},"end":{"line":34,"column":15}},{"start":{"line":34,"column":19},"end":{"line":34,"column":45}}],"line":34},"5":{"loc":{"start":{"line":35,"column":6},"end":{"line":47,"column":7}},"type":"if","locations":[{"start":{"line":35,"column":6},"end":{"line":47,"column":7}},{"start":{"line":44,"column":13},"end":{"line":47,"column":7}}],"line":35},"6":{"loc":{"start":{"line":37,"column":8},"end":{"line":37,"column":65}},"type":"if","locations":[{"start":{"line":37,"column":8},"end":{"line":37,"column":65}},{"start":{},"end":{}}],"line":37},"7":{"loc":{"start":{"line":56,"column":6},"end":{"line":58,"column":7}},"type":"if","locations":[{"start":{"line":56,"column":6},"end":{"line":58,"column":7}},{"start":{},"end":{}}],"line":56}},"s":{"0":0,"1":0,"2":0,"3":0,"4":0,"5":0,"6":0,"7":0,"8":0,"9":0,"10":0,"11":0,"12":0,"13":0,"14":0,"15":0,"16":0,"17":0,"18":0,"19":0,"20":0,"21":0,"22":0,"23":0,"24":0,"25":0,"26":0,"27":0,"28":0},"f":{"0":0,"1":0,"2":0,"3":0,"4":0,"5":0},"b":{"0":[0,0],"1":[0,0],"2":[0,0,0,0],"3":[0,0],"4":[0,0],"5":[0,0],"6":[0,0],"7":[0,0]}}
,"/Users/bienbrylesanico/Documents/RnTraining/capstone-project/src/constants/firebaseConstants.ts": {"path":"/Users/bienbrylesanico/Documents/RnTraining/capstone-project/src/constants/firebaseConstants.ts","statementMap":{"0":{"start":{"line":6,"column":44},"end":{"line":10,"column":1}},"1":{"start":{"line":15,"column":42},"end":{"line":20,"column":10}},"2":{"start":{"line":28,"column":40},"end":{"line":33,"column":10}}},"fnMap":{},"branchMap":{},"s":{"0":1,"1":1,"2":1},"f":{},"b":{},"_coverageSchema":"1a1c01bbd47fc00a2c39e90264f33305004495a9","hash":"62e9930f52129568a6a476ea284bb34f00d5a742"}
,"/Users/bienbrylesanico/Documents/RnTraining/capstone-project/src/hooks/useDateTimePicker.tsx": {"path":"/Users/bienbrylesanico/Documents/RnTraining/capstone-project/src/hooks/useDateTimePicker.tsx","statementMap":{"0":{"start":{"line":12,"column":33},"end":{"line":122,"column":1}},"1":{"start":{"line":13,"column":50},"end":{"line":13,"column":71}},"2":{"start":{"line":14,"column":38},"end":{"line":14,"column":76}},"3":{"start":{"line":17,"column":42},"end":{"line":17,"column":63}},"4":{"start":{"line":20,"column":24},"end":{"line":23,"column":3}},"5":{"start":{"line":21,"column":10},"end":{"line":21,"column":48}},"6":{"start":{"line":24,"column":24},"end":{"line":27,"column":3}},"7":{"start":{"line":25,"column":10},"end":{"line":25,"column":43}},"8":{"start":{"line":29,"column":21},"end":{"line":32,"column":3}},"9":{"start":{"line":30,"column":4},"end":{"line":30,"column":38}},"10":{"start":{"line":31,"column":4},"end":{"line":31,"column":24}},"11":{"start":{"line":34,"column":21},"end":{"line":36,"column":3}},"12":{"start":{"line":35,"column":4},"end":{"line":35,"column":24}},"13":{"start":{"line":38,"column":25},"end":{"line":48,"column":3}},"14":{"start":{"line":39,"column":4},"end":{"line":47,"column":5}},"15":{"start":{"line":40,"column":6},"end":{"line":40,"column":19}},"16":{"start":{"line":41,"column":6},"end":{"line":43,"column":7}},"17":{"start":{"line":42,"column":8},"end":{"line":42,"column":41}},"18":{"start":{"line":44,"column":11},"end":{"line":47,"column":5}},"19":{"start":{"line":46,"column":6},"end":{"line":46,"column":35}},"20":{"start":{"line":50,"column":33},"end":{"line":53,"column":3}},"21":{"start":{"line":51,"column":4},"end":{"line":51,"column":38}},"22":{"start":{"line":52,"column":4},"end":{"line":52,"column":17}},"23":{"start":{"line":55,"column":32},"end":{"line":57,"column":3}},"24":{"start":{"line":56,"column":4},"end":{"line":56,"column":17}},"25":{"start":{"line":62,"column":31},"end":{"line":112,"column":3}},"26":{"start":{"line":63,"column":4},"end":{"line":74,"column":5}},"27":{"start":{"line":64,"column":6},"end":{"line":73,"column":8}},"28":{"start":{"line":76,"column":4},"end":{"line":109,"column":5}},"29":{"start":{"line":77,"column":6},"end":{"line":108,"column":8}},"30":{"start":{"line":111,"column":4},"end":{"line":111,"column":16}},"31":{"start":{"line":114,"column":2},"end":{"line":121,"column":4}},"32":{"start":{"line":124,"column":15},"end":{"line":145,"column":2}}},"fnMap":{"0":{"name":"(anonymous_0)","decl":{"start":{"line":12,"column":33},"end":{"line":12,"column":34}},"loc":{"start":{"line":12,"column":56},"end":{"line":122,"column":1}},"line":12},"1":{"name":"(anonymous_1)","decl":{"start":{"line":21,"column":4},"end":{"line":21,"column":5}},"loc":{"start":{"line":21,"column":10},"end":{"line":21,"column":48}},"line":21},"2":{"name":"(anonymous_2)","decl":{"start":{"line":25,"column":4},"end":{"line":25,"column":5}},"loc":{"start":{"line":25,"column":10},"end":{"line":25,"column":43}},"line":25},"3":{"name":"(anonymous_3)","decl":{"start":{"line":29,"column":21},"end":{"line":29,"column":22}},"loc":{"start":{"line":29,"column":48},"end":{"line":32,"column":3}},"line":29},"4":{"name":"(anonymous_4)","decl":{"start":{"line":34,"column":21},"end":{"line":34,"column":22}},"loc":{"start":{"line":34,"column":27},"end":{"line":36,"column":3}},"line":34},"5":{"name":"(anonymous_5)","decl":{"start":{"line":38,"column":25},"end":{"line":38,"column":26}},"loc":{"start":{"line":38,"column":77},"end":{"line":48,"column":3}},"line":38},"6":{"name":"(anonymous_6)","decl":{"start":{"line":50,"column":33},"end":{"line":50,"column":34}},"loc":{"start":{"line":50,"column":39},"end":{"line":53,"column":3}},"line":50},"7":{"name":"(anonymous_7)","decl":{"start":{"line":55,"column":32},"end":{"line":55,"column":33}},"loc":{"start":{"line":55,"column":38},"end":{"line":57,"column":3}},"line":55},"8":{"name":"(anonymous_8)","decl":{"start":{"line":62,"column":31},"end":{"line":62,"column":32}},"loc":{"start":{"line":62,"column":37},"end":{"line":112,"column":3}},"line":62}},"branchMap":{"0":{"loc":{"start":{"line":39,"column":4},"end":{"line":47,"column":5}},"type":"if","locations":[{"start":{"line":39,"column":4},"end":{"line":47,"column":5}},{"start":{"line":44,"column":11},"end":{"line":47,"column":5}}],"line":39},"1":{"loc":{"start":{"line":41,"column":6},"end":{"line":43,"column":7}},"type":"if","locations":[{"start":{"line":41,"column":6},"end":{"line":43,"column":7}},{"start":{},"end":{}}],"line":41},"2":{"loc":{"start":{"line":41,"column":10},"end":{"line":41,"column":45}},"type":"binary-expr","locations":[{"start":{"line":41,"column":10},"end":{"line":41,"column":30}},{"start":{"line":41,"column":34},"end":{"line":41,"column":45}}],"line":41},"3":{"loc":{"start":{"line":44,"column":11},"end":{"line":47,"column":5}},"type":"if","locations":[{"start":{"line":44,"column":11},"end":{"line":47,"column":5}},{"start":{},"end":{}}],"line":44},"4":{"loc":{"start":{"line":63,"column":4},"end":{"line":74,"column":5}},"type":"if","locations":[{"start":{"line":63,"column":4},"end":{"line":74,"column":5}},{"start":{},"end":{}}],"line":63},"5":{"loc":{"start":{"line":63,"column":8},"end":{"line":63,"column":47}},"type":"binary-expr","locations":[{"start":{"line":63,"column":8},"end":{"line":63,"column":33}},{"start":{"line":63,"column":37},"end":{"line":63,"column":47}}],"line":63},"6":{"loc":{"start":{"line":66,"column":18},"end":{"line":66,"column":69}},"type":"cond-expr","locations":[{"start":{"line":66,"column":42},"end":{"line":66,"column":54}},{"start":{"line":66,"column":57},"end":{"line":66,"column":69}}],"line":66},"7":{"loc":{"start":{"line":76,"column":4},"end":{"line":109,"column":5}},"type":"if","locations":[{"start":{"line":76,"column":4},"end":{"line":109,"column":5}},{"start":{},"end":{}}],"line":76},"8":{"loc":{"start":{"line":86,"column":15},"end":{"line":96,"column":15}},"type":"binary-expr","locations":[{"start":{"line":86,"column":15},"end":{"line":86,"column":25}},{"start":{"line":87,"column":16},"end":{"line":95,"column":18}}],"line":86},"9":{"loc":{"start":{"line":88,"column":26},"end":{"line":88,"column":77}},"type":"cond-expr","locations":[{"start":{"line":88,"column":50},"end":{"line":88,"column":62}},{"start":{"line":88,"column":65},"end":{"line":88,"column":77}}],"line":88}},"s":{"0":0,"1":0,"2":0,"3":0,"4":0,"5":0,"6":0,"7":0,"8":0,"9":0,"10":0,"11":0,"12":0,"13":0,"14":0,"15":0,"16":0,"17":0,"18":0,"19":0,"20":0,"21":0,"22":0,"23":0,"24":0,"25":0,"26":0,"27":0,"28":0,"29":0,"30":0,"31":0,"32":0},"f":{"0":0,"1":0,"2":0,"3":0,"4":0,"5":0,"6":0,"7":0,"8":0},"b":{"0":[0,0],"1":[0,0],"2":[0,0],"3":[0,0],"4":[0,0],"5":[0,0],"6":[0,0],"7":[0,0],"8":[0,0],"9":[0,0]}}
,"/Users/bienbrylesanico/Documents/RnTraining/capstone-project/src/hooks/useDebounce.ts": {"path":"/Users/bienbrylesanico/Documents/RnTraining/capstone-project/src/hooks/useDebounce.ts","statementMap":{"0":{"start":{"line":12,"column":46},"end":{"line":12,"column":64}},"1":{"start":{"line":14,"column":2},"end":{"line":26,"column":21}},"2":{"start":{"line":16,"column":20},"end":{"line":18,"column":13}},"3":{"start":{"line":17,"column":6},"end":{"line":17,"column":31}},"4":{"start":{"line":23,"column":4},"end":{"line":25,"column":6}},"5":{"start":{"line":24,"column":6},"end":{"line":24,"column":28}},"6":{"start":{"line":28,"column":2},"end":{"line":28,"column":24}}},"fnMap":{"0":{"name":"useDebounce","decl":{"start":{"line":10,"column":16},"end":{"line":10,"column":27}},"loc":{"start":{"line":10,"column":59},"end":{"line":29,"column":1}},"line":10},"1":{"name":"(anonymous_1)","decl":{"start":{"line":14,"column":12},"end":{"line":14,"column":13}},"loc":{"start":{"line":14,"column":18},"end":{"line":26,"column":3}},"line":14},"2":{"name":"(anonymous_2)","decl":{"start":{"line":16,"column":31},"end":{"line":16,"column":32}},"loc":{"start":{"line":16,"column":37},"end":{"line":18,"column":5}},"line":16},"3":{"name":"(anonymous_3)","decl":{"start":{"line":23,"column":11},"end":{"line":23,"column":12}},"loc":{"start":{"line":23,"column":17},"end":{"line":25,"column":5}},"line":23}},"branchMap":{},"s":{"0":10,"1":10,"2":8,"3":2,"4":8,"5":8,"6":10},"f":{"0":10,"1":8,"2":2,"3":8},"b":{},"_coverageSchema":"1a1c01bbd47fc00a2c39e90264f33305004495a9","hash":"b012555cb475b59891a792287176f62711d59686"}
,"/Users/bienbrylesanico/Documents/RnTraining/capstone-project/src/hooks/useEventSubscription.ts": {"path":"/Users/bienbrylesanico/Documents/RnTraining/capstone-project/src/hooks/useEventSubscription.ts","statementMap":{"0":{"start":{"line":13,"column":33},"end":{"line":13,"column":44}},"1":{"start":{"line":15,"column":2},"end":{"line":47,"column":36}},"2":{"start":{"line":17,"column":4},"end":{"line":17,"column":25}},"3":{"start":{"line":17,"column":18},"end":{"line":17,"column":25}},"4":{"start":{"line":20,"column":20},"end":{"line":41,"column":18}},"5":{"start":{"line":31,"column":10},"end":{"line":31,"column":74}},"6":{"start":{"line":34,"column":31},"end":{"line":34,"column":55}},"7":{"start":{"line":38,"column":10},"end":{"line":38,"column":43}},"8":{"start":{"line":44,"column":4},"end":{"line":46,"column":6}},"9":{"start":{"line":45,"column":6},"end":{"line":45,"column":38}}},"fnMap":{"0":{"name":"useEventSubscription","decl":{"start":{"line":12,"column":24},"end":{"line":12,"column":44}},"loc":{"start":{"line":12,"column":69},"end":{"line":48,"column":1}},"line":12},"1":{"name":"(anonymous_1)","decl":{"start":{"line":15,"column":12},"end":{"line":15,"column":13}},"loc":{"start":{"line":15,"column":18},"end":{"line":47,"column":3}},"line":15},"2":{"name":"(anonymous_2)","decl":{"start":{"line":30,"column":8},"end":{"line":30,"column":9}},"loc":{"start":{"line":30,"column":21},"end":{"line":39,"column":9}},"line":30},"3":{"name":"(anonymous_3)","decl":{"start":{"line":44,"column":11},"end":{"line":44,"column":12}},"loc":{"start":{"line":44,"column":17},"end":{"line":46,"column":5}},"line":44}},"branchMap":{"0":{"loc":{"start":{"line":17,"column":4},"end":{"line":17,"column":25}},"type":"if","locations":[{"start":{"line":17,"column":4},"end":{"line":17,"column":25}},{"start":{},"end":{}}],"line":17}},"s":{"0":0,"1":0,"2":0,"3":0,"4":0,"5":0,"6":0,"7":0,"8":0,"9":0},"f":{"0":0,"1":0,"2":0,"3":0},"b":{"0":[0,0]}}
,"/Users/bienbrylesanico/Documents/RnTraining/capstone-project/src/hooks/useImagePicker.tsx": {"path":"/Users/bienbrylesanico/Documents/RnTraining/capstone-project/src/hooks/useImagePicker.tsx","statementMap":{"0":{"start":{"line":10,"column":25},"end":{"line":10,"column":26}},"1":{"start":{"line":11,"column":28},"end":{"line":11,"column":68}},"2":{"start":{"line":16,"column":30},"end":{"line":99,"column":1}},"3":{"start":{"line":17,"column":38},"end":{"line":17,"column":66}},"4":{"start":{"line":18,"column":48},"end":{"line":18,"column":77}},"5":{"start":{"line":19,"column":38},"end":{"line":19,"column":67}},"6":{"start":{"line":21,"column":26},"end":{"line":21,"column":60}},"7":{"start":{"line":23,"column":26},"end":{"line":25,"column":3}},"8":{"start":{"line":24,"column":4},"end":{"line":24,"column":24}},"9":{"start":{"line":27,"column":28},"end":{"line":88,"column":3}},"10":{"start":{"line":28,"column":4},"end":{"line":28,"column":24}},"11":{"start":{"line":31,"column":4},"end":{"line":42,"column":5}},"12":{"start":{"line":32,"column":28},"end":{"line":32,"column":66}},"13":{"start":{"line":33,"column":6},"end":{"line":37,"column":7}},"14":{"start":{"line":35,"column":8},"end":{"line":35,"column":67}},"15":{"start":{"line":36,"column":8},"end":{"line":36,"column":15}},"16":{"start":{"line":39,"column":6},"end":{"line":39,"column":72}},"17":{"start":{"line":40,"column":6},"end":{"line":40,"column":70}},"18":{"start":{"line":41,"column":6},"end":{"line":41,"column":13}},"19":{"start":{"line":44,"column":4},"end":{"line":87,"column":6}},"20":{"start":{"line":53,"column":8},"end":{"line":56,"column":9}},"21":{"start":{"line":54,"column":10},"end":{"line":54,"column":53}},"22":{"start":{"line":55,"column":10},"end":{"line":55,"column":17}},"23":{"start":{"line":57,"column":8},"end":{"line":65,"column":9}},"24":{"start":{"line":58,"column":10},"end":{"line":58,"column":70}},"25":{"start":{"line":59,"column":10},"end":{"line":63,"column":11}},"26":{"start":{"line":60,"column":12},"end":{"line":60,"column":89}},"27":{"start":{"line":62,"column":12},"end":{"line":62,"column":78}},"28":{"start":{"line":64,"column":10},"end":{"line":64,"column":17}},"29":{"start":{"line":66,"column":8},"end":{"line":85,"column":9}},"30":{"start":{"line":67,"column":24},"end":{"line":67,"column":42}},"31":{"start":{"line":70,"column":10},"end":{"line":73,"column":11}},"32":{"start":{"line":71,"column":12},"end":{"line":71,"column":76}},"33":{"start":{"line":72,"column":12},"end":{"line":72,"column":19}},"34":{"start":{"line":74,"column":10},"end":{"line":77,"column":11}},"35":{"start":{"line":75,"column":12},"end":{"line":75,"column":89}},"36":{"start":{"line":76,"column":12},"end":{"line":76,"column":19}},"37":{"start":{"line":78,"column":10},"end":{"line":81,"column":11}},"38":{"start":{"line":79,"column":12},"end":{"line":79,"column":73}},"39":{"start":{"line":80,"column":12},"end":{"line":80,"column":19}},"40":{"start":{"line":83,"column":10},"end":{"line":83,"column":31}},"41":{"start":{"line":84,"column":10},"end":{"line":84,"column":75}},"42":{"start":{"line":90,"column":2},"end":{"line":98,"column":4}}},"fnMap":{"0":{"name":"(anonymous_0)","decl":{"start":{"line":16,"column":30},"end":{"line":16,"column":31}},"loc":{"start":{"line":16,"column":36},"end":{"line":99,"column":1}},"line":16},"1":{"name":"(anonymous_1)","decl":{"start":{"line":23,"column":26},"end":{"line":23,"column":27}},"loc":{"start":{"line":23,"column":32},"end":{"line":25,"column":3}},"line":23},"2":{"name":"(anonymous_2)","decl":{"start":{"line":27,"column":28},"end":{"line":27,"column":29}},"loc":{"start":{"line":27,"column":40},"end":{"line":88,"column":3}},"line":27},"3":{"name":"(anonymous_3)","decl":{"start":{"line":52,"column":6},"end":{"line":52,"column":7}},"loc":{"start":{"line":52,"column":20},"end":{"line":86,"column":7}},"line":52}},"branchMap":{"0":{"loc":{"start":{"line":21,"column":26},"end":{"line":21,"column":60}},"type":"binary-expr","locations":[{"start":{"line":21,"column":26},"end":{"line":21,"column":41}},{"start":{"line":21,"column":45},"end":{"line":21,"column":60}}],"line":21},"1":{"loc":{"start":{"line":33,"column":6},"end":{"line":37,"column":7}},"type":"if","locations":[{"start":{"line":33,"column":6},"end":{"line":37,"column":7}},{"start":{},"end":{}}],"line":33},"2":{"loc":{"start":{"line":53,"column":8},"end":{"line":56,"column":9}},"type":"if","locations":[{"start":{"line":53,"column":8},"end":{"line":56,"column":9}},{"start":{},"end":{}}],"line":53},"3":{"loc":{"start":{"line":57,"column":8},"end":{"line":65,"column":9}},"type":"if","locations":[{"start":{"line":57,"column":8},"end":{"line":65,"column":9}},{"start":{},"end":{}}],"line":57},"4":{"loc":{"start":{"line":59,"column":10},"end":{"line":63,"column":11}},"type":"if","locations":[{"start":{"line":59,"column":10},"end":{"line":63,"column":11}},{"start":{"line":61,"column":17},"end":{"line":63,"column":11}}],"line":59},"5":{"loc":{"start":{"line":62,"column":26},"end":{"line":62,"column":76}},"type":"binary-expr","locations":[{"start":{"line":62,"column":26},"end":{"line":62,"column":47}},{"start":{"line":62,"column":51},"end":{"line":62,"column":76}}],"line":62},"6":{"loc":{"start":{"line":66,"column":8},"end":{"line":85,"column":9}},"type":"if","locations":[{"start":{"line":66,"column":8},"end":{"line":85,"column":9}},{"start":{},"end":{}}],"line":66},"7":{"loc":{"start":{"line":66,"column":12},"end":{"line":66,"column":57}},"type":"binary-expr","locations":[{"start":{"line":66,"column":12},"end":{"line":66,"column":27}},{"start":{"line":66,"column":31},"end":{"line":66,"column":57}}],"line":66},"8":{"loc":{"start":{"line":70,"column":10},"end":{"line":73,"column":11}},"type":"if","locations":[{"start":{"line":70,"column":10},"end":{"line":73,"column":11}},{"start":{},"end":{}}],"line":70},"9":{"loc":{"start":{"line":74,"column":10},"end":{"line":77,"column":11}},"type":"if","locations":[{"start":{"line":74,"column":10},"end":{"line":77,"column":11}},{"start":{},"end":{}}],"line":74},"10":{"loc":{"start":{"line":78,"column":10},"end":{"line":81,"column":11}},"type":"if","locations":[{"start":{"line":78,"column":10},"end":{"line":81,"column":11}},{"start":{},"end":{}}],"line":78}},"s":{"0":1,"1":1,"2":1,"3":25,"4":25,"5":25,"6":25,"7":25,"8":1,"9":25,"10":12,"11":12,"12":12,"13":10,"14":1,"15":1,"16":2,"17":2,"18":2,"19":9,"20":9,"21":1,"22":1,"23":8,"24":3,"25":3,"26":1,"27":2,"28":3,"29":5,"30":5,"31":5,"32":1,"33":1,"34":4,"35":1,"36":1,"37":3,"38":1,"39":1,"40":2,"41":2,"42":25},"f":{"0":25,"1":1,"2":12,"3":9},"b":{"0":[25,23],"1":[1,9],"2":[1,8],"3":[3,5],"4":[1,2],"5":[2,1],"6":[5,0],"7":[5,5],"8":[1,4],"9":[1,3],"10":[1,2]},"_coverageSchema":"1a1c01bbd47fc00a2c39e90264f33305004495a9","hash":"1dfd50191b5ad973ad1e62cbf15e223dd1f3aec5"}
,"/Users/bienbrylesanico/Documents/RnTraining/capstone-project/src/hooks/useNetworkMonitor.ts": {"path":"/Users/bienbrylesanico/Documents/RnTraining/capstone-project/src/hooks/useNetworkMonitor.ts","statementMap":{"0":{"start":{"line":6,"column":51},"end":{"line":6,"column":69}},"1":{"start":{"line":8,"column":2},"end":{"line":33,"column":45}},"2":{"start":{"line":10,"column":30},"end":{"line":25,"column":5}},"3":{"start":{"line":11,"column":20},"end":{"line":11,"column":40}},"4":{"start":{"line":14,"column":6},"end":{"line":16,"column":7}},"5":{"start":{"line":15,"column":8},"end":{"line":15,"column":46}},"6":{"start":{"line":18,"column":6},"end":{"line":24,"column":7}},"7":{"start":{"line":19,"column":8},"end":{"line":19,"column":82}},"8":{"start":{"line":20,"column":8},"end":{"line":20,"column":70}},"9":{"start":{"line":23,"column":8},"end":{"line":23,"column":63}},"10":{"start":{"line":28,"column":4},"end":{"line":28,"column":49}},"11":{"start":{"line":31,"column":4},"end":{"line":31,"column":16}}},"fnMap":{"0":{"name":"useNetworkMonitor","decl":{"start":{"line":5,"column":16},"end":{"line":5,"column":33}},"loc":{"start":{"line":5,"column":36},"end":{"line":34,"column":1}},"line":5},"1":{"name":"(anonymous_1)","decl":{"start":{"line":8,"column":12},"end":{"line":8,"column":13}},"loc":{"start":{"line":8,"column":18},"end":{"line":33,"column":3}},"line":8},"2":{"name":"(anonymous_2)","decl":{"start":{"line":10,"column":30},"end":{"line":10,"column":31}},"loc":{"start":{"line":10,"column":42},"end":{"line":25,"column":5}},"line":10}},"branchMap":{"0":{"loc":{"start":{"line":14,"column":6},"end":{"line":16,"column":7}},"type":"if","locations":[{"start":{"line":14,"column":6},"end":{"line":16,"column":7}},{"start":{},"end":{}}],"line":14},"1":{"loc":{"start":{"line":18,"column":6},"end":{"line":24,"column":7}},"type":"if","locations":[{"start":{"line":18,"column":6},"end":{"line":24,"column":7}},{"start":{"line":21,"column":13},"end":{"line":24,"column":7}}],"line":18}},"s":{"0":0,"1":0,"2":0,"3":0,"4":0,"5":0,"6":0,"7":0,"8":0,"9":0,"10":0,"11":0},"f":{"0":0,"1":0,"2":0},"b":{"0":[0,0],"1":[0,0]}}
,"/Users/bienbrylesanico/Documents/RnTraining/capstone-project/src/lib/firebase.ts": {"path":"/Users/bienbrylesanico/Documents/RnTraining/capstone-project/src/lib/firebase.ts","statementMap":{"0":{"start":{"line":3,"column":20},"end":{"line":3,"column":63}}},"fnMap":{},"branchMap":{"0":{"loc":{"start":{"line":3,"column":20},"end":{"line":3,"column":63}},"type":"cond-expr","locations":[{"start":{"line":3,"column":43},"end":{"line":3,"column":51}},{"start":{"line":3,"column":54},"end":{"line":3,"column":63}}],"line":3}},"s":{"0":1},"f":{},"b":{"0":[1,0]},"_coverageSchema":"1a1c01bbd47fc00a2c39e90264f33305004495a9","hash":"67c67130cc4f55e235875953e98da2378979f482"}
,"/Users/bienbrylesanico/Documents/RnTraining/capstone-project/src/lib/supabase.ts": {"path":"/Users/bienbrylesanico/Documents/RnTraining/capstone-project/src/lib/supabase.ts","statementMap":{"0":{"start":{"line":6,"column":20},"end":{"line":6,"column":42}},"1":{"start":{"line":7,"column":24},"end":{"line":7,"column":51}},"2":{"start":{"line":9,"column":0},"end":{"line":11,"column":1}},"3":{"start":{"line":10,"column":2},"end":{"line":10,"column":132}},"4":{"start":{"line":13,"column":24},"end":{"line":20,"column":2}}},"fnMap":{},"branchMap":{"0":{"loc":{"start":{"line":9,"column":0},"end":{"line":11,"column":1}},"type":"if","locations":[{"start":{"line":9,"column":0},"end":{"line":11,"column":1}},{"start":{},"end":{}}],"line":9},"1":{"loc":{"start":{"line":9,"column":4},"end":{"line":9,"column":36}},"type":"binary-expr","locations":[{"start":{"line":9,"column":4},"end":{"line":9,"column":16}},{"start":{"line":9,"column":20},"end":{"line":9,"column":36}}],"line":9}},"s":{"0":0,"1":0,"2":0,"3":0,"4":0},"f":{},"b":{"0":[0,0],"1":[0,0]}}
,"/Users/bienbrylesanico/Documents/RnTraining/capstone-project/src/screens/DiscoverScreen.tsx": {"path":"/Users/bienbrylesanico/Documents/RnTraining/capstone-project/src/screens/DiscoverScreen.tsx","statementMap":{"0":{"start":{"line":42,"column":21},"end":{"line":42,"column":66}},"1":{"start":{"line":54,"column":6},"end":{"line":54,"column":17}},"2":{"start":{"line":56,"column":24},"end":{"line":56,"column":38}},"3":{"start":{"line":57,"column":40},"end":{"line":57,"column":52}},"4":{"start":{"line":58,"column":50},"end":{"line":58,"column":65}},"5":{"start":{"line":59,"column":25},"end":{"line":59,"column":54}},"6":{"start":{"line":60,"column":20},"end":{"line":60,"column":34}},"7":{"start":{"line":61,"column":22},"end":{"line":61,"column":68}},"8":{"start":{"line":61,"column":50},"end":{"line":61,"column":67}},"9":{"start":{"line":62,"column":25},"end":{"line":62,"column":37}},"10":{"start":{"line":64,"column":2},"end":{"line":71,"column":19}},"11":{"start":{"line":65,"column":4},"end":{"line":70,"column":7}},"12":{"start":{"line":74,"column":2},"end":{"line":76,"column":44}},"13":{"start":{"line":75,"column":4},"end":{"line":75,"column":65}},"14":{"start":{"line":79,"column":2},"end":{"line":91,"column":43}},"15":{"start":{"line":80,"column":4},"end":{"line":83,"column":5}},"16":{"start":{"line":81,"column":6},"end":{"line":81,"column":37}},"17":{"start":{"line":82,"column":6},"end":{"line":82,"column":13}},"18":{"start":{"line":85,"column":4},"end":{"line":90,"column":5}},"19":{"start":{"line":86,"column":6},"end":{"line":88,"column":8}},"20":{"start":{"line":89,"column":6},"end":{"line":89,"column":49}},"21":{"start":{"line":93,"column":24},"end":{"line":96,"column":3}},"22":{"start":{"line":94,"column":10},"end":{"line":94,"column":54}},"23":{"start":{"line":98,"column":22},"end":{"line":98,"column":70}},"24":{"start":{"line":101,"column":2},"end":{"line":105,"column":88}},"25":{"start":{"line":102,"column":4},"end":{"line":104,"column":5}},"26":{"start":{"line":103,"column":6},"end":{"line":103,"column":72}},"27":{"start":{"line":107,"column":27},"end":{"line":113,"column":3}},"28":{"start":{"line":108,"column":23},"end":{"line":108,"column":51}},"29":{"start":{"line":109,"column":4},"end":{"line":112,"column":7}},"30":{"start":{"line":116,"column":25},"end":{"line":120,"column":3}},"31":{"start":{"line":117,"column":4},"end":{"line":119,"column":5}},"32":{"start":{"line":118,"column":6},"end":{"line":118,"column":76}},"33":{"start":{"line":123,"column":24},"end":{"line":127,"column":68}},"34":{"start":{"line":124,"column":4},"end":{"line":126,"column":5}},"35":{"start":{"line":125,"column":6},"end":{"line":125,"column":81}},"36":{"start":{"line":129,"column":23},"end":{"line":138,"column":3}},"37":{"start":{"line":132,"column":4},"end":{"line":132,"column":50}},"38":{"start":{"line":132,"column":38},"end":{"line":132,"column":50}},"39":{"start":{"line":133,"column":4},"end":{"line":137,"column":6}},"40":{"start":{"line":140,"column":24},"end":{"line":191,"column":3}},"41":{"start":{"line":141,"column":3},"end":{"line":147,"column":5}},"42":{"start":{"line":142,"column":6},"end":{"line":146,"column":8}},"43":{"start":{"line":150,"column":4},"end":{"line":157,"column":5}},"44":{"start":{"line":151,"column":6},"end":{"line":156,"column":8}},"45":{"start":{"line":158,"column":4},"end":{"line":166,"column":5}},"46":{"start":{"line":159,"column":6},"end":{"line":165,"column":8}},"47":{"start":{"line":169,"column":4},"end":{"line":190,"column":6}},"48":{"start":{"line":172,"column":32},"end":{"line":172,"column":50}},"49":{"start":{"line":174,"column":10},"end":{"line":174,"column":75}},"50":{"start":{"line":174,"column":49},"end":{"line":174,"column":71}},"51":{"start":{"line":193,"column":2},"end":{"line":206,"column":4}},"52":{"start":{"line":209,"column":15},"end":{"line":227,"column":2}}},"fnMap":{"0":{"name":"DiscoverScreen","decl":{"start":{"line":41,"column":24},"end":{"line":41,"column":38}},"loc":{"start":{"line":41,"column":41},"end":{"line":207,"column":1}},"line":41},"1":{"name":"(anonymous_1)","decl":{"start":{"line":61,"column":39},"end":{"line":61,"column":40}},"loc":{"start":{"line":61,"column":50},"end":{"line":61,"column":67}},"line":61},"2":{"name":"(anonymous_2)","decl":{"start":{"line":64,"column":18},"end":{"line":64,"column":19}},"loc":{"start":{"line":64,"column":24},"end":{"line":71,"column":3}},"line":64},"3":{"name":"(anonymous_3)","decl":{"start":{"line":74,"column":12},"end":{"line":74,"column":13}},"loc":{"start":{"line":74,"column":18},"end":{"line":76,"column":3}},"line":74},"4":{"name":"(anonymous_4)","decl":{"start":{"line":79,"column":12},"end":{"line":79,"column":13}},"loc":{"start":{"line":79,"column":18},"end":{"line":91,"column":3}},"line":79},"5":{"name":"(anonymous_5)","decl":{"start":{"line":94,"column":4},"end":{"line":94,"column":5}},"loc":{"start":{"line":94,"column":10},"end":{"line":94,"column":54}},"line":94},"6":{"name":"(anonymous_6)","decl":{"start":{"line":101,"column":12},"end":{"line":101,"column":13}},"loc":{"start":{"line":101,"column":18},"end":{"line":105,"column":3}},"line":101},"7":{"name":"(anonymous_7)","decl":{"start":{"line":107,"column":27},"end":{"line":107,"column":28}},"loc":{"start":{"line":107,"column":45},"end":{"line":113,"column":3}},"line":107},"8":{"name":"(anonymous_8)","decl":{"start":{"line":116,"column":25},"end":{"line":116,"column":26}},"loc":{"start":{"line":116,"column":31},"end":{"line":120,"column":3}},"line":116},"9":{"name":"(anonymous_9)","decl":{"start":{"line":123,"column":36},"end":{"line":123,"column":37}},"loc":{"start":{"line":123,"column":48},"end":{"line":127,"column":3}},"line":123},"10":{"name":"(anonymous_10)","decl":{"start":{"line":129,"column":23},"end":{"line":129,"column":24}},"loc":{"start":{"line":129,"column":29},"end":{"line":138,"column":3}},"line":129},"11":{"name":"(anonymous_11)","decl":{"start":{"line":140,"column":24},"end":{"line":140,"column":25}},"loc":{"start":{"line":140,"column":30},"end":{"line":191,"column":3}},"line":140},"12":{"name":"(anonymous_12)","decl":{"start":{"line":172,"column":22},"end":{"line":172,"column":23}},"loc":{"start":{"line":172,"column":32},"end":{"line":172,"column":50}},"line":172},"13":{"name":"(anonymous_13)","decl":{"start":{"line":173,"column":20},"end":{"line":173,"column":21}},"loc":{"start":{"line":174,"column":10},"end":{"line":174,"column":75}},"line":174},"14":{"name":"(anonymous_14)","decl":{"start":{"line":174,"column":43},"end":{"line":174,"column":44}},"loc":{"start":{"line":174,"column":49},"end":{"line":174,"column":71}},"line":174},"15":{"name":"(anonymous_15)","decl":{"start":{"line":198,"column":23},"end":{"line":198,"column":24}},"loc":{"start":{"line":198,"column":29},"end":{"line":198,"column":31}},"line":198}},"branchMap":{"0":{"loc":{"start":{"line":80,"column":4},"end":{"line":83,"column":5}},"type":"if","locations":[{"start":{"line":80,"column":4},"end":{"line":83,"column":5}},{"start":{},"end":{}}],"line":80},"1":{"loc":{"start":{"line":85,"column":4},"end":{"line":90,"column":5}},"type":"if","locations":[{"start":{"line":85,"column":4},"end":{"line":90,"column":5}},{"start":{},"end":{}}],"line":85},"2":{"loc":{"start":{"line":85,"column":8},"end":{"line":85,"column":33}},"type":"binary-expr","locations":[{"start":{"line":85,"column":8},"end":{"line":85,"column":17}},{"start":{"line":85,"column":21},"end":{"line":85,"column":33}}],"line":85},"3":{"loc":{"start":{"line":98,"column":22},"end":{"line":98,"column":70}},"type":"cond-expr","locations":[{"start":{"line":98,"column":39},"end":{"line":98,"column":52}},{"start":{"line":98,"column":55},"end":{"line":98,"column":70}}],"line":98},"4":{"loc":{"start":{"line":102,"column":4},"end":{"line":104,"column":5}},"type":"if","locations":[{"start":{"line":102,"column":4},"end":{"line":104,"column":5}},{"start":{},"end":{}}],"line":102},"5":{"loc":{"start":{"line":102,"column":8},"end":{"line":102,"column":67}},"type":"binary-expr","locations":[{"start":{"line":102,"column":8},"end":{"line":102,"column":22}},{"start":{"line":102,"column":26},"end":{"line":102,"column":52}},{"start":{"line":102,"column":56},"end":{"line":102,"column":67}}],"line":102},"6":{"loc":{"start":{"line":117,"column":4},"end":{"line":119,"column":5}},"type":"if","locations":[{"start":{"line":117,"column":4},"end":{"line":119,"column":5}},{"start":{},"end":{}}],"line":117},"7":{"loc":{"start":{"line":117,"column":8},"end":{"line":117,"column":48}},"type":"binary-expr","locations":[{"start":{"line":117,"column":8},"end":{"line":117,"column":18}},{"start":{"line":117,"column":22},"end":{"line":117,"column":29}},{"start":{"line":117,"column":33},"end":{"line":117,"column":48}}],"line":117},"8":{"loc":{"start":{"line":124,"column":4},"end":{"line":126,"column":5}},"type":"if","locations":[{"start":{"line":124,"column":4},"end":{"line":126,"column":5}},{"start":{},"end":{}}],"line":124},"9":{"loc":{"start":{"line":132,"column":4},"end":{"line":132,"column":50}},"type":"if","locations":[{"start":{"line":132,"column":4},"end":{"line":132,"column":50}},{"start":{},"end":{}}],"line":132},"10":{"loc":{"start":{"line":132,"column":8},"end":{"line":132,"column":36}},"type":"binary-expr","locations":[{"start":{"line":132,"column":8},"end":{"line":132,"column":18}},{"start":{"line":132,"column":22},"end":{"line":132,"column":36}}],"line":132},"11":{"loc":{"start":{"line":141,"column":3},"end":{"line":147,"column":5}},"type":"if","locations":[{"start":{"line":141,"column":3},"end":{"line":147,"column":5}},{"start":{},"end":{}}],"line":141},"12":{"loc":{"start":{"line":141,"column":7},"end":{"line":141,"column":59}},"type":"binary-expr","locations":[{"start":{"line":141,"column":8},"end":{"line":141,"column":17}},{"start":{"line":141,"column":21},"end":{"line":141,"column":30}},{"start":{"line":141,"column":35},"end":{"line":141,"column":59}}],"line":141},"13":{"loc":{"start":{"line":150,"column":4},"end":{"line":157,"column":5}},"type":"if","locations":[{"start":{"line":150,"column":4},"end":{"line":157,"column":5}},{"start":{},"end":{}}],"line":150},"14":{"loc":{"start":{"line":150,"column":8},"end":{"line":150,"column":45}},"type":"binary-expr","locations":[{"start":{"line":150,"column":8},"end":{"line":150,"column":13}},{"start":{"line":150,"column":17},"end":{"line":150,"column":45}}],"line":150},"15":{"loc":{"start":{"line":158,"column":4},"end":{"line":166,"column":5}},"type":"if","locations":[{"start":{"line":158,"column":4},"end":{"line":166,"column":5}},{"start":{},"end":{}}],"line":158},"16":{"loc":{"start":{"line":158,"column":8},"end":{"line":158,"column":75}},"type":"binary-expr","locations":[{"start":{"line":158,"column":8},"end":{"line":158,"column":19}},{"start":{"line":158,"column":23},"end":{"line":158,"column":33}},{"start":{"line":158,"column":37},"end":{"line":158,"column":47}},{"start":{"line":158,"column":51},"end":{"line":158,"column":75}}],"line":158},"17":{"loc":{"start":{"line":181,"column":19},"end":{"line":181,"column":39}},"type":"binary-expr","locations":[{"start":{"line":181,"column":19},"end":{"line":181,"column":26}},{"start":{"line":181,"column":30},"end":{"line":181,"column":39}}],"line":181},"18":{"loc":{"start":{"line":184,"column":24},"end":{"line":184,"column":47}},"type":"binary-expr","locations":[{"start":{"line":184,"column":24},"end":{"line":184,"column":33}},{"start":{"line":184,"column":37},"end":{"line":184,"column":47}}],"line":184}},"s":{"0":0,"1":0,"2":0,"3":0,"4":0,"5":0,"6":0,"7":0,"8":0,"9":0,"10":0,"11":0,"12":0,"13":0,"14":0,"15":0,"16":0,"17":0,"18":0,"19":0,"20":0,"21":0,"22":0,"23":0,"24":0,"25":0,"26":0,"27":0,"28":0,"29":0,"30":0,"31":0,"32":0,"33":0,"34":0,"35":0,"36":0,"37":0,"38":0,"39":0,"40":0,"41":0,"42":0,"43":0,"44":0,"45":0,"46":0,"47":0,"48":0,"49":0,"50":0,"51":0,"52":0},"f":{"0":0,"1":0,"2":0,"3":0,"4":0,"5":0,"6":0,"7":0,"8":0,"9":0,"10":0,"11":0,"12":0,"13":0,"14":0,"15":0},"b":{"0":[0,0],"1":[0,0],"2":[0,0],"3":[0,0],"4":[0,0],"5":[0,0,0],"6":[0,0],"7":[0,0,0],"8":[0,0],"9":[0,0],"10":[0,0],"11":[0,0],"12":[0,0,0],"13":[0,0],"14":[0,0],"15":[0,0],"16":[0,0,0,0],"17":[0,0],"18":[0,0]}}
,"/Users/bienbrylesanico/Documents/RnTraining/capstone-project/src/screens/EventDetailsScreen.tsx": {"path":"/Users/bienbrylesanico/Documents/RnTraining/capstone-project/src/screens/EventDetailsScreen.tsx","statementMap":{"0":{"start":{"line":42,"column":16},"end":{"line":42,"column":55}},"1":{"start":{"line":43,"column":21},"end":{"line":43,"column":70}},"2":{"start":{"line":44,"column":17},"end":{"line":44,"column":29}},"3":{"start":{"line":45,"column":34},"end":{"line":45,"column":49}},"4":{"start":{"line":46,"column":46},"end":{"line":46,"column":57}},"5":{"start":{"line":47,"column":2},"end":{"line":47,"column":27}},"6":{"start":{"line":48,"column":22},"end":{"line":48,"column":31}},"7":{"start":{"line":49,"column":61},"end":{"line":49,"column":72}},"8":{"start":{"line":50,"column":47},"end":{"line":50,"column":59}},"9":{"start":{"line":51,"column":40},"end":{"line":51,"column":54}},"10":{"start":{"line":52,"column":21},"end":{"line":52,"column":43}},"11":{"start":{"line":53,"column":18},"end":{"line":53,"column":39}},"12":{"start":{"line":57,"column":30},"end":{"line":59,"column":10}},"13":{"start":{"line":58,"column":16},"end":{"line":58,"column":37}},"14":{"start":{"line":62,"column":2},"end":{"line":64,"column":27}},"15":{"start":{"line":63,"column":4},"end":{"line":63,"column":23}},"16":{"start":{"line":66,"column":2},"end":{"line":117,"column":54}},"17":{"start":{"line":67,"column":4},"end":{"line":67,"column":23}},"18":{"start":{"line":67,"column":16},"end":{"line":67,"column":23}},"19":{"start":{"line":69,"column":32},"end":{"line":89,"column":5}},"20":{"start":{"line":70,"column":6},"end":{"line":80,"column":7}},"21":{"start":{"line":71,"column":8},"end":{"line":78,"column":10}},"22":{"start":{"line":76,"column":44},"end":{"line":76,"column":72}},"23":{"start":{"line":79,"column":8},"end":{"line":79,"column":15}},"24":{"start":{"line":82,"column":6},"end":{"line":87,"column":7}},"25":{"start":{"line":83,"column":8},"end":{"line":86,"column":11}},"26":{"start":{"line":88,"column":6},"end":{"line":88,"column":28}},"27":{"start":{"line":91,"column":4},"end":{"line":116,"column":7}},"28":{"start":{"line":97,"column":8},"end":{"line":114,"column":15}},"29":{"start":{"line":119,"column":27},"end":{"line":130,"column":3}},"30":{"start":{"line":120,"column":4},"end":{"line":120,"column":23}},"31":{"start":{"line":120,"column":16},"end":{"line":120,"column":23}},"32":{"start":{"line":121,"column":4},"end":{"line":129,"column":5}},"33":{"start":{"line":122,"column":6},"end":{"line":126,"column":9}},"34":{"start":{"line":128,"column":6},"end":{"line":128,"column":45}},"35":{"start":{"line":132,"column":27},"end":{"line":191,"column":3}},"36":{"start":{"line":133,"column":4},"end":{"line":133,"column":23}},"37":{"start":{"line":133,"column":16},"end":{"line":133,"column":23}},"38":{"start":{"line":134,"column":4},"end":{"line":140,"column":5}},"39":{"start":{"line":135,"column":6},"end":{"line":138,"column":9}},"40":{"start":{"line":137,"column":40},"end":{"line":137,"column":68}},"41":{"start":{"line":139,"column":6},"end":{"line":139,"column":13}},"42":{"start":{"line":144,"column":6},"end":{"line":144,"column":55}},"43":{"start":{"line":145,"column":4},"end":{"line":151,"column":5}},"44":{"start":{"line":146,"column":6},"end":{"line":149,"column":8}},"45":{"start":{"line":150,"column":6},"end":{"line":150,"column":13}},"46":{"start":{"line":152,"column":4},"end":{"line":158,"column":5}},"47":{"start":{"line":153,"column":6},"end":{"line":156,"column":8}},"48":{"start":{"line":157,"column":6},"end":{"line":157,"column":13}},"49":{"start":{"line":160,"column":4},"end":{"line":160,"column":22}},"50":{"start":{"line":162,"column":27},"end":{"line":170,"column":5}},"51":{"start":{"line":172,"column":33},"end":{"line":172,"column":66}},"52":{"start":{"line":174,"column":4},"end":{"line":174,"column":23}},"53":{"start":{"line":176,"column":4},"end":{"line":190,"column":5}},"54":{"start":{"line":177,"column":6},"end":{"line":187,"column":8}},"55":{"start":{"line":183,"column":27},"end":{"line":183,"column":80}},"56":{"start":{"line":189,"column":6},"end":{"line":189,"column":85}},"57":{"start":{"line":193,"column":2},"end":{"line":199,"column":3}},"58":{"start":{"line":194,"column":4},"end":{"line":198,"column":6}},"59":{"start":{"line":202,"column":2},"end":{"line":212,"column":3}},"60":{"start":{"line":203,"column":4},"end":{"line":211,"column":6}},"61":{"start":{"line":214,"column":20},"end":{"line":214,"column":44}},"62":{"start":{"line":215,"column":24},"end":{"line":215,"column":47}},"63":{"start":{"line":216,"column":27},"end":{"line":216,"column":76}},"64":{"start":{"line":217,"column":22},"end":{"line":217,"column":69}},"65":{"start":{"line":219,"column":24},"end":{"line":219,"column":37}},"66":{"start":{"line":220,"column":25},"end":{"line":220,"column":33}},"67":{"start":{"line":222,"column":2},"end":{"line":231,"column":3}},"68":{"start":{"line":223,"column":4},"end":{"line":223,"column":33}},"69":{"start":{"line":224,"column":4},"end":{"line":224,"column":28}},"70":{"start":{"line":225,"column":9},"end":{"line":231,"column":3}},"71":{"start":{"line":226,"column":4},"end":{"line":226,"column":45}},"72":{"start":{"line":227,"column":4},"end":{"line":227,"column":28}},"73":{"start":{"line":228,"column":9},"end":{"line":231,"column":3}},"74":{"start":{"line":229,"column":4},"end":{"line":229,"column":37}},"75":{"start":{"line":230,"column":4},"end":{"line":230,"column":28}},"76":{"start":{"line":233,"column":26},"end":{"line":237,"column":4}},"77":{"start":{"line":239,"column":2},"end":{"line":404,"column":4}},"78":{"start":{"line":337,"column":16},"end":{"line":339,"column":23}},"79":{"start":{"line":354,"column":18},"end":{"line":354,"column":68}},"80":{"start":{"line":363,"column":18},"end":{"line":363,"column":78}},"81":{"start":{"line":407,"column":15},"end":{"line":648,"column":2}}},"fnMap":{"0":{"name":"EventDetailsScreen","decl":{"start":{"line":41,"column":24},"end":{"line":41,"column":42}},"loc":{"start":{"line":41,"column":45},"end":{"line":405,"column":1}},"line":41},"1":{"name":"(anonymous_1)","decl":{"start":{"line":58,"column":4},"end":{"line":58,"column":5}},"loc":{"start":{"line":58,"column":16},"end":{"line":58,"column":37}},"line":58},"2":{"name":"(anonymous_2)","decl":{"start":{"line":62,"column":12},"end":{"line":62,"column":13}},"loc":{"start":{"line":62,"column":18},"end":{"line":64,"column":3}},"line":62},"3":{"name":"(anonymous_3)","decl":{"start":{"line":66,"column":18},"end":{"line":66,"column":19}},"loc":{"start":{"line":66,"column":24},"end":{"line":117,"column":3}},"line":66},"4":{"name":"(anonymous_4)","decl":{"start":{"line":69,"column":32},"end":{"line":69,"column":33}},"loc":{"start":{"line":69,"column":38},"end":{"line":89,"column":5}},"line":69},"5":{"name":"(anonymous_5)","decl":{"start":{"line":76,"column":38},"end":{"line":76,"column":39}},"loc":{"start":{"line":76,"column":44},"end":{"line":76,"column":72}},"line":76},"6":{"name":"(anonymous_6)","decl":{"start":{"line":96,"column":19},"end":{"line":96,"column":20}},"loc":{"start":{"line":97,"column":8},"end":{"line":114,"column":15}},"line":97},"7":{"name":"(anonymous_7)","decl":{"start":{"line":119,"column":27},"end":{"line":119,"column":28}},"loc":{"start":{"line":119,"column":39},"end":{"line":130,"column":3}},"line":119},"8":{"name":"(anonymous_8)","decl":{"start":{"line":132,"column":27},"end":{"line":132,"column":28}},"loc":{"start":{"line":132,"column":39},"end":{"line":191,"column":3}},"line":132},"9":{"name":"(anonymous_9)","decl":{"start":{"line":137,"column":34},"end":{"line":137,"column":35}},"loc":{"start":{"line":137,"column":40},"end":{"line":137,"column":68}},"line":137},"10":{"name":"(anonymous_10)","decl":{"start":{"line":183,"column":21},"end":{"line":183,"column":22}},"loc":{"start":{"line":183,"column":27},"end":{"line":183,"column":80}},"line":183},"11":{"name":"(anonymous_11)","decl":{"start":{"line":336,"column":30},"end":{"line":336,"column":31}},"loc":{"start":{"line":337,"column":16},"end":{"line":339,"column":23}},"line":337},"12":{"name":"(anonymous_12)","decl":{"start":{"line":353,"column":25},"end":{"line":353,"column":26}},"loc":{"start":{"line":354,"column":18},"end":{"line":354,"column":68}},"line":354},"13":{"name":"(anonymous_13)","decl":{"start":{"line":362,"column":25},"end":{"line":362,"column":26}},"loc":{"start":{"line":363,"column":18},"end":{"line":363,"column":78}},"line":363}},"branchMap":{"0":{"loc":{"start":{"line":67,"column":4},"end":{"line":67,"column":23}},"type":"if","locations":[{"start":{"line":67,"column":4},"end":{"line":67,"column":23}},{"start":{},"end":{}}],"line":67},"1":{"loc":{"start":{"line":70,"column":6},"end":{"line":80,"column":7}},"type":"if","locations":[{"start":{"line":70,"column":6},"end":{"line":80,"column":7}},{"start":{},"end":{}}],"line":70},"2":{"loc":{"start":{"line":82,"column":6},"end":{"line":87,"column":7}},"type":"if","locations":[{"start":{"line":82,"column":6},"end":{"line":87,"column":7}},{"start":{},"end":{}}],"line":82},"3":{"loc":{"start":{"line":109,"column":20},"end":{"line":109,"column":58}},"type":"cond-expr","locations":[{"start":{"line":109,"column":33},"end":{"line":109,"column":40}},{"start":{"line":109,"column":43},"end":{"line":109,"column":58}}],"line":109},"4":{"loc":{"start":{"line":111,"column":21},"end":{"line":111,"column":52}},"type":"cond-expr","locations":[{"start":{"line":111,"column":34},"end":{"line":111,"column":43}},{"start":{"line":111,"column":46},"end":{"line":111,"column":52}}],"line":111},"5":{"loc":{"start":{"line":120,"column":4},"end":{"line":120,"column":23}},"type":"if","locations":[{"start":{"line":120,"column":4},"end":{"line":120,"column":23}},{"start":{},"end":{}}],"line":120},"6":{"loc":{"start":{"line":133,"column":4},"end":{"line":133,"column":23}},"type":"if","locations":[{"start":{"line":133,"column":4},"end":{"line":133,"column":23}},{"start":{},"end":{}}],"line":133},"7":{"loc":{"start":{"line":134,"column":4},"end":{"line":140,"column":5}},"type":"if","locations":[{"start":{"line":134,"column":4},"end":{"line":140,"column":5}},{"start":{},"end":{}}],"line":134},"8":{"loc":{"start":{"line":145,"column":4},"end":{"line":151,"column":5}},"type":"if","locations":[{"start":{"line":145,"column":4},"end":{"line":151,"column":5}},{"start":{},"end":{}}],"line":145},"9":{"loc":{"start":{"line":152,"column":4},"end":{"line":158,"column":5}},"type":"if","locations":[{"start":{"line":152,"column":4},"end":{"line":158,"column":5}},{"start":{},"end":{}}],"line":152},"10":{"loc":{"start":{"line":176,"column":4},"end":{"line":190,"column":5}},"type":"if","locations":[{"start":{"line":176,"column":4},"end":{"line":190,"column":5}},{"start":{"line":188,"column":11},"end":{"line":190,"column":5}}],"line":176},"11":{"loc":{"start":{"line":189,"column":37},"end":{"line":189,"column":83}},"type":"binary-expr","locations":[{"start":{"line":189,"column":37},"end":{"line":189,"column":44}},{"start":{"line":189,"column":48},"end":{"line":189,"column":83}}],"line":189},"12":{"loc":{"start":{"line":193,"column":2},"end":{"line":199,"column":3}},"type":"if","locations":[{"start":{"line":193,"column":2},"end":{"line":199,"column":3}},{"start":{},"end":{}}],"line":193},"13":{"loc":{"start":{"line":193,"column":6},"end":{"line":193,"column":25}},"type":"binary-expr","locations":[{"start":{"line":193,"column":6},"end":{"line":193,"column":15}},{"start":{"line":193,"column":19},"end":{"line":193,"column":25}}],"line":193},"14":{"loc":{"start":{"line":202,"column":2},"end":{"line":212,"column":3}},"type":"if","locations":[{"start":{"line":202,"column":2},"end":{"line":212,"column":3}},{"start":{},"end":{}}],"line":202},"15":{"loc":{"start":{"line":222,"column":2},"end":{"line":231,"column":3}},"type":"if","locations":[{"start":{"line":222,"column":2},"end":{"line":231,"column":3}},{"start":{"line":225,"column":9},"end":{"line":231,"column":3}}],"line":222},"16":{"loc":{"start":{"line":225,"column":9},"end":{"line":231,"column":3}},"type":"if","locations":[{"start":{"line":225,"column":9},"end":{"line":231,"column":3}},{"start":{"line":228,"column":9},"end":{"line":231,"column":3}}],"line":225},"17":{"loc":{"start":{"line":228,"column":9},"end":{"line":231,"column":3}},"type":"if","locations":[{"start":{"line":228,"column":9},"end":{"line":231,"column":3}},{"start":{},"end":{}}],"line":228},"18":{"loc":{"start":{"line":243,"column":9},"end":{"line":253,"column":9}},"type":"cond-expr","locations":[{"start":{"line":245,"column":10},"end":{"line":249,"column":12}},{"start":{"line":252,"column":10},"end":{"line":252,"column":80}}],"line":243},"19":{"loc":{"start":{"line":278,"column":26},"end":{"line":278,"column":69}},"type":"binary-expr","locations":[{"start":{"line":278,"column":26},"end":{"line":278,"column":51}},{"start":{"line":278,"column":55},"end":{"line":278,"column":69}}],"line":278},"20":{"loc":{"start":{"line":308,"column":19},"end":{"line":310,"column":57}},"type":"cond-expr","locations":[{"start":{"line":309,"column":22},"end":{"line":309,"column":37}},{"start":{"line":310,"column":22},"end":{"line":310,"column":57}}],"line":308},"21":{"loc":{"start":{"line":347,"column":9},"end":{"line":370,"column":9}},"type":"binary-expr","locations":[{"start":{"line":347,"column":9},"end":{"line":347,"column":23}},{"start":{"line":347,"column":27},"end":{"line":347,"column":37}},{"start":{"line":347,"column":41},"end":{"line":347,"column":61}},{"start":{"line":348,"column":10},"end":{"line":369,"column":17}}],"line":347},"22":{"loc":{"start":{"line":375,"column":15},"end":{"line":377,"column":65}},"type":"cond-expr","locations":[{"start":{"line":376,"column":18},"end":{"line":376,"column":24}},{"start":{"line":377,"column":18},"end":{"line":377,"column":65}}],"line":375},"23":{"loc":{"start":{"line":375,"column":15},"end":{"line":375,"column":49}},"type":"binary-expr","locations":[{"start":{"line":375,"column":15},"end":{"line":375,"column":24}},{"start":{"line":375,"column":28},"end":{"line":375,"column":49}}],"line":375},"24":{"loc":{"start":{"line":383,"column":14},"end":{"line":383,"column":55}},"type":"binary-expr","locations":[{"start":{"line":383,"column":14},"end":{"line":383,"column":30}},{"start":{"line":383,"column":34},"end":{"line":383,"column":55}}],"line":383},"25":{"loc":{"start":{"line":388,"column":13},"end":{"line":399,"column":13}},"type":"cond-expr","locations":[{"start":{"line":389,"column":14},"end":{"line":389,"column":48}},{"start":{"line":391,"column":14},"end":{"line":398,"column":17}}],"line":388},"26":{"loc":{"start":{"line":393,"column":24},"end":{"line":393,"column":77}},"type":"cond-expr","locations":[{"start":{"line":393,"column":36},"end":{"line":393,"column":58}},{"start":{"line":393,"column":61},"end":{"line":393,"column":77}}],"line":393},"27":{"loc":{"start":{"line":417,"column":12},"end":{"line":417,"column":44}},"type":"cond-expr","locations":[{"start":{"line":417,"column":36},"end":{"line":417,"column":39}},{"start":{"line":417,"column":42},"end":{"line":417,"column":44}}],"line":417}},"s":{"0":0,"1":0,"2":0,"3":0,"4":0,"5":0,"6":0,"7":0,"8":0,"9":0,"10":0,"11":0,"12":0,"13":0,"14":0,"15":0,"16":0,"17":0,"18":0,"19":0,"20":0,"21":0,"22":0,"23":0,"24":0,"25":0,"26":0,"27":0,"28":0,"29":0,"30":0,"31":0,"32":0,"33":0,"34":0,"35":0,"36":0,"37":0,"38":0,"39":0,"40":0,"41":0,"42":0,"43":0,"44":0,"45":0,"46":0,"47":0,"48":0,"49":0,"50":0,"51":0,"52":0,"53":0,"54":0,"55":0,"56":0,"57":0,"58":0,"59":0,"60":0,"61":0,"62":0,"63":0,"64":0,"65":0,"66":0,"67":0,"68":0,"69":0,"70":0,"71":0,"72":0,"73":0,"74":0,"75":0,"76":0,"77":0,"78":0,"79":0,"80":0,"81":0},"f":{"0":0,"1":0,"2":0,"3":0,"4":0,"5":0,"6":0,"7":0,"8":0,"9":0,"10":0,"11":0,"12":0,"13":0},"b":{"0":[0,0],"1":[0,0],"2":[0,0],"3":[0,0],"4":[0,0],"5":[0,0],"6":[0,0],"7":[0,0],"8":[0,0],"9":[0,0],"10":[0,0],"11":[0,0],"12":[0,0],"13":[0,0],"14":[0,0],"15":[0,0],"16":[0,0],"17":[0,0],"18":[0,0],"19":[0,0],"20":[0,0],"21":[0,0,0,0],"22":[0,0],"23":[0,0],"24":[0,0],"25":[0,0],"26":[0,0],"27":[0,0]}}
,"/Users/bienbrylesanico/Documents/RnTraining/capstone-project/src/screens/EventFormScreen.tsx": {"path":"/Users/bienbrylesanico/Documents/RnTraining/capstone-project/src/screens/EventFormScreen.tsx","statementMap":{"0":{"start":{"line":44,"column":4},"end":{"line":54,"column":1}},"1":{"start":{"line":57,"column":21},"end":{"line":57,"column":67}},"2":{"start":{"line":58,"column":16},"end":{"line":58,"column":52}},"3":{"start":{"line":59,"column":22},"end":{"line":59,"column":31}},"4":{"start":{"line":60,"column":50},"end":{"line":60,"column":63}},"5":{"start":{"line":62,"column":18},"end":{"line":62,"column":39}},"6":{"start":{"line":63,"column":21},"end":{"line":63,"column":30}},"7":{"start":{"line":66,"column":4},"end":{"line":68,"column":5}},"8":{"start":{"line":69,"column":30},"end":{"line":69,"column":59}},"9":{"start":{"line":70,"column":36},"end":{"line":70,"column":65}},"10":{"start":{"line":71,"column":42},"end":{"line":71,"column":66}},"11":{"start":{"line":81,"column":6},"end":{"line":81,"column":22}},"12":{"start":{"line":90,"column":6},"end":{"line":90,"column":35}},"13":{"start":{"line":92,"column":2},"end":{"line":96,"column":19}},"14":{"start":{"line":93,"column":4},"end":{"line":95,"column":7}},"15":{"start":{"line":99,"column":2},"end":{"line":144,"column":40}},"16":{"start":{"line":100,"column":4},"end":{"line":142,"column":5}},"17":{"start":{"line":101,"column":29},"end":{"line":133,"column":7}},"18":{"start":{"line":102,"column":8},"end":{"line":102,"column":27}},"19":{"start":{"line":103,"column":8},"end":{"line":132,"column":9}},"20":{"start":{"line":104,"column":24},"end":{"line":104,"column":66}},"21":{"start":{"line":105,"column":10},"end":{"line":126,"column":11}},"22":{"start":{"line":106,"column":30},"end":{"line":106,"column":55}},"23":{"start":{"line":107,"column":12},"end":{"line":107,"column":43}},"24":{"start":{"line":108,"column":12},"end":{"line":108,"column":55}},"25":{"start":{"line":111,"column":12},"end":{"line":122,"column":15}},"26":{"start":{"line":124,"column":12},"end":{"line":124,"column":66}},"27":{"start":{"line":125,"column":12},"end":{"line":125,"column":32}},"28":{"start":{"line":128,"column":10},"end":{"line":128,"column":78}},"29":{"start":{"line":129,"column":10},"end":{"line":129,"column":30}},"30":{"start":{"line":131,"column":10},"end":{"line":131,"column":30}},"31":{"start":{"line":134,"column":6},"end":{"line":134,"column":23}},"32":{"start":{"line":137,"column":18},"end":{"line":137,"column":28}},"33":{"start":{"line":138,"column":6},"end":{"line":138,"column":39}},"34":{"start":{"line":139,"column":6},"end":{"line":139,"column":24}},"35":{"start":{"line":140,"column":6},"end":{"line":140,"column":31}},"36":{"start":{"line":141,"column":6},"end":{"line":141,"column":26}},"37":{"start":{"line":147,"column":2},"end":{"line":152,"column":36}},"38":{"start":{"line":148,"column":4},"end":{"line":151,"column":5}},"39":{"start":{"line":149,"column":6},"end":{"line":149,"column":47}},"40":{"start":{"line":150,"column":6},"end":{"line":150,"column":24}},"41":{"start":{"line":154,"column":28},"end":{"line":162,"column":3}},"42":{"start":{"line":158,"column":4},"end":{"line":158,"column":56}},"43":{"start":{"line":158,"column":27},"end":{"line":158,"column":53}},"44":{"start":{"line":159,"column":4},"end":{"line":161,"column":5}},"45":{"start":{"line":160,"column":6},"end":{"line":160,"column":60}},"46":{"start":{"line":160,"column":27},"end":{"line":160,"column":57}},"47":{"start":{"line":163,"column":23},"end":{"line":219,"column":3}},"48":{"start":{"line":164,"column":4},"end":{"line":164,"column":42}},"49":{"start":{"line":164,"column":35},"end":{"line":164,"column":42}},"50":{"start":{"line":165,"column":4},"end":{"line":168,"column":5}},"51":{"start":{"line":166,"column":6},"end":{"line":166,"column":70}},"52":{"start":{"line":167,"column":6},"end":{"line":167,"column":13}},"53":{"start":{"line":170,"column":42},"end":{"line":174,"column":5}},"54":{"start":{"line":176,"column":29},"end":{"line":176,"column":62}},"55":{"start":{"line":179,"column":4},"end":{"line":181,"column":5}},"56":{"start":{"line":180,"column":6},"end":{"line":180,"column":61}},"57":{"start":{"line":183,"column":4},"end":{"line":183,"column":32}},"58":{"start":{"line":184,"column":4},"end":{"line":187,"column":5}},"59":{"start":{"line":185,"column":6},"end":{"line":185,"column":75}},"60":{"start":{"line":186,"column":6},"end":{"line":186,"column":13}},"61":{"start":{"line":190,"column":4},"end":{"line":190,"column":26}},"62":{"start":{"line":193,"column":17},"end":{"line":193,"column":21}},"63":{"start":{"line":195,"column":4},"end":{"line":218,"column":5}},"64":{"start":{"line":196,"column":6},"end":{"line":205,"column":7}},"65":{"start":{"line":197,"column":8},"end":{"line":202,"column":10}},"66":{"start":{"line":204,"column":8},"end":{"line":204,"column":63}},"67":{"start":{"line":207,"column":6},"end":{"line":213,"column":7}},"68":{"start":{"line":208,"column":8},"end":{"line":212,"column":10}},"69":{"start":{"line":211,"column":40},"end":{"line":211,"column":59}},"70":{"start":{"line":216,"column":6},"end":{"line":216,"column":53}},"71":{"start":{"line":217,"column":6},"end":{"line":217,"column":78}},"72":{"start":{"line":222,"column":2},"end":{"line":228,"column":3}},"73":{"start":{"line":223,"column":4},"end":{"line":227,"column":6}},"74":{"start":{"line":230,"column":2},"end":{"line":551,"column":4}},"75":{"start":{"line":240,"column":27},"end":{"line":240,"column":46}},"76":{"start":{"line":316,"column":39},"end":{"line":316,"column":68}},"77":{"start":{"line":334,"column":39},"end":{"line":334,"column":74}},"78":{"start":{"line":349,"column":39},"end":{"line":349,"column":71}},"79":{"start":{"line":363,"column":39},"end":{"line":363,"column":67}},"80":{"start":{"line":394,"column":35},"end":{"line":394,"column":53}},"81":{"start":{"line":410,"column":35},"end":{"line":410,"column":53}},"82":{"start":{"line":435,"column":39},"end":{"line":435,"column":71}},"83":{"start":{"line":449,"column":39},"end":{"line":449,"column":70}},"84":{"start":{"line":474,"column":41},"end":{"line":474,"column":70}},"85":{"start":{"line":489,"column":41},"end":{"line":489,"column":73}},"86":{"start":{"line":509,"column":20},"end":{"line":509,"column":65}},"87":{"start":{"line":553,"column":15},"end":{"line":746,"column":2}}},"fnMap":{"0":{"name":"EventFormScreen","decl":{"start":{"line":56,"column":24},"end":{"line":56,"column":39}},"loc":{"start":{"line":56,"column":42},"end":{"line":552,"column":1}},"line":56},"1":{"name":"(anonymous_1)","decl":{"start":{"line":92,"column":18},"end":{"line":92,"column":19}},"loc":{"start":{"line":92,"column":24},"end":{"line":96,"column":3}},"line":92},"2":{"name":"(anonymous_2)","decl":{"start":{"line":99,"column":12},"end":{"line":99,"column":13}},"loc":{"start":{"line":99,"column":18},"end":{"line":144,"column":3}},"line":99},"3":{"name":"(anonymous_3)","decl":{"start":{"line":101,"column":29},"end":{"line":101,"column":30}},"loc":{"start":{"line":101,"column":41},"end":{"line":133,"column":7}},"line":101},"4":{"name":"(anonymous_4)","decl":{"start":{"line":147,"column":12},"end":{"line":147,"column":13}},"loc":{"start":{"line":147,"column":18},"end":{"line":152,"column":3}},"line":147},"5":{"name":"(anonymous_5)","decl":{"start":{"line":154,"column":28},"end":{"line":154,"column":29}},"loc":{"start":{"line":157,"column":7},"end":{"line":162,"column":3}},"line":157},"6":{"name":"(anonymous_6)","decl":{"start":{"line":158,"column":16},"end":{"line":158,"column":17}},"loc":{"start":{"line":158,"column":27},"end":{"line":158,"column":53}},"line":158},"7":{"name":"(anonymous_7)","decl":{"start":{"line":160,"column":16},"end":{"line":160,"column":17}},"loc":{"start":{"line":160,"column":27},"end":{"line":160,"column":57}},"line":160},"8":{"name":"(anonymous_8)","decl":{"start":{"line":163,"column":23},"end":{"line":163,"column":24}},"loc":{"start":{"line":163,"column":35},"end":{"line":219,"column":3}},"line":163},"9":{"name":"(anonymous_9)","decl":{"start":{"line":211,"column":34},"end":{"line":211,"column":35}},"loc":{"start":{"line":211,"column":40},"end":{"line":211,"column":59}},"line":211},"10":{"name":"(anonymous_10)","decl":{"start":{"line":240,"column":21},"end":{"line":240,"column":22}},"loc":{"start":{"line":240,"column":27},"end":{"line":240,"column":46}},"line":240},"11":{"name":"(anonymous_11)","decl":{"start":{"line":316,"column":32},"end":{"line":316,"column":33}},"loc":{"start":{"line":316,"column":39},"end":{"line":316,"column":68}},"line":316},"12":{"name":"(anonymous_12)","decl":{"start":{"line":334,"column":32},"end":{"line":334,"column":33}},"loc":{"start":{"line":334,"column":39},"end":{"line":334,"column":74}},"line":334},"13":{"name":"(anonymous_13)","decl":{"start":{"line":349,"column":32},"end":{"line":349,"column":33}},"loc":{"start":{"line":349,"column":39},"end":{"line":349,"column":71}},"line":349},"14":{"name":"(anonymous_14)","decl":{"start":{"line":363,"column":32},"end":{"line":363,"column":33}},"loc":{"start":{"line":363,"column":39},"end":{"line":363,"column":67}},"line":363},"15":{"name":"(anonymous_15)","decl":{"start":{"line":394,"column":29},"end":{"line":394,"column":30}},"loc":{"start":{"line":394,"column":35},"end":{"line":394,"column":53}},"line":394},"16":{"name":"(anonymous_16)","decl":{"start":{"line":410,"column":29},"end":{"line":410,"column":30}},"loc":{"start":{"line":410,"column":35},"end":{"line":410,"column":53}},"line":410},"17":{"name":"(anonymous_17)","decl":{"start":{"line":435,"column":32},"end":{"line":435,"column":33}},"loc":{"start":{"line":435,"column":39},"end":{"line":435,"column":71}},"line":435},"18":{"name":"(anonymous_18)","decl":{"start":{"line":449,"column":32},"end":{"line":449,"column":33}},"loc":{"start":{"line":449,"column":39},"end":{"line":449,"column":70}},"line":449},"19":{"name":"(anonymous_19)","decl":{"start":{"line":474,"column":34},"end":{"line":474,"column":35}},"loc":{"start":{"line":474,"colum
[...]
,"/Users/bienbrylesanico/Documents/RnTraining/capstone-project/src/utils/system/storeUtils.ts": {"path":"/Users/bienbrylesanico/Documents/RnTraining/capstone-project/src/utils/system/storeUtils.ts","statementMap":{"0":{"start":{"line":33,"column":2},"end":{"line":36,"column":3}},"1":{"start":{"line":34,"column":4},"end":{"line":34,"column":60}},"2":{"start":{"line":35,"column":4},"end":{"line":35,"column":11}},"3":{"start":{"line":40,"column":2},"end":{"line":40,"column":55}},"4":{"start":{"line":42,"column":2},"end":{"line":48,"column":3}},"5":{"start":{"line":43,"column":21},"end":{"line":43,"column":35}},"6":{"start":{"line":44,"column":4},"end":{"line":44,"column":58}},"7":{"start":{"line":46,"column":4},"end":{"line":46,"column":59}},"8":{"start":{"line":47,"column":4},"end":{"line":47,"column":65}}},"fnMap":{"0":{"name":"handleAsyncAction","decl":{"start":{"line":24,"column":22},"end":{"line":24,"column":39}},"loc":{"start":{"line":29,"column":2},"end":{"line":49,"column":1}},"line":29}},"branchMap":{"0":{"loc":{"start":{"line":33,"column":2},"end":{"line":36,"column":3}},"type":"if","locations":[{"start":{"line":33,"column":2},"end":{"line":36,"column":3}},{"start":{},"end":{}}],"line":33},"1":{"loc":{"start":{"line":33,"column":6},"end":{"line":33,"column":49}},"type":"binary-expr","locations":[{"start":{"line":33,"column":6},"end":{"line":33,"column":30}},{"start":{"line":33,"column":34},"end":{"line":33,"column":49}}],"line":33}},"s":{"0":6,"1":0,"2":0,"3":6,"4":6,"5":6,"6":6,"7":0,"8":0},"f":{"0":6},"b":{"0":[0,6],"1":[6,3]},"_coverageSchema":"1a1c01bbd47fc00a2c39e90264f33305004495a9","hash":"feb54c143ebd0323c8f95c13c51c0e9edb0b7669"}
,"/Users/bienbrylesanico/Documents/RnTraining/capstone-project/src/utils/ui/iconLoader.ts": {"path":"/Users/bienbrylesanico/Documents/RnTraining/capstone-project/src/utils/ui/iconLoader.ts","statementMap":{"0":{"start":{"line":7,"column":32},"end":{"line":18,"column":1}},"1":{"start":{"line":8,"column":2},"end":{"line":17,"column":3}},"2":{"start":{"line":10,"column":6},"end":{"line":10,"column":22}},"3":{"start":{"line":12,"column":6},"end":{"line":12,"column":27}},"4":{"start":{"line":14,"column":6},"end":{"line":14,"column":25}},"5":{"start":{"line":16,"column":6},"end":{"line":16,"column":22}}},"fnMap":{"0":{"name":"(anonymous_0)","decl":{"start":{"line":7,"column":32},"end":{"line":7,"column":33}},"loc":{"start":{"line":7,"column":58},"end":{"line":18,"column":1}},"line":7}},"branchMap":{"0":{"loc":{"start":{"line":8,"column":2},"end":{"line":17,"column":3}},"type":"switch","locations":[{"start":{"line":9,"column":4},"end":{"line":10,"column":22}},{"start":{"line":11,"column":4},"end":{"line":12,"column":27}},{"start":{"line":13,"column":4},"end":{"line":14,"column":25}},{"start":{"line":15,"column":4},"end":{"line":16,"column":22}}],"line":8}},"s":{"0":0,"1":0,"2":0,"3":0,"4":0,"5":0},"f":{"0":0},"b":{"0":[0,0,0,0]}}
,"/Users/bienbrylesanico/Documents/RnTraining/capstone-project/src/utils/validations/eventValidation.ts": {"path":"/Users/bienbrylesanico/Documents/RnTraining/capstone-project/src/utils/validations/eventValidation.ts","statementMap":{"0":{"start":{"line":13,"column":33},"end":{"line":63,"column":1}},"1":{"start":{"line":15,"column":2},"end":{"line":62,"column":3}},"2":{"start":{"line":16,"column":4},"end":{"line":16,"column":80}},"3":{"start":{"line":17,"column":36},"end":{"line":17,"column":38}},"4":{"start":{"line":19,"column":4},"end":{"line":21,"column":5}},"5":{"start":{"line":20,"column":6},"end":{"line":20,"column":42}},"6":{"start":{"line":22,"column":4},"end":{"line":24,"column":5}},"7":{"start":{"line":23,"column":6},"end":{"line":23,"column":54}},"8":{"start":{"line":25,"column":4},"end":{"line":27,"column":5}},"9":{"start":{"line":26,"column":6},"end":{"line":26,"column":48}},"10":{"start":{"line":29,"column":4},"end":{"line":31,"column":5}},"11":{"start":{"line":30,"column":6},"end":{"line":30,"column":53}},"12":{"start":{"line":33,"column":4},"end":{"line":35,"column":5}},"13":{"start":{"line":34,"column":6},"end":{"line":34,"column":48}},"14":{"start":{"line":36,"column":4},"end":{"line":38,"column":5}},"15":{"start":{"line":37,"column":6},"end":{"line":37,"column":50}},"16":{"start":{"line":40,"column":23},"end":{"line":40,"column":45}},"17":{"start":{"line":41,"column":4},"end":{"line":43,"column":5}},"18":{"start":{"line":42,"column":6},"end":{"line":42,"column":66}},"19":{"start":{"line":45,"column":26},"end":{"line":45,"column":51}},"20":{"start":{"line":46,"column":4},"end":{"line":48,"column":5}},"21":{"start":{"line":47,"column":6},"end":{"line":47,"column":73}},"22":{"start":{"line":50,"column":23},"end":{"line":50,"column":61}},"23":{"start":{"line":51,"column":4},"end":{"line":53,"column":5}},"24":{"start":{"line":52,"column":6},"end":{"line":52,"column":80}},"25":{"start":{"line":55,"column":4},"end":{"line":55,"column":76}},"26":{"start":{"line":56,"column":4},"end":{"line":56,"column":18}},"27":{"start":{"line":59,"column":4},"end":{"line":59,"column":64}},"28":{"start":{"line":61,"column":4},"end":{"line":61,"column":72}},"29":{"start":{"line":66,"column":35},"end":{"line":68,"column":1}},"30":{"start":{"line":67,"column":2},"end":{"line":67,"column":40}}},"fnMap":{"0":{"name":"(anonymous_0)","decl":{"start":{"line":13,"column":33},"end":{"line":13,"column":34}},"loc":{"start":{"line":13,"column":79},"end":{"line":63,"column":1}},"line":13},"1":{"name":"(anonymous_1)","decl":{"start":{"line":66,"column":35},"end":{"line":66,"column":36}},"loc":{"start":{"line":66,"column":73},"end":{"line":68,"column":1}},"line":66}},"branchMap":{"0":{"loc":{"start":{"line":19,"column":4},"end":{"line":21,"column":5}},"type":"if","locations":[{"start":{"line":19,"column":4},"end":{"line":21,"column":5}},{"start":{},"end":{}}],"line":19},"1":{"loc":{"start":{"line":22,"column":4},"end":{"line":24,"column":5}},"type":"if","locations":[{"start":{"line":22,"column":4},"end":{"line":24,"column":5}},{"start":{},"end":{}}],"line":22},"2":{"loc":{"start":{"line":25,"column":4},"end":{"line":27,"column":5}},"type":"if","locations":[{"start":{"line":25,"column":4},"end":{"line":27,"column":5}},{"start":{},"end":{}}],"line":25},"3":{"loc":{"start":{"line":29,"column":4},"end":{"line":31,"column":5}},"type":"if","locations":[{"start":{"line":29,"column":4},"end":{"line":31,"column":5}},{"start":{},"end":{}}],"line":29},"4":{"loc":{"start":{"line":29,"column":8},"end":{"line":29,"column":88}},"type":"binary-expr","locations":[{"start":{"line":29,"column":8},"end":{"line":29,"column":42}},{"start":{"line":29,"column":46},"end":{"line":29,"column":88}}],"line":29},"5":{"loc":{"start":{"line":33,"column":4},"end":{"line":35,"column":5}},"type":"if","locations":[{"start":{"line":33,"column":4},"end":{"line":35,"column":5}},{"start":{},"end":{}}],"line":33},"6":{"loc":{"start":{"line":33,"column":8},"end":{"line":33,"column":82}},"type":"binary-expr","locations":[{"start":{"line":33,"column":8},"end":{"line":33,"column":42}},{"start":{"line":33,"column":46},"end":{"line":33,"column":82}}],"line":33},"7":{"loc":{"start":{"line":36,"column":4},"end":{"line":38,"column":5}},"type":"if","locations":[{"start":{"line":36,"column":4},"end":{"line":38,"column":5}},{"start":{},"end":{}}],"line":36},"8":{"loc":{"start":{"line":41,"column":4},"end":{"line":43,"column":5}},"type":"if","locations":[{"start":{"line":41,"column":4},"end":{"line":43,"column":5}},{"start":{},"end":{}}],"line":41},"9":{"loc":{"start":{"line":41,"column":8},"end":{"line":41,"column":94}},"type":"binary-expr","locations":[{"start":{"line":41,"column":8},"end":{"line":41,"column":31}},{"start":{"line":41,"column":35},"end":{"line":41,"column":64}},{"start":{"line":41,"column":68},"end":{"line":41,"column":94}}],"line":41},"10":{"loc":{"start":{"line":46,"column":4},"end":{"line":48,"column":5}},"type":"if","locations":[{"start":{"line":46,"column":4},"end":{"line":48,"column":5}},{"start":{},"end":{}}],"line":46},"11":{"loc":{"start":{"line":46,"column":8},"end":{"line":46,"column":96}},"type":"binary-expr","locations":[{"start":{"line":46,"column":8},"end":{"line":46,"column":21}},{"start":{"line":46,"column":26},"end":{"line":46,"column":60}},{"start":{"line":46,"column":64},"end":{"line":46,"column":95}}],"line":46},"12":{"loc":{"start":{"line":51,"column":4},"end":{"line":53,"column":5}},"type":"if","locations":[{"start":{"line":51,"column":4},"end":{"line":53,"column":5}},{"start":{},"end":{}}],"line":51},"13":{"loc":{"start":{"line":51,"column":8},"end":{"line":51,"column":88}},"type":"binary-expr","locations":[{"start":{"line":51,"column":8},"end":{"line":51,"column":18}},{"start":{"line":51,"column":23},"end":{"line":51,"column":54}},{"start":{"line":51,"column":58},"end":{"line":51,"column":87}}],"line":51}},"s":{"0":1,"1":8,"2":8,"3":8,"4":8,"5":1,"6":8,"7":0,"8":8,"9":0,"10":8,"11":1,"12":8,"13":1,"14":8,"15":0,"16":8,"17":8,"18":1,"19":8,"20":8,"21":1,"22":8,"23":8,"24":1,"25":8,"26":8,"27":0,"28":0,"29":1,"30":2},"f":{"0":8,"1":2},"b":{"0":[1,7],"1":[0,8],"2":[0,8],"3":[1,7],"4":[8,8],"5":[1,7],"6":[8,8],"7":[0,8],"8":[1,7],"9":[8,8,7],"10":[1,7],"11":[8,7,7],"12":[1,7],"13":[8,8,8]},"_coverageSchema":"1a1c01bbd47fc00a2c39e90264f33305004495a9","hash":"fda9b109d0327ff71f9c28b9dc2a496bcf3729c8"}
,"/Users/bienbrylesanico/Documents/RnTraining/capstone-project/src/utils/validations/permissions.ts": {"path":"/Users/bienbrylesanico/Documents/RnTraining/capstone-project/src/utils/validations/permissions.ts","statementMap":{"0":{"start":{"line":11,"column":43},"end":{"line":14,"column":1}},"1":{"start":{"line":15,"column":43},"end":{"line":17,"column":1}},"2":{"start":{"line":19,"column":26},"end":{"line":51,"column":1}},"3":{"start":{"line":20,"column":2},"end":{"line":50,"column":3}},"4":{"start":{"line":21,"column":19},"end":{"line":21,"column":44}},"5":{"start":{"line":22,"column":4},"end":{"line":45,"column":5}},"6":{"start":{"line":24,"column":8},"end":{"line":24,"column":56}},"7":{"start":{"line":25,"column":8},"end":{"line":25,"column":20}},"8":{"start":{"line":27,"column":8},"end":{"line":27,"column":55}},"9":{"start":{"line":28,"column":8},"end":{"line":28,"column":85}},"10":{"start":{"line":29,"column":8},"end":{"line":29,"column":21}},"11":{"start":{"line":31,"column":8},"end":{"line":31,"column":56}},"12":{"start":{"line":32,"column":8},"end":{"line":36,"column":10}},"13":{"start":{"line":37,"column":8},"end":{"line":37,"column":21}},"14":{"start":{"line":39,"column":9},"end":{"line":39,"column":57}},"15":{"start":{"line":40,"column":9},"end":{"line":40,"column":21}},"16":{"start":{"line":42,"column":8},"end":{"line":42,"column":75}},"17":{"start":{"line":43,"column":8},"end":{"line":43,"column":100}},"18":{"start":{"line":44,"column":8},"end":{"line":44,"column":21}},"19":{"start":{"line":47,"column":4},"end":{"line":47,"column":71}},"20":{"start":{"line":48,"column":4},"end":{"line":48,"column":83}},"21":{"start":{"line":49,"column":4},"end":{"line":49,"column":17}},"22":{"start":{"line":54,"column":46},"end":{"line":102,"column":1}},"23":{"start":{"line":55,"column":40},"end":{"line":55,"column":44}},"24":{"start":{"line":57,"column":4},"end":{"line":67,"column":5}},"25":{"start":{"line":58,"column":8},"end":{"line":58,"column":60}},"26":{"start":{"line":59,"column":11},"end":{"line":67,"column":5}},"27":{"start":{"line":61,"column":31},"end":{"line":61,"column":47}},"28":{"start":{"line":62,"column":8},"end":{"line":66,"column":9}},"29":{"start":{"line":63,"column":12},"end":{"line":63,"column":68}},"30":{"start":{"line":65,"column":13},"end":{"line":65,"column":69}},"31":{"start":{"line":69,"column":4},"end":{"line":72,"column":5}},"32":{"start":{"line":70,"column":8},"end":{"line":70,"column":67}},"33":{"start":{"line":71,"column":8},"end":{"line":71,"column":21}},"34":{"start":{"line":75,"column":4},"end":{"line":100,"column":5}},"35":{"start":{"line":76,"column":23},"end":{"line":76,"column":46}},"36":{"start":{"line":77,"column":8},"end":{"line":79,"column":9}},"37":{"start":{"line":78,"column":12},"end":{"line":78,"column":24}},"38":{"start":{"line":80,"column":8},"end":{"line":82,"column":9}},"39":{"start":{"line":81,"column":12},"end":{"line":81,"column":55}},"40":{"start":{"line":83,"column":9},"end":{"line":90,"column":9}},"41":{"start":{"line":84,"column":13},"end":{"line":88,"column":14}},"42":{"start":{"line":89,"column":12},"end":{"line":89,"column":25}},"43":{"start":{"line":91,"column":9},"end":{"line":94,"column":10}},"44":{"start":{"line":92,"column":12},"end":{"line":92,"column":104}},"45":{"start":{"line":93,"column":12},"end":{"line":93,"column":25}},"46":{"start":{"line":97,"column":8},"end":{"line":97,"column":73}},"47":{"start":{"line":98,"column":8},"end":{"line":98,"column":85}},"48":{"start":{"line":99,"column":8},"end":{"line":99,"column":21}},"49":{"start":{"line":101,"column":4},"end":{"line":101,"column":17}}},"fnMap":{"0":{"name":"(anonymous_0)","decl":{"start":{"line":19,"column":26},"end":{"line":19,"column":27}},"loc":{"start":{"line":19,"column":78},"end":{"line":51,"column":1}},"line":19},"1":{"name":"(anonymous_1)","decl":{"start":{"line":54,"column":46},"end":{"line":54,"column":47}},"loc":{"start":{"line":54,"column":76},"end":{"line":102,"column":1}},"line":54}},"branchMap":{"0":{"loc":{"start":{"line":22,"column":4},"end":{"line":45,"column":5}},"type":"switch","locations":[{"start":{"line":23,"column":6},"end":{"line":25,"column":20}},{"start":{"line":26,"column":6},"end":{"line":29,"column":21}},{"start":{"line":30,"column":6},"end":{"line":37,"column":21}},{"start":{"line":38,"column":6},"end":{"line":40,"column":21}},{"start":{"line":41,"column":6},"end":{"line":44,"column":21}}],"line":22},"1":{"loc":{"start":{"line":57,"column":4},"end":{"line":67,"column":5}},"type":"if","locations":[{"start":{"line":57,"column":4},"end":{"line":67,"column":5}},{"start":{"line":59,"column":11},"end":{"line":67,"column":5}}],"line":57},"2":{"loc":{"start":{"line":59,"column":11},"end":{"line":67,"column":5}},"type":"if","locations":[{"start":{"line":59,"column":11},"end":{"line":67,"column":5}},{"start":{},"end":{}}],"line":59},"3":{"loc":{"start":{"line":62,"column":8},"end":{"line":66,"column":9}},"type":"if","locations":[{"start":{"line":62,"column":8},"end":{"line":66,"column":9}},{"start":{"line":64,"column":15},"end":{"line":66,"column":9}}],"line":62},"4":{"loc":{"start":{"line":62,"column":12},"end":{"line":62,"column":70}},"type":"binary-expr","locations":[{"start":{"line":62,"column":12},"end":{"line":62,"column":46}},{"start":{"line":62,"column":50},"end":{"line":62,"column":70}}],"line":62},"5":{"loc":{"start":{"line":69,"column":4},"end":{"line":72,"column":5}},"type":"if","locations":[{"start":{"line":69,"column":4},"end":{"line":72,"column":5}},{"start":{},"end":{}}],"line":69},"6":{"loc":{"start":{"line":77,"column":8},"end":{"line":79,"column":9}},"type":"if","locations":[{"start":{"line":77,"column":8},"end":{"line":79,"column":9}},{"start":{},"end":{}}],"line":77},"7":{"loc":{"start":{"line":77,"column":12},"end":{"line":77,"column":68}},"type":"binary-expr","locations":[{"start":{"line":77,"column":12},"end":{"line":77,"column":38}},{"start":{"line":77,"column":42},"end":{"line":77,"column":68}}],"line":77},"8":{"loc":{"start":{"line":80,"column":8},"end":{"line":82,"column":9}},"type":"if","locations":[{"start":{"line":80,"column":8},"end":{"line":82,"column":9}},{"start":{},"end":{}}],"line":80},"9":{"loc":{"start":{"line":83,"column":9},"end":{"line":90,"column":9}},"type":"if","locations":[{"start":{"line":83,"column":9},"end":{"line":90,"column":9}},{"start":{},"end":{}}],"line":83},"10":{"loc":{"start":{"line":91,"column":9},"end":{"line":94,"column":10}},"type":"if","locations":[{"start":{"line":91,"column":9},"end":{"line":94,"column":10}},{"start":{},"end":{}}],"line":91}},"s":{"0":2,"1":2,"2":2,"3":1,"4":1,"5":1,"6":1,"7":1,"8":0,"9":0,"10":0,"11":0,"12":0,"13":0,"14":0,"15":0,"16":0,"17":0,"18":0,"19":0,"20":0,"21":0,"22":2,"23":6,"24":6,"25":4,"26":2,"27":2,"28":2,"29":1,"30":1,"31":6,"32":0,"33":0,"34":6,"35":6,"36":6,"37":4,"38":2,"39":1,"40":1,"41":1,"42":1,"43":0,"44":0,"45":0,"46":0,"47":0,"48":0,"49":0},"f":{"0":1,"1":6},"b":{"0":[1,0,0,0,0],"1":[4,2],"2":[2,0],"3":[1,1],"4":[2,2],"5":[0,6],"6":[4,2],"7":[6,3],"8":[1,1],"9":[1,0],"10":[0,0]},"_coverageSchema":"1a1c01bbd47fc00a2c39e90264f33305004495a9","hash":"10f468e5e9be13fb2603eb0dbe559f2a350a5262"}
,"/Users/bienbrylesanico/Documents/RnTraining/capstone-project/src/utils/validations/validation.ts": {"path":"/Users/bienbrylesanico/Documents/RnTraining/capstone-project/src/utils/validations/validation.ts","statementMap":{"0":{"start":{"line":11,"column":21},"end":{"line":11,"column":49}},"1":{"start":{"line":12,"column":2},"end":{"line":12,"column":32}},"2":{"start":{"line":20,"column":2},"end":{"line":20,"column":46}},"3":{"start":{"line":29,"column":4},"end":{"line":29,"column":34}},"4":{"start":{"line":38,"column":2},"end":{"line":38,"column":30}},"5":{"start":{"line":51,"column":2},"end":{"line":51,"column":30}},"6":{"start":{"line":51,"column":17},"end":{"line":51,"column":30}},"7":{"start":{"line":52,"column":2},"end":{"line":52,"column":55}},"8":{"start":{"line":65,"column":2},"end":{"line":65,"column":30}},"9":{"start":{"line":65,"column":17},"end":{"line":65,"column":30}},"10":{"start":{"line":66,"column":2},"end":{"line":66,"column":45}},"11":{"start":{"line":75,"column":2},"end":{"line":75,"column":18}}},"fnMap":{"0":{"name":"isEmail","decl":{"start":{"line":9,"column":16},"end":{"line":9,"column":23}},"loc":{"start":{"line":9,"column":48},"end":{"line":13,"column":1}},"line":9},"1":{"name":"isRequired","decl":{"start":{"line":19,"column":16},"end":{"line":19,"column":26}},"loc":{"start":{"line":19,"column":70},"end":{"line":21,"column":1}},"line":19},"2":{"name":"minLength","decl":{"start":{"line":28,"column":16},"end":{"line":28,"column":25}},"loc":{"start":{"line":28,"column":66},"end":{"line":30,"column":1}},"line":28},"3":{"name":"passwordsMatch","decl":{"start":{"line":37,"column":16},"end":{"line":37,"column":30}},"loc":{"start":{"line":37,"column":75},"end":{"line":39,"column":1}},"line":37},"4":{"name":"validateFileType","decl":{"start":{"line":47,"column":16},"end":{"line":47,"column":32}},"loc":{"start":{"line":50,"column":11},"end":{"line":53,"column":1}},"line":50},"5":{"name":"validateFileSize","decl":{"start":{"line":61,"column":16},"end":{"line":61,"column":32}},"loc":{"start":{"line":64,"column":11},"end":{"line":67,"column":1}},"line":64},"6":{"name":"hasBase64Data","decl":{"start":{"line":74,"column":16},"end":{"line":74,"column":29}},"loc":{"start":{"line":74,"column":74},"end":{"line":76,"column":1}},"line":74}},"branchMap":{"0":{"loc":{"start":{"line":20,"column":9},"end":{"line":20,"column":45}},"type":"binary-expr","locations":[{"start":{"line":20,"column":9},"end":{"line":20,"column":22}},{"start":{"line":20,"column":26},"end":{"line":20,"column":45}}],"line":20},"1":{"loc":{"start":{"line":51,"column":2},"end":{"line":51,"column":30}},"type":"if","locations":[{"start":{"line":51,"column":2},"end":{"line":51,"column":30}},{"start":{},"end":{}}],"line":51},"2":{"loc":{"start":{"line":65,"column":2},"end":{"line":65,"column":30}},"type":"if","locations":[{"start":{"line":65,"column":2},"end":{"line":65,"column":30}},{"start":{},"end":{}}],"line":65}},"s":{"0":4,"1":4,"2":61,"3":3,"4":2,"5":3,"6":1,"7":2,"8":3,"9":0,"10":3,"11":4},"f":{"0":4,"1":61,"2":3,"3":2,"4":3,"5":3,"6":4},"b":{"0":[61,59],"1":[1,2],"2":[0,3]},"_coverageSchema":"1a1c01bbd47fc00a2c39e90264f33305004495a9","hash":"48860b5c07fed851892880f17ad3fb83368587cc"}
}
