TN:
SF:src/components/LazyLoaders/loader.tsx
FN:9,(anonymous_0)
FNF:1
FNH:0
FNDA:0,(anonymous_0)
DA:9,0
DA:10,0
DA:22,0
LF:3
LH:0
BRDA:9,0,0,0
BRF:1
BRH:0
end_of_record
TN:
SF:src/components/LazyLoaders/loaderSearch.tsx
FN:9,(anonymous_0)
FNF:1
FNH:0
FNDA:0,(anonymous_0)
DA:9,0
DA:10,0
DA:22,0
LF:3
LH:0
BRDA:9,0,0,0
BRF:1
BRH:0
end_of_record
TN:
SF:src/components/navigation/TabSelector.tsx
FN:17,TabSelector
FN:24,(anonymous_1)
FN:30,(anonymous_2)
FNF:3
FNH:0
FNDA:0,TabSelector
FNDA:0,(anonymous_1)
FNDA:0,(anonymous_2)
DA:22,0
DA:25,0
DA:26,0
DA:30,0
DA:43,0
LF:5
LH:0
BRDA:29,0,0,0
BRDA:29,0,1,0
BRDA:32,1,0,0
BRDA:32,1,1,0
BRDA:35,2,0,0
BRDA:35,2,1,0
BRF:6
BRH:0
end_of_record
TN:
SF:src/components/ui/CategoryFilter.tsx
FN:10,CategoryFilter
FN:21,(anonymous_1)
FN:28,(anonymous_2)
FNF:3
FNH:0
FNDA:0,CategoryFilter
FNDA:0,(anonymous_1)
FNDA:0,(anonymous_2)
DA:12,0
DA:14,0
DA:22,0
DA:28,0
DA:45,0
LF:5
LH:0
BRDA:26,0,0,0
BRDA:26,0,1,0
BRDA:33,1,0,0
BRDA:33,1,1,0
BRF:4
BRH:0
end_of_record
TN:
SF:src/components/ui/ScreenHeader.tsx
FN:12,ScreenHeader
FNF:1
FNH:0
FNDA:0,ScreenHeader
DA:17,0
DA:38,0
LF:2
LH:0
BRDA:31,0,0,0
BRDA:31,0,1,0
BRDA:61,1,0,0
BRDA:61,1,1,0
BRF:4
BRH:0
end_of_record
TN:
SF:src/components/ui/SearchBar.tsx
FN:11,SearchBar
FNF:1
FNH:0
FNDA:0,SearchBar
DA:12,0
DA:31,0
LF:2
LH:0
BRF:0
BRH:0
end_of_record
TN:
SF:src/components/ui/Cards/EventCard.tsx
FN:15,EventCard
FN:21,(anonymous_1)
FN:29,(anonymous_2)
FNF:3
FNH:0
FNDA:0,EventCard
FNDA:0,(anonymous_1)
FNDA:0,(anonymous_2)
DA:16,0
DA:17,0
DA:18,0
DA:19,0
DA:21,0
DA:22,0
DA:23,0
DA:24,0
DA:29,0
DA:32,0
DA:34,0
DA:37,0
DA:94,0
LF:13
LH:0
BRDA:23,0,0,0
BRDA:23,0,1,0
BRDA:52,1,0,0
BRDA:52,1,1,0
BRDA:54,2,0,0
BRDA:54,2,1,0
BRDA:85,3,0,0
BRDA:85,3,1,0
BRF:8
BRH:0
end_of_record
TN:
SF:src/components/ui/Cards/MyEventCard.tsx
FN:21,MyEventCard
FNF:1
FNH:0
FNDA:0,MyEventCard
DA:27,0
DA:80,0
LF:2
LH:0
BRDA:132,0,0,0
BRDA:132,0,1,0
BRDA:140,1,0,0
BRDA:140,1,1,0
BRDA:149,2,0,0
BRDA:149,2,1,0
BRF:6
BRH:0
end_of_record
TN:
SF:src/components/ui/Cards/TicketCard.tsx
FN:13,TicketCard
FNF:1
FNH:0
FNDA:0,TicketCard
DA:15,0
DA:69,0
LF:2
LH:0
BRDA:158,0,0,0
BRDA:158,0,1,0
BRF:2
BRH:0
end_of_record
TN:
SF:src/components/ui/Errors/EmptyState.tsx
FN:15,(anonymous_0)
FN:23,(anonymous_1)
FN:42,(anonymous_2)
FN:52,(anonymous_3)
FNF:4
FNH:0
FNDA:0,(anonymous_0)
FNDA:0,(anonymous_1)
FNDA:0,(anonymous_2)
FNDA:0,(anonymous_3)
DA:15,0
DA:16,0
DA:23,0
DA:30,0
DA:42,0
DA:50,0
DA:52,0
DA:53,0
DA:54,0
DA:58,0
DA:67,0
LF:11
LH:0
BRDA:43,0,0,0
BRDA:44,1,0,0
BRDA:53,2,0,0
BRDA:53,2,1,0
BRDA:60,3,0,0
BRDA:60,3,1,0
BRF:6
BRH:0
end_of_record
TN:
SF:src/components/ui/Errors/offlineState.tsx
FN:10,(anonymous_0)
FNF:1
FNH:0
FNDA:0,(anonymous_0)
DA:10,0
DA:11,0
DA:20,0
LF:3
LH:0
BRF:0
BRH:0
end_of_record
TN:
SF:src/components/ui/SnackBars/NetworkSnackbar.tsx
FN:9,(anonymous_0)
FN:27,(anonymous_1)
FN:33,(anonymous_2)
FN:40,(anonymous_3)
FN:51,(anonymous_4)
FN:54,(anonymous_5)
FNF:6
FNH:0
FNDA:0,(anonymous_0)
FNDA:0,(anonymous_1)
FNDA:0,(anonymous_2)
FNDA:0,(anonymous_3)
FNDA:0,(anonymous_4)
FNDA:0,(anonymous_5)
DA:9,0
DA:10,0
DA:12,0
DA:15,0
DA:21,0
DA:24,0
DA:27,0
DA:28,0
DA:29,0
DA:30,0
DA:31,0
DA:33,0
DA:34,0
DA:35,0
DA:36,0
DA:37,0
DA:40,0
DA:41,0
DA:42,0
DA:45,0
DA:46,0
DA:51,0
DA:52,0
DA:54,0
DA:56,0
DA:57,0
DA:62,0
LF:27
LH:0
BRDA:10,0,0,0
BRDA:10,0,1,0
BRDA:15,1,0,0
BRDA:15,1,1,0
BRDA:16,2,0,0
BRDA:16,2,1,0
BRDA:16,2,2,0
BRDA:16,2,3,0
BRDA:34,3,0,0
BRDA:34,3,1,0
BRDA:34,4,0,0
BRDA:34,4,1,0
BRDA:35,5,0,0
BRDA:35,5,1,0
BRDA:37,6,0,0
BRDA:37,6,1,0
BRDA:56,7,0,0
BRDA:56,7,1,0
BRF:18
BRH:0
end_of_record
TN:
SF:src/constants/firebaseConstants.ts
FNF:0
FNH:0
DA:6,1
DA:15,1
DA:28,1
LF:3
LH:3
BRF:0
BRH:0
end_of_record
TN:
SF:src/hooks/useDateTimePicker.tsx
FN:12,(anonymous_0)
FN:21,(anonymous_1)
FN:25,(anonymous_2)
FN:29,(anonymous_3)
FN:34,(anonymous_4)
FN:38,(anonymous_5)
FN:50,(anonymous_6)
FN:55,(anonymous_7)
FN:62,(anonymous_8)
FNF:9
FNH:0
FNDA:0,(anonymous_0)
FNDA:0,(anonymous_1)
FNDA:0,(anonymous_2)
FNDA:0,(anonymous_3)
FNDA:0,(anonymous_4)
FNDA:0,(anonymous_5)
FNDA:0,(anonymous_6)
FNDA:0,(anonymous_7)
FNDA:0,(anonymous_8)
DA:12,0
DA:13,0
DA:14,0
DA:17,0
DA:20,0
DA:21,0
DA:24,0
DA:25,0
DA:29,0
DA:30,0
DA:31,0
DA:34,0
DA:35,0
DA:38,0
DA:39,0
DA:40,0
DA:41,0
DA:42,0
DA:44,0
DA:46,0
DA:50,0
DA:51,0
DA:52,0
DA:55,0
DA:56,0
DA:62,0
DA:63,0
DA:64,0
DA:76,0
DA:77,0
DA:111,0
DA:114,0
DA:124,0
LF:33
LH:0
BRDA:39,0,0,0
BRDA:39,0,1,0
BRDA:41,1,0,0
BRDA:41,1,1,0
BRDA:41,2,0,0
BRDA:41,2,1,0
BRDA:44,3,0,0
BRDA:44,3,1,0
BRDA:63,4,0,0
BRDA:63,4,1,0
BRDA:63,5,0,0
BRDA:63,5,1,0
BRDA:66,6,0,0
BRDA:66,6,1,0
BRDA:76,7,0,0
BRDA:76,7,1,0
BRDA:86,8,0,0
BRDA:86,8,1,0
BRDA:88,9,0,0
BRDA:88,9,1,0
BRF:20
BRH:0
end_of_record
TN:
SF:src/hooks/useDebounce.ts
FN:10,useDebounce
FN:14,(anonymous_1)
FN:16,(anonymous_2)
FN:23,(anonymous_3)
FNF:4
FNH:4
FNDA:10,useDebounce
FNDA:8,(anonymous_1)
FNDA:2,(anonymous_2)
FNDA:8,(anonymous_3)
DA:12,10
DA:14,10
DA:16,8
DA:17,2
DA:23,8
DA:24,8
DA:28,10
LF:7
LH:7
BRF:0
BRH:0
end_of_record
TN:
SF:src/hooks/useEventSubscription.ts
FN:12,useEventSubscription
FN:15,(anonymous_1)
FN:30,(anonymous_2)
FN:44,(anonymous_3)
FNF:4
FNH:0
FNDA:0,useEventSubscription
FNDA:0,(anonymous_1)
FNDA:0,(anonymous_2)
FNDA:0,(anonymous_3)
DA:13,0
DA:15,0
DA:17,0
DA:20,0
DA:31,0
DA:34,0
DA:38,0
DA:44,0
DA:45,0
LF:9
LH:0
BRDA:17,0,0,0
BRDA:17,0,1,0
BRF:2
BRH:0
end_of_record
TN:
SF:src/hooks/useImagePicker.tsx
FN:16,(anonymous_0)
FN:23,(anonymous_1)
FN:27,(anonymous_2)
FN:52,(anonymous_3)
FNF:4
FNH:4
FNDA:25,(anonymous_0)
FNDA:1,(anonymous_1)
FNDA:12,(anonymous_2)
FNDA:9,(anonymous_3)
DA:10,1
DA:11,1
DA:16,1
DA:17,25
DA:18,25
DA:19,25
DA:21,25
DA:23,25
DA:24,1
DA:27,25
DA:28,12
DA:31,12
DA:32,12
DA:33,10
DA:35,1
DA:36,1
DA:39,2
DA:40,2
DA:41,2
DA:44,9
DA:53,9
DA:54,1
DA:55,1
DA:57,8
DA:58,3
DA:59,3
DA:60,1
DA:62,2
DA:64,3
DA:66,5
DA:67,5
DA:70,5
DA:71,1
DA:72,1
DA:74,4
DA:75,1
DA:76,1
DA:78,3
DA:79,1
DA:80,1
DA:83,2
DA:84,2
DA:90,25
LF:43
LH:43
BRDA:21,0,0,25
BRDA:21,0,1,23
BRDA:33,1,0,1
BRDA:33,1,1,9
BRDA:53,2,0,1
BRDA:53,2,1,8
BRDA:57,3,0,3
BRDA:57,3,1,5
BRDA:59,4,0,1
BRDA:59,4,1,2
BRDA:62,5,0,2
BRDA:62,5,1,1
BRDA:66,6,0,5
BRDA:66,6,1,0
BRDA:66,7,0,5
BRDA:66,7,1,5
BRDA:70,8,0,1
BRDA:70,8,1,4
BRDA:74,9,0,1
BRDA:74,9,1,3
BRDA:78,10,0,1
BRDA:78,10,1,2
BRF:22
BRH:21
end_of_record
TN:
SF:src/hooks/useNetworkMonitor.ts
FN:5,useNetworkMonitor
FN:8,(anonymous_1)
FN:10,(anonymous_2)
FNF:3
FNH:0
FNDA:0,useNetworkMonitor
FNDA:0,(anonymous_1)
FNDA:0,(anonymous_2)
DA:6,0
DA:8,0
DA:10,0
DA:11,0
DA:14,0
DA:15,0
DA:18,0
DA:19,0
DA:20,0
DA:23,0
DA:28,0
DA:31,0
LF:12
LH:0
BRDA:14,0,0,0
BRDA:14,0,1,0
BRDA:18,1,0,0
BRDA:18,1,1,0
BRF:4
BRH:0
end_of_record
TN:
SF:src/lib/firebase.ts
FNF:0
FNH:0
DA:3,1
LF:1
LH:1
BRDA:3,0,0,1
BRDA:3,0,1,0
BRF:2
BRH:1
end_of_record
TN:
SF:src/lib/supabase.ts
FNF:0
FNH:0
DA:6,0
DA:7,0
DA:9,0
DA:10,0
DA:13,0
LF:5
LH:0
BRDA:9,0,0,0
BRDA:9,0,1,0
BRDA:9,1,0,0
BRDA:9,1,1,0
BRF:4
BRH:0
end_of_record
TN:
SF:src/screens/DiscoverScreen.tsx
FN:41,DiscoverScreen
FN:65,(anonymous_1)
FN:68,(anonymous_2)
FN:78,(anonymous_3)
FN:85,(anonymous_4)
FN:102,(anonymous_5)
FN:107,(anonymous_6)
FN:124,(anonymous_7)
FN:153,(anonymous_8)
FN:162,(anonymous_9)
FN:169,(anonymous_10)
FN:193,(anonymous_11)
FN:204,(anonymous_12)
FN:245,(anonymous_13)
FN:246,(anonymous_14)
FN:247,(anonymous_15)
FN:273,(anonymous_16)
FNF:17
FNH:0
FNDA:0,DiscoverScreen
FNDA:0,(anonymous_1)
FNDA:0,(anonymous_2)
FNDA:0,(anonymous_3)
FNDA:0,(anonymous_4)
FNDA:0,(anonymous_5)
FNDA:0,(anonymous_6)
FNDA:0,(anonymous_7)
FNDA:0,(anonymous_8)
FNDA:0,(anonymous_9)
FNDA:0,(anonymous_10)
FNDA:0,(anonymous_11)
FNDA:0,(anonymous_12)
FNDA:0,(anonymous_13)
FNDA:0,(anonymous_14)
FNDA:0,(anonymous_15)
FNDA:0,(anonymous_16)
DA:42,0
DA:58,0
DA:60,0
DA:61,0
DA:62,0
DA:63,0
DA:64,0
DA:65,0
DA:66,0
DA:68,0
DA:69,0
DA:78,0
DA:81,0
DA:85,0
DA:86,0
DA:87,0
DA:88,0
DA:91,0
DA:92,0
DA:96,0
DA:101,0
DA:102,0
DA:107,0
DA:108,0
DA:110,0
DA:111,0
DA:113,0
DA:115,0
DA:124,0
DA:126,0
DA:127,0
DA:128,0
DA:132,0
DA:133,0
DA:134,0
DA:138,0
DA:139,0
DA:153,0
DA:154,0
DA:155,0
DA:162,0
DA:163,0
DA:164,0
DA:169,0
DA:170,0
DA:171,0
DA:173,0
DA:179,0
DA:193,0
DA:196,0
DA:197,0
DA:204,0
DA:206,0
DA:207,0
DA:215,0
DA:216,0
DA:225,0
DA:232,0
DA:242,0
DA:245,0
DA:247,0
DA:268,0
DA:284,0
LF:63
LH:0
BRDA:86,0,0,0
BRDA:86,0,1,0
BRDA:91,1,0,0
BRDA:91,1,1,0
BRDA:91,2,0,0
BRDA:91,2,1,0
BRDA:108,3,0,0
BRDA:108,3,1,0
BRDA:110,4,0,0
BRDA:110,4,1,0
BRDA:126,5,0,0
BRDA:126,5,1,0
BRDA:132,6,0,0
BRDA:132,6,1,0
BRDA:138,7,0,0
BRDA:138,7,1,0
BRDA:138,8,0,0
BRDA:138,8,1,0
BRDA:138,8,2,0
BRDA:163,9,0,0
BRDA:163,9,1,0
BRDA:163,10,0,0
BRDA:163,10,1,0
BRDA:163,10,2,0
BRDA:170,11,0,0
BRDA:170,11,1,0
BRDA:171,12,0,0
BRDA:171,12,1,0
BRDA:196,13,0,0
BRDA:196,13,1,0
BRDA:196,14,0,0
BRDA:196,14,1,0
BRDA:206,15,0,0
BRDA:206,15,1,0
BRDA:206,16,0,0
BRDA:206,16,1,0
BRDA:206,16,2,0
BRDA:215,17,0,0
BRDA:215,17,1,0
BRDA:215,18,0,0
BRDA:215,18,1,0
BRDA:225,19,0,0
BRDA:225,19,1,0
BRDA:226,20,0,0
BRDA:226,20,1,0
BRDA:226,20,2,0
BRDA:226,20,3,0
BRDA:226,20,4,0
BRDA:254,21,0,0
BRDA:254,21,1,0
BRDA:258,22,0,0
BRDA:258,22,1,0
BRDA:258,22,2,0
BRF:53
BRH:0
end_of_record
TN:
SF:src/screens/EventDetailsScreen.tsx
FN:41,EventDetailsScreen
FN:58,(anonymous_1)
FN:62,(anonymous_2)
FN:66,(anonymous_3)
FN:69,(anonymous_4)
FN:76,(anonymous_5)
FN:96,(anonymous_6)
FN:119,(anonymous_7)
FN:132,(anonymous_8)
FN:137,(anonymous_9)
FN:183,(anonymous_10)
FN:336,(anonymous_11)
FN:353,(anonymous_12)
FN:362,(anonymous_13)
FNF:14
FNH:0
FNDA:0,EventDetailsScreen
FNDA:0,(anonymous_1)
FNDA:0,(anonymous_2)
FNDA:0,(anonymous_3)
FNDA:0,(anonymous_4)
FNDA:0,(anonymous_5)
FNDA:0,(anonymous_6)
FNDA:0,(anonymous_7)
FNDA:0,(anonymous_8)
FNDA:0,(anonymous_9)
FNDA:0,(anonymous_10)
FNDA:0,(anonymous_11)
FNDA:0,(anonymous_12)
FNDA:0,(anonymous_13)
DA:42,0
DA:43,0
DA:44,0
DA:45,0
DA:46,0
DA:47,0
DA:48,0
DA:49,0
DA:50,0
DA:51,0
DA:52,0
DA:53,0
DA:57,0
DA:58,0
DA:62,0
DA:63,0
DA:66,0
DA:67,0
DA:69,0
DA:70,0
DA:71,0
DA:76,0
DA:79,0
DA:82,0
DA:83,0
DA:88,0
DA:91,0
DA:97,0
DA:119,0
DA:120,0
DA:121,0
DA:122,0
DA:128,0
DA:132,0
DA:133,0
DA:134,0
DA:135,0
DA:137,0
DA:139,0
DA:144,0
DA:145,0
DA:146,0
DA:150,0
DA:152,0
DA:153,0
DA:157,0
DA:160,0
DA:162,0
DA:172,0
DA:174,0
DA:176,0
DA:177,0
DA:183,0
DA:189,0
DA:193,0
DA:194,0
DA:202,0
DA:203,0
DA:214,0
DA:215,0
DA:216,0
DA:217,0
DA:219,0
DA:220,0
DA:222,0
DA:223,0
DA:224,0
DA:225,0
DA:226,0
DA:227,0
DA:228,0
DA:229,0
DA:230,0
DA:233,0
DA:239,0
DA:337,0
DA:354,0
DA:363,0
DA:407,0
LF:79
LH:0
BRDA:67,0,0,0
BRDA:67,0,1,0
BRDA:70,1,0,0
BRDA:70,1,1,0
BRDA:82,2,0,0
BRDA:82,2,1,0
BRDA:109,3,0,0
BRDA:109,3,1,0
BRDA:111,4,0,0
BRDA:111,4,1,0
BRDA:120,5,0,0
BRDA:120,5,1,0
BRDA:133,6,0,0
BRDA:133,6,1,0
BRDA:134,7,0,0
BRDA:134,7,1,0
BRDA:145,8,0,0
BRDA:145,8,1,0
BRDA:152,9,0,0
BRDA:152,9,1,0
BRDA:176,10,0,0
BRDA:176,10,1,0
BRDA:189,11,0,0
BRDA:189,11,1,0
BRDA:193,12,0,0
BRDA:193,12,1,0
BRDA:193,13,0,0
BRDA:193,13,1,0
BRDA:202,14,0,0
BRDA:202,14,1,0
BRDA:222,15,0,0
BRDA:222,15,1,0
BRDA:225,16,0,0
BRDA:225,16,1,0
BRDA:228,17,0,0
BRDA:228,17,1,0
BRDA:243,18,0,0
BRDA:243,18,1,0
BRDA:278,19,0,0
BRDA:278,19,1,0
BRDA:308,20,0,0
BRDA:308,20,1,0
BRDA:347,21,0,0
BRDA:347,21,1,0
BRDA:347,21,2,0
BRDA:347,21,3,0
BRDA:375,22,0,0
BRDA:375,22,1,0
BRDA:375,23,0,0
BRDA:375,23,1,0
BRDA:383,24,0,0
BRDA:383,24,1,0
BRDA:388,25,0,0
BRDA:388,25,1,0
BRDA:393,26,0,0
BRDA:393,26,1,0
BRDA:417,27,0,0
BRDA:417,27,1,0
BRF:58
BRH:0
end_of_record
TN:
SF:src/screens/EventFormScreen.tsx
FN:59,EventFormScreen
FN:96,(anonymous_1)
FN:103,(anonymous_2)
FN:105,(anonymous_3)
FN:153,(anonymous_4)
FN:160,(anonymous_5)
FN:164,(anonymous_6)
FN:166,(anonymous_7)
FN:169,(anonymous_8)
FN:218,(anonymous_9)
FN:247,(anonymous_10)
FN:353,(anonymous_11)
FN:371,(anonymous_12)
FN:386,(anonymous_13)
FN:400,(anonymous_14)
FN:431,(anonymous_15)
FN:447,(anonymous_16)
FN:472,(anonymous_17)
FN:486,(anonymous_18)
FN:511,(anonymous_19)
FN:526,(anonymous_20)
FN:545,(anonymous_21)
FNF:22
FNH:0
FNDA:0,EventFormScreen
FNDA:0,(anonymous_1)
FNDA:0,(anonymous_2)
FNDA:0,(anonymous_3)
FNDA:0,(anonymous_4)
FNDA:0,(anonymous_5)
FNDA:0,(anonymous_6)
FNDA:0,(anonymous_7)
FNDA:0,(anonymous_8)
FNDA:0,(anonymous_9)
FNDA:0,(anonymous_10)
FNDA:0,(anonymous_11)
FNDA:0,(anonymous_12)
FNDA:0,(anonymous_13)
FNDA:0,(anonymous_14)
FNDA:0,(anonymous_15)
FNDA:0,(anonymous_16)
FNDA:0,(anonymous_17)
FNDA:0,(anonymous_18)
FNDA:0,(anonymous_19)
FNDA:0,(anonymous_20)
FNDA:0,(anonymous_21)
DA:46,0
DA:60,0
DA:61,0
DA:62,0
DA:63,0
DA:65,0
DA:66,0
DA:69,0
DA:72,0
DA:73,0
DA:74,0
DA:75,0
DA:85,0
DA:94,0
DA:96,0
DA:97,0
DA:103,0
DA:104,0
DA:105,0
DA:106,0
DA:107,0
DA:108,0
DA:109,0
DA:110,0
DA:111,0
DA:112,0
DA:113,0
DA:116,0
DA:130,0
DA:131,0
DA:134,0
DA:135,0
DA:137,0
DA:140,0
DA:143,0
DA:144,0
DA:145,0
DA:146,0
DA:147,0
DA:153,0
DA:154,0
DA:155,0
DA:156,0
DA:160,0
DA:164,0
DA:165,0
DA:166,0
DA:169,0
DA:170,0
DA:171,0
DA:172,0
DA:173,0
DA:176,0
DA:182,0
DA:185,0
DA:186,0
DA:189,0
DA:190,0
DA:191,0
DA:192,0
DA:196,0
DA:199,0
DA:201,0
DA:202,0
DA:203,0
DA:211,0
DA:214,0
DA:215,0
DA:218,0
DA:223,0
DA:224,0
DA:229,0
DA:230,0
DA:237,0
DA:247,0
DA:353,0
DA:371,0
DA:386,0
DA:400,0
DA:431,0
DA:447,0
DA:472,0
DA:486,0
DA:511,0
DA:526,0
DA:546,0
DA:590,0
LF:87
LH:0
BRDA:104,0,0,0
BRDA:104,0,1,0
BRDA:104,1,0,0
BRDA:104,1,1,0
BRDA:109,2,0,0
BRDA:109,2,1,0
BRDA:112,3,0,0
BRDA:112,3,1,0
BRDA:113,4,0,0
BRDA:113,4,1,0
BRDA:120,5,0,0
BRDA:120,5,1,0
BRDA:123,6,0,0
BRDA:123,6,1,0
BRDA:124,7,0,0
BRDA:124,7,1,0
BRDA:126,8,0,0
BRDA:126,8,1,0
BRDA:127,9,0,0
BRDA:127,9,1,0
BRDA:134,10,0,0
BRDA:134,10,1,0
BRDA:154,11,0,0
BRDA:154,11,1,0
BRDA:165,12,0,0
BRDA:165,12,1,0
BRDA:170,13,0,0
BRDA:170,13,1,0
BRDA:170,14,0,0
BRDA:170,14,1,0
BRDA:171,15,0,0
BRDA:171,15,1,0
BRDA:185,16,0,0
BRDA:185,16,1,0
BRDA:185,17,0,0
BRDA:185,17,1,0
BRDA:190,18,0,0
BRDA:190,18,1,0
BRDA:202,19,0,0
BRDA:202,19,1,0
BRDA:202,20,0,0
BRDA:202,20,1,0
BRDA:206,21,0,0
BRDA:206,21,1,0
BRDA:214,22,0,0
BRDA:214,22,1,0
BRDA:217,23,0,0
BRDA:217,23,1,0
BRDA:229,24,0,0
BRDA:229,24,1,0
BRDA:259,25,0,0
BRDA:259,25,1,0
BRDA:267,26,0,0
BRDA:267,26,1,0
BRDA:276,27,0,0
BRDA:276,27,1,0
BRDA:290,28,0,0
BRDA:290,28,1,0
BRDA:297,29,0,0
BRDA:297,29,1,0
BRDA:301,30,0,0
BRDA:301,30,1,0
BRDA:312,31,0,0
BRDA:312,31,1,0
BRDA:317,32,0,0
BRDA:317,32,1,0
BRDA:334,33,0,0
BRDA:334,33,1,0
BRDA:351,34,0,0
BRDA:351,34,1,0
BRDA:357,35,0,0
BRDA:357,35,1,0
BRDA:368,36,0,0
BRDA:368,36,1,0
BRDA:376,37,0,0
BRDA:376,37,1,0
BRDA:384,38,0,0
BRDA:384,38,1,0
BRDA:390,39,0,0
BRDA:390,39,1,0
BRDA:398,40,0,0
BRDA:398,40,1,0
BRDA:404,41,0,0
BRDA:404,41,1,0
BRDA:429,42,0,0
BRDA:429,42,1,0
BRDA:435,43,0,0
BRDA:435,43,1,0
BRDA:445,44,0,0
BRDA:445,44,1,0
BRDA:451,45,0,0
BRDA:451,45,1,0
BRDA:470,46,0,0
BRDA:470,46,1,0
BRDA:476,47,0,0
BRDA:476,47,1,0
BRDA:484,48,0,0
BRDA:484,48,1,0
BRDA:490,49,0,0
BRDA:490,49,1,0
BRDA:509,50,0,0
BRDA:509,50,1,0
BRDA:516,51,0,0
BRDA:516,51,1,0
BRDA:524,52,0,0
BRDA:524,52,1,0
BRDA:531,53,0,0
BRDA:531,53,1,0
BRDA:542,54,0,0
BRDA:542,54,1,0
BRDA:552,55,0,0
BRDA:552,55,1,0
BRDA:564,56,0,0
BRDA:564,56,1,0
BRDA:564,56,2,0
BRDA:567,57,0,0
BRDA:567,57,1,0
BRDA:569,58,0,0
BRDA:569,58,1,0
BRDA:569,59,0,0
BRDA:569,59,1,0
BRDA:573,60,0,0
BRDA:573,60,1,0
BRDA:580,61,0,0
BRDA:580,61,1,0
BRDA:724,62,0,0
BRDA:724,62,1,0
BRDA:744,63,0,0
BRDA:744,63,1,0
BRF:129
BRH:0
end_of_record
TN:
SF:src/screens/FavoritesScreen.tsx
FN:36,FavoritesScreen
FN:42,(anonymous_1)
FN:44,(anonymous_2)
FN:52,(anonymous_3)
FN:59,(anonymous_4)
FN:63,(anonymous_5)
FN:74,(anonymous_6)
FN:96,(anonymous_7)
FN:97,(anonymous_8)
FN:98,(anonymous_9)
FNF:10
FNH:0
FNDA:0,FavoritesScreen
FNDA:0,(anonymous_1)
FNDA:0,(anonymous_2)
FNDA:0,(anonymous_3)
FNDA:0,(anonymous_4)
FNDA:0,(anonymous_5)
FNDA:0,(anonymous_6)
FNDA:0,(anonymous_7)
FNDA:0,(anonymous_8)
FNDA:0,(anonymous_9)
DA:37,0
DA:38,0
DA:41,0
DA:42,0
DA:44,0
DA:45,0
DA:52,0
DA:53,0
DA:59,0
DA:60,0
DA:63,0
DA:64,0
DA:74,0
DA:75,0
DA:81,0
DA:82,0
DA:89,0
DA:96,0
DA:98,0
DA:111,0
LF:20
LH:0
BRDA:81,0,0,0
BRDA:81,0,1,0
BRDA:81,1,0,0
BRDA:81,1,1,0
BRDA:91,2,0,0
BRDA:91,2,1,0
BRDA:92,3,0,0
BRDA:92,3,1,0
BRF:8
BRH:0
end_of_record
TN:
SF:src/screens/LoginScreen.tsx
FN:29,LoginScreen
FN:39,(anonymous_1)
FN:47,(anonymous_2)
FN:64,(anonymous_3)
FN:84,(anonymous_4)
FN:87,(anonymous_5)
FN:91,(anonymous_6)
FN:94,(anonymous_7)
FN:162,(anonymous_8)
FN:209,(anonymous_9)
FNF:10
FNH:0
FNDA:0,LoginScreen
FNDA:0,(anonymous_1)
FNDA:0,(anonymous_2)
FNDA:0,(anonymous_3)
FNDA:0,(anonymous_4)
FNDA:0,(anonymous_5)
FNDA:0,(anonymous_6)
FNDA:0,(anonymous_7)
FNDA:0,(anonymous_8)
FNDA:0,(anonymous_9)
DA:30,0
DA:31,0
DA:32,0
DA:33,0
DA:34,0
DA:36,0
DA:37,0
DA:39,0
DA:40,0
DA:47,0
DA:48,0
DA:50,0
DA:51,0
DA:52,0
DA:53,0
DA:56,0
DA:57,0
DA:60,0
DA:61,0
DA:64,0
DA:65,0
DA:66,0
DA:69,0
DA:70,0
DA:71,0
DA:72,0
DA:74,0
DA:76,0
DA:79,0
DA:84,0
DA:85,0
DA:86,0
DA:87,0
DA:91,0
DA:92,0
DA:93,0
DA:94,0
DA:98,0
DA:162,0
DA:209,0
DA:220,0
LF:41
LH:0
BRDA:50,0,0,0
BRDA:50,0,1,0
BRDA:52,1,0,0
BRDA:52,1,1,0
BRDA:56,2,0,0
BRDA:56,2,1,0
BRDA:65,3,0,0
BRDA:65,3,1,0
BRDA:72,4,0,0
BRDA:72,4,1,0
BRDA:86,5,0,0
BRDA:86,5,1,0
BRDA:93,6,0,0
BRDA:93,6,1,0
BRDA:101,7,0,0
BRDA:101,7,1,0
BRDA:124,8,0,0
BRDA:124,8,1,0
BRDA:125,9,0,0
BRDA:125,9,1,0
BRDA:144,10,0,0
BRDA:144,10,1,0
BRDA:145,11,0,0
BRDA:145,11,1,0
BRDA:164,12,0,0
BRDA:164,12,1,0
BRDA:179,13,0,0
BRDA:179,13,1,0
BRDA:257,14,0,0
BRDA:257,14,1,0
BRF:30
BRH:0
end_of_record
TN:
SF:src/screens/MyEventsScreen.tsx
FN:43,MyEventsScreen
FN:48,(anonymous_1)
FN:55,(anonymous_2)
FN:83,(anonymous_3)
FN:89,(anonymous_4)
FN:93,(anonymous_5)
FN:102,(anonymous_6)
FN:108,(anonymous_7)
FN:112,(anonymous_8)
FN:119,(anonymous_9)
FN:158,(anonymous_10)
FN:170,(anonymous_11)
FN:171,(anonymous_12)
FN:174,(anonymous_13)
FN:175,(anonymous_14)
FN:176,(anonymous_15)
FNF:16
FNH:0
FNDA:0,MyEventsScreen
FNDA:0,(anonymous_1)
FNDA:0,(anonymous_2)
FNDA:0,(anonymous_3)
FNDA:0,(anonymous_4)
FNDA:0,(anonymous_5)
FNDA:0,(anonymous_6)
FNDA:0,(anonymous_7)
FNDA:0,(anonymous_8)
FNDA:0,(anonymous_9)
FNDA:0,(anonymous_10)
FNDA:0,(anonymous_11)
FNDA:0,(anonymous_12)
FNDA:0,(anonymous_13)
FNDA:0,(anonymous_14)
FNDA:0,(anonymous_15)
DA:44,0
DA:45,0
DA:46,0
DA:48,0
DA:49,0
DA:55,0
DA:56,0
DA:58,0
DA:63,0
DA:66,0
DA:81,0
DA:83,0
DA:89,0
DA:90,0
DA:93,0
DA:94,0
DA:102,0
DA:108,0
DA:109,0
DA:112,0
DA:113,0
DA:119,0
DA:120,0
DA:139,0
DA:140,0
DA:147,0
DA:158,0
DA:170,0
DA:172,0
DA:174,0
DA:175,0
DA:176,0
DA:197,0
LF:33
LH:0
BRDA:63,0,0,0
BRDA:63,0,1,0
BRDA:122,1,0,0
BRDA:122,1,1,0
BRDA:127,2,0,0
BRDA:127,2,1,0
BRDA:132,3,0,0
BRDA:132,3,1,0
BRDA:139,4,0,0
BRDA:139,4,1,0
BRDA:161,5,0,0
BRDA:161,5,1,0
BRDA:181,6,0,0
BRDA:181,6,1,0
BRDA:200,7,0,0
BRDA:200,7,1,0
BRDA:221,8,0,0
BRDA:221,8,1,0
BRF:18
BRH:0
end_of_record
TN:
SF:src/screens/ProfileScreen.tsx
FN:38,ProfileScreen
FN:45,(anonymous_1)
FN:53,(anonymous_2)
FN:59,(anonymous_3)
FN:74,(anonymous_4)
FN:83,(anonymous_5)
FN:89,(anonymous_6)
FN:95,(anonymous_7)
FN:101,(anonymous_8)
FN:141,(anonymous_9)
FNF:10
FNH:0
FNDA:0,ProfileScreen
FNDA:0,(anonymous_1)
FNDA:0,(anonymous_2)
FNDA:0,(anonymous_3)
FNDA:0,(anonymous_4)
FNDA:0,(anonymous_5)
FNDA:0,(anonymous_6)
FNDA:0,(anonymous_7)
FNDA:0,(anonymous_8)
FNDA:0,(anonymous_9)
DA:39,0
DA:40,0
DA:41,0
DA:42,0
DA:43,0
DA:45,0
DA:46,0
DA:53,0
DA:54,0
DA:60,0
DA:61,0
DA:62,0
DA:64,0
DA:65,0
DA:67,0
DA:74,0
DA:75,0
DA:78,0
DA:83,0
DA:89,0
DA:95,0
DA:101,0
DA:105,0
DA:142,0
DA:143,0
DA:191,0
LF:26
LH:0
BRDA:119,0,0,0
BRDA:119,0,1,0
BRDA:122,1,0,0
BRDA:122,1,1,0
BRDA:166,2,0,0
BRDA:166,2,1,0
BRDA:172,3,0,0
BRDA:172,3,1,0
BRF:8
BRH:0
end_of_record
TN:
SF:src/screens/RegisterScreen.tsx
FN:35,RegisterScreen
FN:49,(anonymous_1)
FN:57,(anonymous_2)
FN:72,(anonymous_3)
FN:86,(anonymous_4)
FN:95,(anonymous_5)
FN:95,(anonymous_6)
FN:98,(anonymous_7)
FN:206,(anonymous_8)
FN:246,(anonymous_9)
FN:282,(anonymous_10)
FNF:11
FNH:0
FNDA:0,RegisterScreen
FNDA:0,(anonymous_1)
FNDA:0,(anonymous_2)
FNDA:0,(anonymous_3)
FNDA:0,(anonymous_4)
FNDA:0,(anonymous_5)
FNDA:0,(anonymous_6)
FNDA:0,(anonymous_7)
FNDA:0,(anonymous_8)
FNDA:0,(anonymous_9)
FNDA:0,(anonymous_10)
DA:36,0
DA:37,0
DA:38,0
DA:39,0
DA:40,0
DA:42,0
DA:43,0
DA:44,0
DA:46,0
DA:47,0
DA:49,0
DA:50,0
DA:57,0
DA:58,0
DA:59,0
DA:60,0
DA:61,0
DA:62,0
DA:63,0
DA:64,0
DA:65,0
DA:66,0
DA:68,0
DA:69,0
DA:72,0
DA:73,0
DA:74,0
DA:77,0
DA:78,0
DA:79,0
DA:80,0
DA:81,0
DA:83,0
DA:86,0
DA:90,0
DA:95,0
DA:96,0
DA:97,0
DA:98,0
DA:102,0
DA:206,0
DA:246,0
DA:282,0
DA:293,0
LF:44
LH:0
BRDA:59,0,0,0
BRDA:59,0,1,0
BRDA:60,1,0,0
BRDA:60,1,1,0
BRDA:61,2,0,0
BRDA:61,2,1,0
BRDA:62,3,0,0
BRDA:62,3,1,0
BRDA:63,4,0,0
BRDA:63,4,1,0
BRDA:65,5,0,0
BRDA:65,5,1,0
BRDA:73,6,0,0
BRDA:73,6,1,0
BRDA:80,7,0,0
BRDA:80,7,1,0
BRDA:97,8,0,0
BRDA:97,8,1,0
BRDA:105,9,0,0
BRDA:105,9,1,0
BRDA:128,10,0,0
BRDA:128,10,1,0
BRDA:134,11,0,0
BRDA:134,11,1,0
BRDA:154,12,0,0
BRDA:154,12,1,0
BRDA:160,13,0,0
BRDA:160,13,1,0
BRDA:181,14,0,0
BRDA:181,14,1,0
BRDA:187,15,0,0
BRDA:187,15,1,0
BRDA:208,16,0,0
BRDA:208,16,1,0
BRDA:218,17,0,0
BRDA:218,17,1,0
BRDA:224,18,0,0
BRDA:224,18,1,0
BRDA:248,19,0,0
BRDA:248,19,1,0
BRDA:258,20,0,0
BRDA:258,20,1,0
BRDA:330,21,0,0
BRDA:330,21,1,0
BRF:44
BRH:0
end_of_record
TN:
SF:src/screens/TicketDetailsScreen.tsx
FN:32,TicketDetailsScreen
FN:39,(anonymous_1)
FN:41,(anonymous_2)
FN:45,(anonymous_3)
FN:72,(anonymous_4)
FN:85,(anonymous_5)
FNF:6
FNH:0
FNDA:0,TicketDetailsScreen
FNDA:0,(anonymous_1)
FNDA:0,(anonymous_2)
FNDA:0,(anonymous_3)
FNDA:0,(anonymous_4)
FNDA:0,(anonymous_5)
DA:33,0
DA:34,0
DA:36,0
DA:37,0
DA:39,0
DA:41,0
DA:42,0
DA:43,0
DA:46,0
DA:64,0
DA:72,0
DA:73,0
DA:74,0
DA:75,0
DA:81,0
DA:85,0
DA:86,0
DA:93,0
DA:94,0
DA:104,0
DA:184,0
LF:21
LH:0
BRDA:42,0,0,0
BRDA:42,0,1,0
BRDA:73,1,0,0
BRDA:73,1,1,0
BRDA:93,2,0,0
BRDA:93,2,1,0
BRF:6
BRH:0
end_of_record
TN:
SF:src/screens/TicketScreen.tsx
FN:36,TicketsScreen
FN:42,(anonymous_1)
FN:49,(anonymous_2)
FN:73,(anonymous_3)
FN:77,(anonymous_4)
FN:81,(anonymous_5)
FN:121,(anonymous_6)
FN:134,(anonymous_7)
FN:135,(anonymous_8)
FN:138,(anonymous_9)
FNF:10
FNH:0
FNDA:0,TicketsScreen
FNDA:0,(anonymous_1)
FNDA:0,(anonymous_2)
FNDA:0,(anonymous_3)
FNDA:0,(anonymous_4)
FNDA:0,(anonymous_5)
FNDA:0,(anonymous_6)
FNDA:0,(anonymous_7)
FNDA:0,(anonymous_8)
FNDA:0,(anonymous_9)
DA:37,0
DA:38,0
DA:40,0
DA:42,0
DA:43,0
DA:49,0
DA:50,0
DA:52,0
DA:57,0
DA:60,0
DA:73,0
DA:74,0
DA:77,0
DA:78,0
DA:81,0
DA:82,0
DA:101,0
DA:102,0
DA:109,0
DA:121,0
DA:134,0
DA:136,0
DA:138,0
DA:161,0
LF:24
LH:0
BRDA:57,0,0,0
BRDA:57,0,1,0
BRDA:84,1,0,0
BRDA:84,1,1,0
BRDA:89,2,0,0
BRDA:89,2,1,0
BRDA:94,3,0,0
BRDA:94,3,1,0
BRDA:101,4,0,0
BRDA:101,4,1,0
BRDA:114,5,0,0
BRDA:114,5,1,0
BRDA:125,6,0,0
BRDA:125,6,1,0
BRDA:144,7,0,0
BRDA:144,7,1,0
BRF:16
BRH:0
end_of_record
TN:
SF:src/services/cacheManager.ts
FN:8,(anonymous_0)
FN:22,(anonymous_1)
FNF:2
FNH:0
FNDA:0,(anonymous_0)
FNDA:0,(anonymous_1)
DA:7,1
DA:9,0
DA:12,0
DA:19,0
DA:21,0
DA:22,0
LF:6
LH:1
BRDA:9,0,0,0
BRDA:9,0,1,0
BRF:2
BRH:0
end_of_record
TN:
SF:src/services/eventService.ts
FN:19,formatQueryForTsquery
FN:26,(anonymous_1)
FN:27,(anonymous_2)
FN:33,getLastSyncTimestamp
FN:37,setLastSyncTimestamp
FN:46,fetchEvents
FN:54,(anonymous_6)
FN:88,fetchUpdatedCachedEvents
FN:94,(anonymous_8)
FN:108,(anonymous_9)
FN:108,(anonymous_10)
FN:114,getLatestEventTimestamp
FN:115,(anonymous_12)
FN:126,getInitialEvents
FN:167,(anonymous_14)
FN:177,(anonymous_15)
FN:186,fetchNetworkSearch
FN:193,(anonymous_17)
FN:218,getMoreEvents
FN:242,(anonymous_19)
FN:248,(anonymous_20)
FN:275,(anonymous_21)
FN:287,(anonymous_22)
FN:306,fetchEventById
FN:320,(anonymous_24)
FN:331,(anonymous_25)
FN:344,fetchEventsByIds
FN:369,(anonymous_27)
FN:379,(anonymous_28)
FN:380,(anonymous_29)
FN:403,syncEventCache
FN:427,(anonymous_31)
FN:456,(anonymous_32)
FN:467,(anonymous_33)
FN:471,(anonymous_34)
FN:489,refreshEventCache
FNF:36
FNH:0
FNDA:0,formatQueryForTsquery
FNDA:0,(anonymous_1)
FNDA:0,(anonymous_2)
FNDA:0,getLastSyncTimestamp
FNDA:0,setLastSyncTimestamp
FNDA:0,fetchEvents
FNDA:0,(anonymous_6)
FNDA:0,fetchUpdatedCachedEvents
FNDA:0,(anonymous_8)
FNDA:0,(anonymous_9)
FNDA:0,(anonymous_10)
FNDA:0,getLatestEventTimestamp
FNDA:0,(anonymous_12)
FNDA:0,getInitialEvents
FNDA:0,(anonymous_14)
FNDA:0,(anonymous_15)
FNDA:0,fetchNetworkSearch
FNDA:0,(anonymous_17)
FNDA:0,getMoreEvents
FNDA:0,(anonymous_19)
FNDA:0,(anonymous_20)
FNDA:0,(anonymous_21)
FNDA:0,(anonymous_22)
FNDA:0,fetchEventById
FNDA:0,(anonymous_24)
FNDA:0,(anonymous_25)
FNDA:0,fetchEventsByIds
FNDA:0,(anonymous_27)
FNDA:0,(anonymous_28)
FNDA:0,(anonymous_29)
FNDA:0,syncEventCache
FNDA:0,(anonymous_31)
FNDA:0,(anonymous_32)
FNDA:0,(anonymous_33)
FNDA:0,(anonymous_34)
FNDA:0,refreshEventCache
DA:12,4
DA:20,0
DA:21,0
DA:23,0
DA:26,0
DA:27,0
DA:34,0
DA:38,0
DA:53,0
DA:54,0
DA:55,0
DA:64,0
DA:66,0
DA:67,0
DA:69,0
DA:70,0
DA:77,0
DA:78,0
DA:92,0
DA:94,0
DA:95,0
DA:101,0
DA:102,0
DA:104,0
DA:105,0
DA:108,0
DA:109,0
DA:111,0
DA:115,0
DA:116,0
DA:118,0
DA:119,0
DA:130,0
DA:132,0
DA:133,0
DA:136,0
DA:140,0
DA:144,0
DA:146,0
DA:149,0
DA:150,0
DA:153,0
DA:155,0
DA:162,0
DA:163,0
DA:166,0
DA:167,0
DA:168,0
DA:170,0
DA:177,0
DA:179,0
DA:192,0
DA:193,0
DA:194,0
DA:203,0
DA:205,0
DA:206,0
DA:209,0
DA:223,0
DA:224,0
DA:227,0
DA:229,0
DA:231,0
DA:238,0
DA:240,0
DA:241,0
DA:242,0
DA:243,0
DA:245,0
DA:247,0
DA:248,0
DA:249,0
DA:254,0
DA:258,0
DA:260,0
DA:268,0
DA:269,0
DA:274,0
DA:275,0
DA:277,0
DA:281,0
DA:287,0
DA:288,0
DA:293,0
DA:296,0
DA:297,0
DA:307,0
DA:308,0
DA:309,0
DA:310,0
DA:313,0
DA:314,0
DA:317,0
DA:320,0
DA:321,0
DA:325,0
DA:326,0
DA:328,0
DA:329,0
DA:331,0
DA:332,0
DA:337,0
DA:345,0
DA:347,0
DA:349,0
DA:350,0
DA:352,0
DA:353,0
DA:354,0
DA:356,0
DA:360,0
DA:361,0
DA:364,0
DA:365,0
DA:366,0
DA:369,0
DA:370,0
DA:374,0
DA:376,0
DA:377,0
DA:379,0
DA:381,0
DA:387,0
DA:389,0
DA:393,0
DA:397,0
DA:407,0
DA:408,0
DA:412,0
DA:413,0
DA:415,0
DA:420,0
DA:421,0
DA:427,0
DA:428,0
DA:434,0
DA:443,0
DA:449,0
DA:450,0
DA:455,0
DA:456,0
DA:458,0
DA:462,0
DA:463,0
DA:466,0
DA:468,0
DA:471,0
DA:473,0
DA:474,0
DA:476,0
DA:478,0
DA:479,0
DA:480,0
DA:482,0
DA:493,0
DA:494,0
DA:497,0
DA:498,0
DA:499,0
DA:502,4
LF:160
LH:2
BRDA:20,0,0,0
BRDA:20,0,1,0
BRDA:53,1,0,0
BRDA:53,1,1,0
BRDA:56,2,0,0
BRDA:56,2,1,0
BRDA:57,3,0,0
BRDA:57,3,1,0
BRDA:59,4,0,0
BRDA:59,4,1,0
BRDA:60,5,0,0
BRDA:60,5,1,0
BRDA:64,6,0,0
BRDA:64,6,1,0
BRDA:66,7,0,0
BRDA:66,7,1,0
BRDA:67,8,0,0
BRDA:67,8,1,0
BRDA:69,9,0,0
BRDA:69,9,1,0
BRDA:92,10,0,0
BRDA:92,10,1,0
BRDA:101,11,0,0
BRDA:101,11,1,0
BRDA:102,12,0,0
BRDA:102,12,1,0
BRDA:102,13,0,0
BRDA:102,13,1,0
BRDA:118,14,0,0
BRDA:118,14,1,0
BRDA:118,15,0,0
BRDA:118,15,1,0
BRDA:132,16,0,0
BRDA:132,16,1,0
BRDA:132,17,0,0
BRDA:132,17,1,0
BRDA:144,18,0,0
BRDA:144,18,1,0
BRDA:149,19,0,0
BRDA:149,19,1,0
BRDA:162,20,0,0
BRDA:162,20,1,0
BRDA:192,21,0,0
BRDA:192,21,1,0
BRDA:195,22,0,0
BRDA:195,22,1,0
BRDA:196,23,0,0
BRDA:196,23,1,0
BRDA:198,24,0,0
BRDA:198,24,1,0
BRDA:203,25,0,0
BRDA:203,25,1,0
BRDA:205,26,0,0
BRDA:205,26,1,0
BRDA:206,27,0,0
BRDA:206,27,1,0
BRDA:223,28,0,0
BRDA:223,28,1,0
BRDA:238,29,0,0
BRDA:238,29,1,0
BRDA:261,30,0,0
BRDA:261,30,1,0
BRDA:268,31,0,0
BRDA:268,31,1,0
BRDA:308,32,0,0
BRDA:308,32,1,0
BRDA:313,33,0,0
BRDA:313,33,1,0
BRDA:325,34,0,0
BRDA:325,34,1,0
BRDA:326,35,0,0
BRDA:326,35,1,0
BRDA:326,36,0,0
BRDA:326,36,1,0
BRDA:345,37,0,0
BRDA:345,37,1,0
BRDA:353,38,0,0
BRDA:353,38,1,0
BRDA:360,39,0,0
BRDA:360,39,1,0
BRDA:364,40,0,0
BRDA:364,40,1,0
BRDA:374,41,0,0
BRDA:374,41,1,0
BRDA:407,42,0,0
BRDA:407,42,1,0
BRDA:415,43,0,0
BRDA:415,43,1,0
BRDA:416,44,0,0
BRDA:416,44,1,0
BRDA:416,44,2,0
BRDA:430,45,0,0
BRDA:430,45,1,0
BRDA:435,46,0,0
BRDA:435,46,1,0
BRDA:449,47,0,0
BRDA:449,47,1,0
BRDA:449,48,0,0
BRDA:449,48,1,0
BRDA:473,49,0,0
BRDA:473,49,1,0
BRDA:479,50,0,0
BRDA:479,50,1,0
BRDA:493,51,0,0
BRDA:493,51,1,0
BRF:105
BRH:0
end_of_record
TN:
SF:src/services/favoritesService.ts
FN:23,getFavorites
FN:24,(anonymous_1)
FN:33,(anonymous_2)
FN:39,syncFavorites
FN:48,(anonymous_4)
FN:70,getFavoriteEvents
FN:128,syncFavoriteChanges
FN:134,(anonymous_7)
FN:136,(anonymous_8)
FNF:9
FNH:0
FNDA:0,getFavorites
FNDA:0,(anonymous_1)
FNDA:0,(anonymous_2)
FNDA:0,syncFavorites
FNDA:0,(anonymous_4)
FNDA:0,getFavoriteEvents
FNDA:0,syncFavoriteChanges
FNDA:0,(anonymous_7)
FNDA:0,(anonymous_8)
DA:15,1
DA:24,0
DA:25,0
DA:29,0
DA:30,0
DA:31,0
DA:33,0
DA:44,0
DA:45,0
DA:48,0
DA:49,0
DA:56,0
DA:57,0
DA:58,0
DA:74,0
DA:75,0
DA:76,0
DA:77,0
DA:80,0
DA:81,0
DA:85,0
DA:87,0
DA:89,0
DA:91,0
DA:92,0
DA:93,0
DA:94,0
DA:95,0
DA:96,0
DA:98,0
DA:99,0
DA:104,0
DA:108,0
DA:110,0
DA:111,0
DA:112,0
DA:115,0
DA:116,0
DA:120,0
DA:121,0
DA:133,0
DA:134,0
DA:135,0
DA:136,0
DA:139,0
DA:140,0
DA:141,0
DA:145,0
DA:147,0
DA:148,0
DA:153,0
DA:156,0
DA:159,1
LF:53
LH:2
BRDA:29,0,0,0
BRDA:29,0,1,0
BRDA:44,1,0,0
BRDA:44,1,1,0
BRDA:44,2,0,0
BRDA:44,2,1,0
BRDA:56,3,0,0
BRDA:56,3,1,0
BRDA:76,4,0,0
BRDA:76,4,1,0
BRDA:85,5,0,0
BRDA:85,5,1,0
BRDA:91,6,0,0
BRDA:91,6,1,0
BRDA:91,7,0,0
BRDA:91,7,1,0
BRDA:94,8,0,0
BRDA:94,8,1,0
BRDA:108,9,0,0
BRDA:108,9,1,0
BRDA:110,10,0,0
BRDA:110,10,1,0
BRDA:115,11,0,0
BRDA:115,11,1,0
BRDA:139,12,0,0
BRDA:139,12,1,0
BRDA:139,13,0,0
BRDA:139,13,1,0
BRF:28
BRH:0
end_of_record
TN:
SF:src/services/myEventsService.ts
FN:22,_getCurrentOrganizerData
FN:36,invalidateCaches
FN:50,_extractFilePath
FN:63,_deleteOldImage
FN:97,_uploadEventImage
FN:176,_fetchMyEvents
FN:187,getMyEvents
FN:218,deleteEvent
FN:222,(anonymous_8)
FN:234,createEvent
FN:272,(anonymous_10)
FN:295,updateEvent
FN:357,(anonymous_12)
FNF:13
FNH:11
FNDA:2,_getCurrentOrganizerData
FNDA:4,invalidateCaches
FNDA:2,_extractFilePath
FNDA:1,_deleteOldImage
FNDA:2,_uploadEventImage
FNDA:0,_fetchMyEvents
FNDA:0,getMyEvents
FNDA:1,deleteEvent
FNDA:1,(anonymous_8)
FNDA:2,createEvent
FNDA:1,(anonymous_10)
FNDA:2,updateEvent
FNDA:2,(anonymous_12)
DA:13,2
DA:14,2
DA:23,2
DA:24,2
DA:25,2
DA:27,2
DA:37,4
DA:38,4
DA:39,4
DA:40,4
DA:41,4
DA:43,4
DA:45,0
DA:52,2
DA:53,2
DA:55,2
DA:56,1
DA:60,1
DA:64,1
DA:65,1
DA:66,0
DA:69,0
DA:73,1
DA:74,0
DA:77,0
DA:80,1
DA:84,1
DA:86,1
DA:87,0
DA:92,1
DA:102,2
DA:103,0
DA:108,2
DA:109,2
DA:110,2
DA:112,2
DA:114,2
DA:115,2
DA:120,2
DA:129,2
DA:130,0
DA:132,0
DA:136,0
DA:140,0
DA:142,2
DA:143,0
DA:146,2
DA:149,2
DA:153,2
DA:154,0
DA:155,0
DA:158,2
DA:159,2
DA:161,0
DA:166,0
DA:177,0
DA:178,0
DA:179,0
DA:181,0
DA:188,0
DA:189,0
DA:190,0
DA:191,0
DA:192,0
DA:194,0
DA:197,0
DA:198,0
DA:200,0
DA:201,0
DA:202,0
DA:203,0
DA:207,0
DA:209,0
DA:212,0
DA:219,1
DA:220,1
DA:221,1
DA:222,1
DA:223,1
DA:226,1
DA:227,0
DA:229,1
DA:238,2
DA:239,2
DA:240,2
DA:241,2
DA:242,1
DA:245,1
DA:246,1
DA:248,1
DA:251,1
DA:252,1
DA:254,1
DA:271,1
DA:272,1
DA:273,1
DA:274,1
DA:275,1
DA:277,0
DA:279,1
DA:280,0
DA:282,1
DA:283,0
DA:286,1
DA:287,1
DA:288,1
DA:290,0
DA:302,2
DA:304,2
DA:305,2
DA:306,2
DA:307,0
DA:310,2
DA:311,2
DA:313,2
DA:314,1
DA:315,1
DA:317,1
DA:318,1
DA:321,1
DA:325,1
DA:326,1
DA:332,1
DA:333,1
DA:336,0
DA:343,0
DA:346,0
DA:351,2
DA:354,2
DA:355,2
DA:357,2
DA:358,2
DA:375,2
DA:376,0
DA:377,0
DA:379,2
DA:380,0
DA:381,0
DA:384,2
DA:385,2
DA:388,2
DA:389,2
DA:391,2
DA:392,2
DA:393,2
DA:397,2
DA:398,2
DA:400,0
DA:404,0
DA:409,2
LF:150
LH:100
BRDA:25,0,0,0
BRDA:25,0,1,2
BRDA:29,1,0,2
BRDA:29,1,1,0
BRDA:29,1,2,0
BRDA:30,2,0,2
BRDA:30,2,1,0
BRDA:31,3,0,2
BRDA:31,3,1,2
BRDA:39,4,0,4
BRDA:39,4,1,0
BRDA:55,5,0,1
BRDA:55,5,1,1
BRDA:65,6,0,0
BRDA:65,6,1,1
BRDA:73,7,0,0
BRDA:73,7,1,1
BRDA:86,8,0,0
BRDA:86,8,1,1
BRDA:102,9,0,0
BRDA:102,9,1,2
BRDA:102,10,0,2
BRDA:102,10,1,2
BRDA:102,10,2,2
BRDA:108,11,0,2
BRDA:108,11,1,0
BRDA:124,12,0,2
BRDA:124,12,1,0
BRDA:129,13,0,0
BRDA:129,13,1,2
BRDA:132,14,0,0
BRDA:132,14,1,0
BRDA:133,15,0,0
BRDA:133,15,1,0
BRDA:142,16,0,0
BRDA:142,16,1,2
BRDA:153,17,0,0
BRDA:153,17,1,2
BRDA:153,18,0,2
BRDA:153,18,1,2
BRDA:167,19,0,0
BRDA:167,19,1,0
BRDA:178,20,0,0
BRDA:178,20,1,0
BRDA:190,21,0,0
BRDA:190,21,1,0
BRDA:194,22,0,0
BRDA:194,22,1,0
BRDA:197,23,0,0
BRDA:197,23,1,0
BRDA:197,24,0,0
BRDA:197,24,1,0
BRDA:200,25,0,0
BRDA:200,25,1,0
BRDA:209,26,0,0
BRDA:209,26,1,0
BRDA:212,27,0,0
BRDA:212,27,1,0
BRDA:221,28,0,0
BRDA:221,28,1,1
BRDA:226,29,0,0
BRDA:226,29,1,1
BRDA:241,30,0,1
BRDA:241,30,1,1
BRDA:246,31,0,1
BRDA:246,31,1,0
BRDA:252,32,0,0
BRDA:252,32,1,1
BRDA:260,33,0,1
BRDA:260,33,1,1
BRDA:261,34,0,1
BRDA:261,34,1,0
BRDA:263,35,0,1
BRDA:263,35,1,0
BRDA:266,36,0,1
BRDA:266,36,1,0
BRDA:279,37,0,0
BRDA:279,37,1,1
BRDA:282,38,0,0
BRDA:282,38,1,1
BRDA:282,39,0,1
BRDA:282,39,1,1
BRDA:306,40,0,0
BRDA:306,40,1,2
BRDA:313,41,0,1
BRDA:313,41,1,1
BRDA:321,42,0,1
BRDA:321,42,1,1
BRDA:325,43,0,1
BRDA:325,43,1,0
BRDA:355,44,0,0
BRDA:355,44,1,2
BRDA:365,45,0,2
BRDA:365,45,1,2
BRDA:366,46,0,2
BRDA:366,46,1,0
BRDA:368,47,0,2
BRDA:368,47,1,0
BRDA:371,48,0,2
BRDA:371,48,1,0
BRDA:372,49,0,2
BRDA:372,49,1,2
BRDA:375,50,0,0
BRDA:375,50,1,2
BRDA:379,51,0,0
BRDA:379,51,1,2
BRDA:379,52,0,2
BRDA:379,52,1,2
BRDA:392,53,0,2
BRDA:392,53,1,0
BRDA:397,54,0,2
BRDA:397,54,1,2
BRF:112
BRH:58
end_of_record
TN:
SF:src/services/notificationService.ts
FN:40,(anonymous_0)
FN:62,(anonymous_1)
FN:83,(anonymous_2)
FN:221,(anonymous_3)
FN:233,(anonymous_4)
FN:247,(anonymous_5)
FN:262,(anonymous_6)
FN:264,(anonymous_7)
FN:277,(anonymous_8)
FN:280,(anonymous_9)
FNF:10
FNH:0
FNDA:0,(anonymous_0)
FNDA:0,(anonymous_1)
FNDA:0,(anonymous_2)
FNDA:0,(anonymous_3)
FNDA:0,(anonymous_4)
FNDA:0,(anonymous_5)
FNDA:0,(anonymous_6)
FNDA:0,(anonymous_7)
FNDA:0,(anonymous_8)
FNDA:0,(anonymous_9)
DA:35,1
DA:38,1
DA:41,0
DA:42,0
DA:43,0
DA:44,0
DA:46,0
DA:48,0
DA:49,0
DA:51,0
DA:52,0
DA:56,0
DA:57,0
DA:58,0
DA:64,0
DA:65,0
DA:66,0
DA:67,0
DA:69,0
DA:71,0
DA:74,0
DA:75,0
DA:78,0
DA:80,0
DA:84,0
DA:87,0
DA:89,0
DA:92,0
DA:93,0
DA:102,0
DA:104,0
DA:106,0
DA:108,0
DA:112,0
DA:117,0
DA:118,0
DA:119,0
DA:120,0
DA:123,0
DA:125,0
DA:129,0
DA:130,0
DA:133,0
DA:137,0
DA:138,0
DA:139,0
DA:140,0
DA:143,0
DA:144,0
DA:145,0
DA:146,0
DA:148,0
DA:149,0
DA:151,0
DA:153,0
DA:154,0
DA:159,0
DA:160,0
DA:161,0
DA:162,0
DA:163,0
DA:164,0
DA:165,0
DA:167,0
DA:168,0
DA:175,0
DA:177,0
DA:179,0
DA:180,0
DA:181,0
DA:182,0
DA:183,0
DA:188,0
DA:192,0
DA:196,0
DA:199,0
DA:200,0
DA:201,0
DA:202,0
DA:203,0
DA:206,0
DA:207,0
DA:212,0
DA:218,0
DA:222,0
DA:223,0
DA:225,0
DA:226,0
DA:228,0
DA:234,0
DA:235,0
DA:236,0
DA:238,0
DA:239,0
DA:240,0
DA:241,0
DA:243,0
DA:245,0
DA:246,0
DA:247,0
DA:248,0
DA:252,0
DA:253,0
DA:255,0
DA:258,0
DA:262,0
DA:263,0
DA:264,0
DA:265,0
DA:269,0
DA:270,0
DA:273,0
DA:278,0
DA:279,0
DA:280,0
DA:281,0
DA:286,0
DA:287,0
DA:289,0
DA:295,0
DA:300,1
LF:121
LH:3
BRDA:41,0,0,0
BRDA:41,0,1,0
BRDA:43,1,0,0
BRDA:43,1,1,0
BRDA:51,2,0,0
BRDA:51,2,1,0
BRDA:51,3,0,0
BRDA:51,3,1,0
BRDA:67,4,0,0
BRDA:67,4,1,0
BRDA:67,5,0,0
BRDA:67,5,1,0
BRDA:89,6,0,0
BRDA:89,6,1,0
BRDA:117,7,0,0
BRDA:117,7,1,0
BRDA:117,8,0,0
BRDA:117,8,1,0
BRDA:119,9,0,0
BRDA:119,9,1,0
BRDA:129,10,0,0
BRDA:129,10,1,0
BRDA:143,11,0,0
BRDA:143,11,1,0
BRDA:143,12,0,0
BRDA:143,12,1,0
BRDA:143,12,2,0
BRDA:159,13,0,0
BRDA:159,13,1,0
BRDA:175,14,0,0
BRDA:175,14,1,0
BRDA:177,15,0,0
BRDA:177,15,1,0
BRDA:179,16,0,0
BRDA:179,16,1,0
BRDA:179,17,0,0
BRDA:179,17,1,0
BRDA:196,18,0,0
BRDA:196,18,1,0
BRDA:199,19,0,0
BRDA:199,19,1,0
BRDA:201,20,0,0
BRDA:201,20,1,0
BRDA:206,21,0,0
BRDA:206,21,1,0
BRDA:222,22,0,0
BRDA:222,22,1,0
BRDA:234,23,0,0
BRDA:234,23,1,0
BRDA:240,24,0,0
BRDA:240,24,1,0
BRDA:245,25,0,0
BRDA:245,25,1,0
BRDA:252,26,0,0
BRDA:252,26,1,0
BRDA:269,27,0,0
BRDA:269,27,1,0
BRDA:278,28,0,0
BRDA:278,28,1,0
BRDA:286,29,0,0
BRDA:286,29,1,0
BRF:61
BRH:0
end_of_record
TN:
SF:src/services/storageService.ts
FN:13,(anonymous_0)
FN:28,(anonymous_1)
FN:41,(anonymous_2)
FN:50,(anonymous_3)
FNF:4
FNH:4
FNDA:3,(anonymous_0)
FNDA:2,(anonymous_1)
FNDA:1,(anonymous_2)
FNDA:2,(anonymous_3)
DA:7,8
DA:14,3
DA:15,3
DA:16,3
DA:18,1
DA:19,1
DA:29,2
DA:30,2
DA:31,2
DA:33,1
DA:42,1
DA:43,1
DA:45,0
DA:51,2
DA:52,2
DA:54,1
LF:16
LH:15
BRDA:16,0,0,2
BRDA:16,0,1,1
BRF:2
BRH:2
end_of_record
TN:
SF:src/services/ticketService.ts
FN:22,_fetchUserTickets
FN:26,(anonymous_1)
FN:41,_createTicketsRPC
FN:53,(anonymous_3)
FN:76,getTickets
FN:118,purchaseTickets
FNF:6
FNH:0
FNDA:0,_fetchUserTickets
FNDA:0,(anonymous_1)
FNDA:0,_createTicketsRPC
FNDA:0,(anonymous_3)
FNDA:0,getTickets
FNDA:0,purchaseTickets
DA:11,1
DA:23,0
DA:24,0
DA:26,0
DA:27,0
DA:31,0
DA:32,0
DA:33,0
DA:35,0
DA:50,0
DA:51,0
DA:53,0
DA:54,0
DA:65,0
DA:66,0
DA:67,0
DA:70,0
DA:77,0
DA:78,0
DA:80,0
DA:81,0
DA:84,0
DA:85,0
DA:86,0
DA:88,0
DA:89,0
DA:90,0
DA:93,0
DA:94,0
DA:95,0
DA:96,0
DA:97,0
DA:98,0
DA:100,0
DA:101,0
DA:105,0
DA:106,0
DA:107,0
DA:110,0
DA:111,0
DA:127,0
DA:128,0
DA:129,0
DA:130,0
DA:134,0
DA:137,0
DA:138,0
DA:139,0
DA:142,0
DA:143,0
DA:146,0
DA:149,1
LF:52
LH:2
BRDA:24,0,0,0
BRDA:24,0,1,0
BRDA:31,1,0,0
BRDA:31,1,1,0
BRDA:51,2,0,0
BRDA:51,2,1,0
BRDA:65,3,0,0
BRDA:65,3,1,0
BRDA:70,4,0,0
BRDA:70,4,1,0
BRDA:80,5,0,0
BRDA:80,5,1,0
BRDA:86,6,0,0
BRDA:86,6,1,0
BRDA:88,7,0,0
BRDA:88,7,1,0
BRDA:88,8,0,0
BRDA:88,8,1,0
BRDA:93,9,0,0
BRDA:93,9,1,0
BRDA:101,10,0,0
BRDA:101,10,1,0
BRDA:105,11,0,0
BRDA:105,11,1,0
BRDA:129,12,0,0
BRDA:129,12,1,0
BRDA:139,13,0,0
BRDA:139,13,1,0
BRF:28
BRH:0
end_of_record
TN:
SF:src/services/cache/eventCacheService.ts
FN:9,getDetailCache
FN:21,cacheEventDetails
FN:24,(anonymous_2)
FN:34,getCachedEventListIds
FN:45,cacheEventListIds
FN:54,hydrateEventsFromCache
FN:57,(anonymous_6)
FN:63,clearCachedEvents
FN:70,clearCachedEventDetails
FNF:9
FNH:0
FNDA:0,getDetailCache
FNDA:0,cacheEventDetails
FNDA:0,(anonymous_2)
FNDA:0,getCachedEventListIds
FNDA:0,cacheEventListIds
FNDA:0,hydrateEventsFromCache
FNDA:0,(anonymous_6)
FNDA:0,clearCachedEvents
FNDA:0,clearCachedEventDetails
DA:10,0
DA:22,0
DA:23,0
DA:24,0
DA:25,0
DA:27,0
DA:35,0
DA:46,0
DA:55,0
DA:57,0
DA:64,0
DA:71,0
LF:12
LH:0
BRDA:11,0,0,0
BRDA:11,0,1,0
BRDA:22,1,0,0
BRDA:22,1,1,0
BRDA:36,2,0,0
BRDA:36,2,1,0
BRF:6
BRH:0
end_of_record
TN:
SF:src/stores/auth-store.ts
FN:27,(anonymous_0)
FN:32,(anonymous_1)
FN:33,(anonymous_2)
FN:59,(anonymous_3)
FN:68,(anonymous_4)
FN:76,(anonymous_5)
FN:90,(anonymous_6)
FNF:7
FNH:5
FNDA:1,(anonymous_0)
FNDA:2,(anonymous_1)
FNDA:2,(anonymous_2)
FNDA:2,(anonymous_3)
FNDA:0,(anonymous_4)
FNDA:0,(anonymous_5)
FNDA:1,(anonymous_6)
DA:27,1
DA:33,2
DA:34,2
DA:37,2
DA:38,1
DA:40,1
DA:47,1
DA:48,1
DA:49,1
DA:53,2
DA:54,2
DA:59,2
DA:62,2
DA:63,1
DA:69,0
DA:73,0
DA:77,0
DA:86,0
DA:91,1
DA:92,1
DA:95,1
DA:96,1
DA:97,1
DA:98,1
DA:101,1
DA:102,1
DA:105,1
DA:106,1
DA:107,0
DA:112,1
DA:113,1
DA:118,1
LF:32
LH:27
BRDA:34,0,0,2
BRDA:34,0,1,1
BRDA:37,1,0,1
BRDA:37,1,1,1
BRDA:53,2,0,2
BRDA:53,2,1,0
BRDA:62,3,0,1
BRDA:62,3,1,1
BRDA:62,4,0,2
BRDA:62,4,1,2
BRDA:92,5,0,0
BRDA:92,5,1,1
BRDA:106,6,0,0
BRDA:106,6,1,1
BRF:14
BRH:11
end_of_record
TN:
SF:src/stores/event-store.ts
FN:50,(anonymous_0)
FN:57,(anonymous_1)
FN:67,(anonymous_2)
FN:87,(anonymous_3)
FN:103,(anonymous_4)
FN:104,(anonymous_5)
FN:113,(anonymous_6)
FN:126,(anonymous_7)
FN:151,(anonymous_8)
FN:171,(anonymous_9)
FN:172,(anonymous_10)
FN:200,(anonymous_11)
FN:201,(anonymous_12)
FN:217,(anonymous_13)
FN:219,(anonymous_14)
FN:235,(anonymous_15)
FN:239,(anonymous_16)
FN:240,(anonymous_17)
FN:249,(anonymous_18)
FN:250,(anonymous_19)
FN:251,(anonymous_20)
FN:260,(anonymous_21)
FN:261,(anonymous_22)
FN:262,(anonymous_23)
FN:286,(anonymous_24)
FN:289,(anonymous_25)
FNF:26
FNH:23
FNDA:2,(anonymous_0)
FNDA:2,(anonymous_1)
FNDA:2,(anonymous_2)
FNDA:3,(anonymous_3)
FNDA:1,(anonymous_4)
FNDA:1,(anonymous_5)
FNDA:3,(anonymous_6)
FNDA:2,(anonymous_7)
FNDA:1,(anonymous_8)
FNDA:1,(anonymous_9)
FNDA:1,(anonymous_10)
FNDA:1,(anonymous_11)
FNDA:1,(anonymous_12)
FNDA:0,(anonymous_13)
FNDA:0,(anonymous_14)
FNDA:0,(anonymous_15)
FNDA:2,(anonymous_16)
FNDA:2,(anonymous_17)
FNDA:1,(anonymous_18)
FNDA:1,(anonymous_19)
FNDA:1,(anonymous_20)
FNDA:1,(anonymous_21)
FNDA:1,(anonymous_22)
FNDA:1,(anonymous_23)
FNDA:43,(anonymous_24)
FNDA:36,(anonymous_25)
DA:10,3
DA:50,3
DA:57,2
DA:58,2
DA:59,2
DA:60,2
DA:62,0
DA:65,2
DA:66,2
DA:67,2
DA:70,2
DA:74,2
DA:75,2
DA:78,2
DA:87,3
DA:89,3
DA:104,1
DA:105,1
DA:107,1
DA:108,1
DA:111,1
DA:113,3
DA:114,1
DA:116,1
DA:127,2
DA:128,2
DA:131,2
DA:132,2
DA:133,1
DA:137,1
DA:142,1
DA:147,1
DA:151,1
DA:153,1
DA:159,1
DA:161,1
DA:172,1
DA:177,1
DA:179,1
DA:181,1
DA:182,1
DA:186,1
DA:189,1
DA:196,0
DA:201,1
DA:202,1
DA:205,1
DA:207,1
DA:219,0
DA:220,0
DA:223,0
DA:231,0
DA:236,0
DA:240,2
DA:241,2
DA:242,2
DA:243,1
DA:245,1
DA:250,1
DA:251,1
DA:261,1
DA:262,1
DA:266,1
DA:278,1
DA:286,3
DA:287,43
DA:288,22
DA:289,22
DA:290,36
DA:291,36
DA:295,22
DA:296,22
DA:299,22
DA:300,10
LF:74
LH:67
BRDA:58,0,0,2
BRDA:58,0,1,0
BRDA:67,1,0,2
BRDA:67,1,1,0
BRDA:70,2,0,2
BRDA:70,2,1,0
BRDA:74,3,0,2
BRDA:74,3,1,0
BRDA:128,4,0,0
BRDA:128,4,1,2
BRDA:128,5,0,2
BRDA:128,5,1,2
BRDA:132,6,0,1
BRDA:132,6,1,1
BRDA:181,7,0,1
BRDA:181,7,1,0
BRDA:182,8,0,1
BRDA:182,8,1,0
BRDA:242,9,0,1
BRDA:242,9,1,1
BRDA:270,10,0,0
BRDA:270,10,1,1
BRDA:273,11,0,1
BRDA:273,11,1,0
BRDA:273,11,2,0
BRDA:287,12,0,22
BRDA:287,12,1,21
BRDA:290,13,0,36
BRDA:290,13,1,0
BRDA:299,14,0,10
BRDA:299,14,1,12
BRF:31
BRH:20
end_of_record
TN:
SF:src/stores/favorites-store.ts
FN:23,(anonymous_0)
FN:31,(anonymous_1)
FN:41,(anonymous_2)
FN:42,(anonymous_3)
FN:52,(anonymous_4)
FN:57,(anonymous_5)
FN:58,(anonymous_6)
FN:65,(anonymous_7)
FN:92,(anonymous_8)
FNF:9
FNH:1
FNDA:1,(anonymous_0)
FNDA:0,(anonymous_1)
FNDA:0,(anonymous_2)
FNDA:0,(anonymous_3)
FNDA:0,(anonymous_4)
FNDA:0,(anonymous_5)
FNDA:0,(anonymous_6)
FNDA:0,(anonymous_7)
FNDA:0,(anonymous_8)
DA:9,1
DA:23,1
DA:32,0
DA:42,0
DA:43,0
DA:44,0
DA:53,0
DA:54,0
DA:57,0
DA:58,0
DA:60,0
DA:63,0
DA:65,0
DA:67,0
DA:68,0
DA:69,0
DA:71,0
DA:72,0
DA:75,0
DA:77,0
DA:79,0
DA:86,0
DA:89,0
DA:90,0
DA:92,0
DA:95,0
LF:26
LH:2
BRDA:57,0,0,0
BRDA:57,0,1,0
BRDA:58,1,0,0
BRDA:58,1,1,0
BRDA:63,2,0,0
BRDA:63,2,1,0
BRDA:71,3,0,0
BRDA:71,3,1,0
BRDA:71,4,0,0
BRDA:71,4,1,0
BRDA:71,4,2,0
BRF:11
BRH:0
end_of_record
TN:
SF:src/stores/my-event-store.ts
FN:30,(anonymous_0)
FN:36,(anonymous_1)
FN:40,(anonymous_2)
FN:41,(anonymous_3)
FN:47,(anonymous_4)
FN:50,(anonymous_5)
FN:71,(anonymous_6)
FN:78,(anonymous_7)
FN:101,(anonymous_8)
FN:111,(anonymous_9)
FN:124,(anonymous_10)
FNF:11
FNH:1
FNDA:1,(anonymous_0)
FNDA:0,(anonymous_1)
FNDA:0,(anonymous_2)
FNDA:0,(anonymous_3)
FNDA:0,(anonymous_4)
FNDA:0,(anonymous_5)
FNDA:0,(anonymous_6)
FNDA:0,(anonymous_7)
FNDA:0,(anonymous_8)
FNDA:0,(anonymous_9)
FNDA:0,(anonymous_10)
DA:30,1
DA:37,0
DA:41,0
DA:42,0
DA:43,0
DA:49,0
DA:50,0
DA:52,0
DA:54,0
DA:58,0
DA:60,0
DA:62,0
DA:63,0
DA:75,0
DA:76,0
DA:78,0
DA:79,0
DA:80,0
DA:83,0
DA:86,0
DA:89,0
DA:90,0
DA:94,0
DA:97,0
DA:108,0
DA:109,0
DA:111,0
DA:112,0
DA:119,0
DA:124,0
DA:125,0
DA:129,0
DA:131,0
DA:134,0
DA:135,0
DA:139,0
DA:142,0
LF:37
LH:1
BRDA:89,0,0,0
BRDA:89,0,1,0
BRDA:92,1,0,0
BRDA:92,1,1,0
BRDA:125,2,0,0
BRDA:125,2,1,0
BRDA:134,3,0,0
BRDA:134,3,1,0
BRDA:137,4,0,0
BRDA:137,4,1,0
BRF:10
BRH:0
end_of_record
TN:
SF:src/stores/network-store.ts
FN:16,(anonymous_0)
FN:21,(anonymous_1)
FN:23,(anonymous_2)
FN:27,(anonymous_3)
FN:28,(anonymous_4)
FN:40,(anonymous_5)
FNF:6
FNH:1
FNDA:6,(anonymous_0)
FNDA:0,(anonymous_1)
FNDA:0,(anonymous_2)
FNDA:0,(anonymous_3)
FNDA:0,(anonymous_4)
FNDA:0,(anonymous_5)
DA:14,6
DA:16,6
DA:21,0
DA:24,0
DA:28,0
DA:29,0
DA:33,0
DA:40,0
DA:41,0
DA:42,0
DA:44,0
DA:47,0
DA:48,0
DA:49,0
DA:50,0
DA:51,0
DA:52,0
DA:53,0
DA:55,0
DA:58,0
DA:59,0
DA:60,0
LF:22
LH:2
BRDA:30,0,0,0
BRDA:30,0,1,0
BRDA:34,1,0,0
BRDA:34,1,1,0
BRDA:42,2,0,0
BRDA:42,2,1,0
BRDA:47,3,0,0
BRDA:47,3,1,0
BRDA:47,4,0,0
BRDA:47,4,1,0
BRDA:50,5,0,0
BRDA:50,5,1,0
BRDA:58,6,0,0
BRDA:58,6,1,0
BRDA:58,7,0,0
BRDA:58,7,1,0
BRF:16
BRH:0
end_of_record
TN:
SF:src/stores/tickets-store.ts
FN:25,(anonymous_0)
FN:31,(anonymous_1)
FN:35,(anonymous_2)
FN:36,(anonymous_3)
FN:42,(anonymous_4)
FNF:5
FNH:1
FNDA:1,(anonymous_0)
FNDA:0,(anonymous_1)
FNDA:0,(anonymous_2)
FNDA:0,(anonymous_3)
FNDA:0,(anonymous_4)
DA:25,1
DA:32,0
DA:36,0
DA:37,0
DA:38,0
DA:45,0
DA:46,0
DA:49,0
DA:52,0
DA:54,0
DA:56,0
DA:59,0
DA:60,0
DA:62,0
DA:63,0
DA:65,0
DA:66,0
DA:68,0
DA:69,0
DA:73,0
DA:74,0
LF:21
LH:1
BRDA:59,0,0,0
BRDA:59,0,1,0
BRDA:62,1,0,0
BRDA:62,1,1,0
BRDA:65,2,0,0
BRDA:65,2,1,0
BRDA:68,3,0,0
BRDA:68,3,1,0
BRF:8
BRH:0
end_of_record
TN:
SF:src/utils/cache/cacheUtils.ts
FN:11,mergeAndDedupeEvents
FN:14,(anonymous_1)
FN:17,(anonymous_2)
FN:25,(anonymous_3)
FNF:4
FNH:4
FNDA:3,mergeAndDedupeEvents
FNDA:4,(anonymous_1)
FNDA:4,(anonymous_2)
FNDA:4,(anonymous_3)
DA:14,4
DA:17,3
DA:18,4
DA:22,3
DA:25,4
DA:27,3
LF:6
LH:6
BRF:0
BRH:0
end_of_record
TN:
SF:src/utils/cache/imageCache.ts
FN:3,(anonymous_0)
FN:15,(anonymous_1)
FN:16,(anonymous_2)
FNF:3
FNH:0
FNDA:0,(anonymous_0)
FNDA:0,(anonymous_1)
FNDA:0,(anonymous_2)
DA:3,4
DA:4,0
DA:6,0
DA:8,0
DA:9,0
DA:11,0
DA:15,4
DA:16,0
LF:8
LH:2
BRDA:4,0,0,0
BRDA:4,0,1,0
BRF:2
BRH:0
end_of_record
TN:
SF:src/utils/cache/searchCache.ts
FN:9,(anonymous_0)
FN:17,(anonymous_1)
FN:19,(anonymous_2)
FN:30,(anonymous_3)
FNF:4
FNH:4
FNDA:11,(anonymous_0)
FNDA:10,(anonymous_1)
FNDA:27,(anonymous_2)
FNDA:29,(anonymous_3)
DA:9,1
DA:11,11
DA:12,2
DA:15,9
DA:17,10
DA:19,9
DA:21,27
DA:30,29
LF:8
LH:8
BRDA:11,0,0,2
BRDA:11,0,1,9
BRDA:26,1,0,27
BRDA:26,1,1,0
BRF:4
BRH:3
end_of_record
TN:
SF:src/utils/cache/storageKeys.ts
FN:21,(anonymous_0)
FN:22,(anonymous_1)
FN:23,(anonymous_2)
FN:24,(anonymous_3)
FN:27,(anonymous_4)
FN:28,(anonymous_5)
FN:29,(anonymous_6)
FN:30,(anonymous_7)
FN:31,(anonymous_8)
FN:32,(anonymous_9)
FNF:10
FNH:2
FNDA:0,(anonymous_0)
FNDA:0,(anonymous_1)
FNDA:0,(anonymous_2)
FNDA:0,(anonymous_3)
FNDA:0,(anonymous_4)
FNDA:0,(anonymous_5)
FNDA:0,(anonymous_6)
FNDA:0,(anonymous_7)
FNDA:1,(anonymous_8)
FNDA:4,(anonymous_9)
DA:6,9
DA:7,9
DA:8,9
DA:9,9
DA:12,9
DA:13,9
DA:14,9
DA:15,9
DA:16,9
DA:17,9
DA:19,9
DA:21,0
DA:22,0
DA:23,0
DA:24,0
DA:27,0
DA:28,0
DA:29,0
DA:30,0
DA:31,1
DA:32,4
LF:21
LH:13
BRF:0
BRH:0
end_of_record
TN:
SF:src/utils/domain/eventDataHelper.ts
FN:11,combineDateTime
FN:41,parseTags
FN:44,(anonymous_2)
FNF:3
FNH:3
FNDA:7,combineDateTime
FNDA:7,parseTags
FNDA:15,(anonymous_2)
DA:12,7
DA:13,7
DA:14,1
DA:15,1
DA:17,6
DA:18,2
DA:19,2
DA:21,4
DA:24,4
DA:25,4
DA:26,4
DA:27,0
DA:29,4
DA:30,4
DA:32,0
DA:33,0
DA:42,7
DA:43,6
DA:44,15
LF:19
LH:16
BRDA:13,0,0,1
BRDA:13,0,1,6
BRDA:13,1,0,7
BRDA:13,1,1,6
BRDA:17,2,0,2
BRDA:17,2,1,4
BRDA:17,3,0,6
BRDA:17,3,1,5
BRDA:26,4,0,0
BRDA:26,4,1,4
BRDA:42,5,0,1
BRDA:42,5,1,6
BRF:12
BRH:11
end_of_record
TN:
SF:src/utils/domain/filterUtils.ts
FN:10,getFilteredLists
FN:28,(anonymous_1)
FN:29,(anonymous_2)
FN:44,filterEventsByDate
FN:49,(anonymous_4)
FN:59,(anonymous_5)
FN:68,filterTicketsByDate
FN:73,(anonymous_7)
FN:93,(anonymous_8)
FNF:9
FNH:9
FNDA:2,getFilteredLists
FNDA:2,(anonymous_1)
FNDA:1,(anonymous_2)
FNDA:1,filterEventsByDate
FNDA:4,(anonymous_4)
FNDA:4,(anonymous_5)
FNDA:1,filterTicketsByDate
FNDA:3,(anonymous_7)
FNDA:3,(anonymous_8)
DA:15,2
DA:16,2
DA:19,2
DA:20,7
DA:21,4
DA:23,3
DA:28,2
DA:29,2
DA:32,2
DA:49,1
DA:50,4
DA:51,4
DA:52,4
DA:54,0
DA:56,4
DA:59,4
DA:73,1
DA:74,3
DA:75,3
DA:76,3
DA:78,3
DA:80,0
DA:81,0
DA:85,0
DA:90,3
DA:93,3
LF:26
LH:22
BRDA:20,0,0,4
BRDA:20,0,1,3
BRDA:78,1,0,0
BRDA:78,1,1,3
BRF:4
BRH:3
end_of_record
TN:
SF:src/utils/formatters/dateFormatter.ts
FN:8,(anonymous_0)
FN:19,(anonymous_1)
FN:34,(anonymous_2)
FN:48,(anonymous_3)
FN:61,(anonymous_4)
FNF:5
FNH:5
FNDA:6,(anonymous_0)
FNDA:2,(anonymous_1)
FNDA:2,(anonymous_2)
FNDA:1,(anonymous_3)
FNDA:1,(anonymous_4)
DA:8,1
DA:9,6
DA:10,6
DA:12,6
DA:19,1
DA:20,2
DA:21,2
DA:22,1
DA:34,1
DA:35,2
DA:36,2
DA:37,1
DA:48,1
DA:49,1
DA:50,1
DA:51,1
DA:61,1
DA:62,1
DA:63,1
DA:64,1
LF:20
LH:20
BRDA:9,0,0,0
BRDA:9,0,1,6
BRDA:12,1,0,2
BRDA:12,1,1,4
BRDA:21,2,0,1
BRDA:21,2,1,1
BRDA:36,3,0,1
BRDA:36,3,1,1
BRDA:50,4,0,0
BRDA:50,4,1,1
BRDA:63,5,0,0
BRDA:63,5,1,1
BRF:12
BRH:9
end_of_record
TN:
SF:src/utils/mappers/eventMapper.ts
FN:7,(anonymous_0)
FNF:1
FNH:1
FNDA:8,(anonymous_0)
DA:7,6
DA:8,8
DA:9,2
DA:10,2
DA:14,6
DA:19,6
LF:6
LH:6
BRDA:8,0,0,2
BRDA:8,0,1,6
BRDA:8,1,0,8
BRDA:8,1,1,6
BRDA:14,2,0,6
BRDA:14,2,1,6
BRDA:14,2,2,5
BRDA:14,2,3,1
BRDA:29,3,0,5
BRDA:29,3,1,1
BRDA:32,4,0,5
BRDA:32,4,1,5
BRDA:33,5,0,5
BRDA:33,5,1,0
BRDA:34,6,0,5
BRDA:34,6,1,5
BRDA:43,7,0,6
BRDA:43,7,1,6
BRDA:43,7,2,0
BRDA:44,8,0,6
BRDA:44,8,1,0
BRDA:48,9,0,6
BRDA:48,9,1,6
BRF:23
BRH:20
end_of_record
TN:
SF:src/utils/mappers/ticketMapper.ts
FN:3,(anonymous_0)
FNF:1
FNH:1
FNDA:3,(anonymous_0)
DA:3,2
DA:4,3
DA:5,2
DA:6,2
DA:9,1
LF:5
LH:5
BRDA:4,0,0,2
BRDA:4,0,1,1
BRDA:4,1,0,3
BRDA:4,1,1,1
BRF:4
BRH:4
end_of_record
TN:
SF:src/utils/network/networkUtils.ts
FN:10,(anonymous_0)
FN:20,(anonymous_1)
FN:21,(anonymous_2)
FN:30,(anonymous_3)
FN:34,(anonymous_4)
FN:35,(anonymous_5)
FN:54,(anonymous_6)
FNF:7
FNH:0
FNDA:0,(anonymous_0)
FNDA:0,(anonymous_1)
FNDA:0,(anonymous_2)
FNDA:0,(anonymous_3)
FNDA:0,(anonymous_4)
FNDA:0,(anonymous_5)
FNDA:0,(anonymous_6)
DA:4,5
DA:5,5
DA:6,5
DA:11,0
DA:12,0
DA:20,5
DA:21,0
DA:30,5
DA:34,0
DA:35,0
DA:36,0
DA:37,0
DA:41,0
DA:54,5
DA:63,0
DA:64,0
DA:65,0
DA:67,0
DA:70,0
DA:72,0
DA:73,0
DA:74,0
DA:76,0
DA:77,0
DA:79,0
DA:80,0
DA:83,0
DA:84,0
DA:88,0
DA:89,0
DA:95,0
DA:97,0
DA:98,0
DA:102,0
LF:34
LH:6
BRDA:63,0,0,0
BRDA:63,0,1,0
BRDA:64,1,0,0
BRDA:64,1,1,0
BRDA:65,2,0,0
BRDA:65,2,1,0
BRDA:67,3,0,0
BRDA:67,3,1,0
BRDA:83,4,0,0
BRDA:83,4,1,0
BRDA:83,5,0,0
BRDA:83,5,1,0
BRDA:88,6,0,0
BRDA:88,6,1,0
BRDA:97,7,0,0
BRDA:97,7,1,0
BRF:16
BRH:0
end_of_record
TN:
SF:src/utils/network/notificationListener.ts
FN:7,(anonymous_0)
FN:16,(anonymous_1)
FN:42,(anonymous_2)
FN:48,(anonymous_3)
FNF:4
FNH:0
FNDA:0,(anonymous_0)
FNDA:0,(anonymous_1)
FNDA:0,(anonymous_2)
FNDA:0,(anonymous_3)
DA:7,1
DA:8,0
DA:9,0
DA:10,0
DA:16,1
DA:17,0
DA:19,0
DA:23,0
DA:28,0
DA:42,1
DA:43,0
DA:45,0
DA:48,0
DA:49,0
DA:51,0
DA:55,0
DA:60,0
LF:17
LH:3
BRDA:8,0,0,0
BRDA:8,0,1,0
BRDA:9,1,0,0
BRDA:9,1,1,0
BRDA:9,2,0,0
BRDA:9,2,1,0
BRDA:20,3,0,0
BRDA:20,3,1,0
BRDA:24,4,0,0
BRDA:24,4,1,0
BRDA:52,5,0,0
BRDA:52,5,1,0
BRDA:56,6,0,0
BRDA:56,6,1,0
BRF:14
BRH:0
end_of_record
TN:
SF:src/utils/system/diff.ts
FN:16,diffSets
FN:19,(anonymous_1)
FN:20,(anonymous_2)
FNF:3
FNH:0
FNDA:0,diffSets
FNDA:0,(anonymous_1)
FNDA:0,(anonymous_2)
DA:17,0
DA:19,0
DA:20,0
DA:22,0
LF:4
LH:0
BRF:0
BRH:0
end_of_record
TN:
SF:src/utils/system/sessionHelper.ts
FN:9,(anonymous_0)
FNF:1
FNH:0
FNDA:0,(anonymous_0)
DA:9,4
DA:10,0
DA:11,0
LF:3
LH:1
BRF:0
BRH:0
end_of_record
TN:
SF:src/utils/system/storeUtils.ts
FN:24,handleAsyncAction
FNF:1
FNH:1
FNDA:6,handleAsyncAction
DA:33,6
DA:34,0
DA:35,0
DA:40,6
DA:42,6
DA:43,6
DA:44,6
DA:46,0
DA:47,0
LF:9
LH:5
BRDA:33,0,0,0
BRDA:33,0,1,6
BRDA:33,1,0,6
BRDA:33,1,1,3
BRF:4
BRH:3
end_of_record
TN:
SF:src/utils/ui/iconLoader.ts
FN:7,(anonymous_0)
FNF:1
FNH:0
FNDA:0,(anonymous_0)
DA:7,0
DA:8,0
DA:10,0
DA:12,0
DA:14,0
DA:16,0
LF:6
LH:0
BRDA:8,0,0,0
BRDA:8,0,1,0
BRDA:8,0,2,0
BRDA:8,0,3,0
BRF:4
BRH:0
end_of_record
TN:
SF:src/utils/validations/eventValidation.ts
FN:13,(anonymous_0)
FN:66,(anonymous_1)
FNF:2
FNH:2
FNDA:8,(anonymous_0)
FNDA:2,(anonymous_1)
DA:13,1
DA:15,8
DA:16,8
DA:17,8
DA:19,8
DA:20,1
DA:22,8
DA:23,0
DA:25,8
DA:26,0
DA:29,8
DA:30,1
DA:33,8
DA:34,1
DA:36,8
DA:37,0
DA:40,8
DA:41,8
DA:42,1
DA:45,8
DA:46,8
DA:47,1
DA:50,8
DA:51,8
DA:52,1
DA:55,8
DA:56,8
DA:59,0
DA:61,0
DA:66,1
DA:67,2
LF:31
LH:26
BRDA:19,0,0,1
BRDA:19,0,1,7
BRDA:22,1,0,0
BRDA:22,1,1,8
BRDA:25,2,0,0
BRDA:25,2,1,8
BRDA:29,3,0,1
BRDA:29,3,1,7
BRDA:29,4,0,8
BRDA:29,4,1,8
BRDA:33,5,0,1
BRDA:33,5,1,7
BRDA:33,6,0,8
BRDA:33,6,1,8
BRDA:36,7,0,0
BRDA:36,7,1,8
BRDA:41,8,0,1
BRDA:41,8,1,7
BRDA:41,9,0,8
BRDA:41,9,1,8
BRDA:41,9,2,7
BRDA:46,10,0,1
BRDA:46,10,1,7
BRDA:46,11,0,8
BRDA:46,11,1,7
BRDA:46,11,2,7
BRDA:51,12,0,1
BRDA:51,12,1,7
BRDA:51,13,0,8
BRDA:51,13,1,8
BRDA:51,13,2,8
BRF:31
BRH:28
end_of_record
TN:
SF:src/utils/validations/permissions.ts
FN:19,(anonymous_0)
FN:54,(anonymous_1)
FNF:2
FNH:2
FNDA:1,(anonymous_0)
FNDA:6,(anonymous_1)
DA:11,2
DA:15,2
DA:19,2
DA:20,1
DA:21,1
DA:22,1
DA:24,1
DA:25,1
DA:27,0
DA:28,0
DA:29,0
DA:31,0
DA:32,0
DA:37,0
DA:39,0
DA:40,0
DA:42,0
DA:43,0
DA:44,0
DA:47,0
DA:48,0
DA:49,0
DA:54,2
DA:55,6
DA:57,6
DA:58,4
DA:59,2
DA:61,2
DA:62,2
DA:63,1
DA:65,1
DA:69,6
DA:70,0
DA:71,0
DA:75,6
DA:76,6
DA:77,6
DA:78,4
DA:80,2
DA:81,1
DA:83,1
DA:84,1
DA:89,1
DA:91,0
DA:92,0
DA:93,0
DA:97,0
DA:98,0
DA:99,0
DA:101,0
LF:50
LH:27
BRDA:22,0,0,1
BRDA:22,0,1,0
BRDA:22,0,2,0
BRDA:22,0,3,0
BRDA:22,0,4,0
BRDA:57,1,0,4
BRDA:57,1,1,2
BRDA:59,2,0,2
BRDA:59,2,1,0
BRDA:62,3,0,1
BRDA:62,3,1,1
BRDA:62,4,0,2
BRDA:62,4,1,2
BRDA:69,5,0,0
BRDA:69,5,1,6
BRDA:77,6,0,4
BRDA:77,6,1,2
BRDA:77,7,0,6
BRDA:77,7,1,3
BRDA:80,8,0,1
BRDA:80,8,1,1
BRDA:83,9,0,1
BRDA:83,9,1,0
BRDA:91,10,0,0
BRDA:91,10,1,0
BRF:25
BRH:16
end_of_record
TN:
SF:src/utils/validations/validation.ts
FN:9,isEmail
FN:19,isRequired
FN:28,minLength
FN:37,passwordsMatch
FN:47,validateFileType
FN:61,validateFileSize
FN:74,hasBase64Data
FNF:7
FNH:7
FNDA:4,isEmail
FNDA:61,isRequired
FNDA:3,minLength
FNDA:2,passwordsMatch
FNDA:3,validateFileType
FNDA:3,validateFileSize
FNDA:4,hasBase64Data
DA:11,4
DA:12,4
DA:20,61
DA:29,3
DA:38,2
DA:51,3
DA:52,2
DA:65,3
DA:66,3
DA:75,4
LF:10
LH:10
BRDA:20,0,0,61
BRDA:20,0,1,59
BRDA:51,1,0,1
BRDA:51,1,1,2
BRDA:65,2,0,0
BRDA:65,2,1,3
BRF:6
BRH:5
end_of_record
